<?xml version="1.0" encoding="UTF-8"?>
<testsuite xmlns:xsi="http://www.w3.org/2001/XMLSchema-instance" xsi:noNamespaceSchemaLocation="https://maven.apache.org/surefire/maven-surefire-plugin/xsd/surefire-test-report.xsd" name="TestSuite" time="40.721" tests="3" errors="0" skipped="0" failures="1">
  <properties>
    <property name="java.vendor" value="Oracle Corporation"/>
    <property name="JOB_NAME" value="Banking_SelHybridFwk_V1_Maven"/>
    <property name="PWD" value="/var/lib/jenkins"/>
    <property name="sun.java.launcher" value="SUN_STANDARD"/>
    <property name="sun.management.compiler" value="HotSpot 64-Bit Tiered Compilers"/>
    <property name="JENKINS_HOME" value="/var/lib/jenkins"/>
    <property name="PATH" value="/usr/lib/jvm/jdk1.8.0_241/bin:/usr/local/sbin:/usr/local/bin:/usr/sbin:/usr/bin:/sbin:/bin:/usr/games:/usr/local/games:/snap/bin:/var/lib/jenkins/bin:/usr/lib/jvm/jdk1.8.241/bin"/>
    <property name="HUDSON_SERVER_COOKIE" value="4696d65594d2b8e4"/>
    <property name="os.name" value="Linux"/>
    <property name="sun.boot.class.path" value="/usr/lib/jvm/jdk1.8.0_241/jre/lib/resources.jar:/usr/lib/jvm/jdk1.8.0_241/jre/lib/rt.jar:/usr/lib/jvm/jdk1.8.0_241/jre/lib/sunrsasign.jar:/usr/lib/jvm/jdk1.8.0_241/jre/lib/jsse.jar:/usr/lib/jvm/jdk1.8.0_241/jre/lib/jce.jar:/usr/lib/jvm/jdk1.8.0_241/jre/lib/charsets.jar:/usr/lib/jvm/jdk1.8.0_241/jre/lib/jfr.jar:/usr/lib/jvm/jdk1.8.0_241/jre/classes"/>
    <property name="EXECUTOR_NUMBER" value="0"/>
    <property name="XDG_DATA_DIRS" value="/usr/local/share:/usr/share:/var/lib/snapd/desktop"/>
    <property name="java.vm.specification.vendor" value="Oracle Corporation"/>
    <property name="XDG_RUNTIME_DIR" value="/run/user/122"/>
    <property name="NODE_LABELS" value="master"/>
    <property name="java.runtime.version" value="1.8.0_241-b07"/>
    <property name="user.name" value="jenkins"/>
    <property name="guice.disable.misplaced.annotation.check" value="true"/>
    <property name="user.language" value="en"/>
    <property name="JOB_BASE_NAME" value="Banking_SelHybridFwk_V1_Maven"/>
    <property name="RUN_CHANGES_DISPLAY_URL" value="http://localhost:8080/job/Banking_SelHybridFwk_V1_Maven/2/display/redirect?page=changes"/>
    <property name="BUILD_DISPLAY_NAME" value="#2"/>
    <property name="sun.boot.library.path" value="/usr/lib/jvm/jdk1.8.0_241/jre/lib/amd64"/>
    <property name="DISPLAY" value=":0"/>
    <property name="java.version" value="1.8.0_241"/>
    <property name="user.timezone" value="Asia/Kolkata"/>
    <property name="sun.arch.data.model" value="64"/>
    <property name="NODE_NAME" value="master"/>
    <property name="java.endorsed.dirs" value="/usr/lib/jvm/jdk1.8.0_241/jre/lib/endorsed"/>
    <property name="BUILD_ID" value="2"/>
    <property name="sun.cpu.isalist" value=""/>
    <property name="sun.jnu.encoding" value="UTF-8"/>
    <property name="file.encoding.pkg" value="sun.io"/>
    <property name="SHELL" value="/bin/bash"/>
    <property name="file.separator" value="/"/>
    <property name="java.specification.name" value="Java Platform API Specification"/>
    <property name="java.class.version" value="52.0"/>
    <property name="org.slf4j.simpleLogger.defaultLogLevel" value="info"/>
    <property name="user.country" value="IN"/>
    <property name="securerandom.source" value="file:/dev/./urandom"/>
    <property name="java.home" value="/usr/lib/jvm/jdk1.8.0_241/jre"/>
    <property name="java.vm.info" value="mixed mode"/>
    <property name="os.version" value="5.3.0-59-generic"/>
    <property name="RUN_DISPLAY_URL" value="http://localhost:8080/job/Banking_SelHybridFwk_V1_Maven/2/display/redirect"/>
    <property name="sun.font.fontmanager" value="sun.awt.X11FontManager"/>
    <property name="path.separator" value=":"/>
    <property name="java.vm.version" value="25.241-b07"/>
    <property name="JOB_DISPLAY_URL" value="http://localhost:8080/job/Banking_SelHybridFwk_V1_Maven/display/redirect"/>
    <property name="SHLVL" value="1"/>
    <property name="_" value="/usr/bin/daemon"/>
    <property name="java.awt.printerjob" value="sun.print.PSPrinterJob"/>
    <property name="JAVA_HOME" value="/usr/lib/jvm/jdk1.8.0_241"/>
    <property name="sun.io.unicode.encoding" value="UnicodeLittle"/>
    <property name="awt.toolkit" value="sun.awt.X11.XToolkit"/>
    <property name="LOGNAME" value="jenkins"/>
    <property name="HOME" value="/var/lib/jenkins"/>
    <property name="user.home" value="/var/lib/jenkins"/>
    <property name="BUILD_TAG" value="jenkins-Banking_SelHybridFwk_V1_Maven-2"/>
    <property name="JENKINS_SERVER_COOKIE" value="4696d65594d2b8e4"/>
    <property name="HUDSON_URL" value="http://localhost:8080/"/>
    <property name="DBUS_SESSION_BUS_ADDRESS" value="unix:path=/run/user/122/bus"/>
    <property name="java.specification.vendor" value="Oracle Corporation"/>
    <property name="XDG_SESSION_ID" value="c2"/>
    <property name="CLASSPATH" value=""/>
    <property name="java.library.path" value="/usr/java/packages/lib/amd64:/usr/lib64:/lib64:/lib:/usr/lib"/>
    <property name="java.vendor.url" value="http://java.oracle.com/"/>
    <property name="java.vm.vendor" value="Oracle Corporation"/>
    <property name="maven.home" value="/var/lib/jenkins/tools/hudson.tasks.Maven_MavenInstallation/MAVEN_3.2.5"/>
    <property name="java.runtime.name" value="Java(TM) SE Runtime Environment"/>
    <property name="sun.java.command" value="jenkins.maven3.agent.Maven32Main /var/lib/jenkins/tools/hudson.tasks.Maven_MavenInstallation/MAVEN_3.2.5 /var/cache/jenkins/war/WEB-INF/lib/remoting-4.3.jar /var/lib/jenkins/plugins/maven-plugin/WEB-INF/lib/maven32-interceptor-1.13.jar /var/lib/jenkins/plugins/maven-plugin/WEB-INF/lib/maven3-interceptor-commons-1.13.jar 44653"/>
    <property name="java.class.path" value="/var/lib/jenkins/plugins/maven-plugin/WEB-INF/lib/maven32-agent-1.13.jar:/var/lib/jenkins/tools/hudson.tasks.Maven_MavenInstallation/MAVEN_3.2.5/boot/plexus-classworlds-2.5.2.jar:/var/lib/jenkins/tools/hudson.tasks.Maven_MavenInstallation/MAVEN_3.2.5/conf/logging"/>
    <property name="java.vm.specification.name" value="Java Virtual Machine Specification"/>
    <property name="PATH+JDK" value="/usr/lib/jvm/jdk1.8.0_241/bin"/>
    <property name="java.vm.specification.version" value="1.8"/>
    <property name="sun.os.patch.level" value="unknown"/>
    <property name="sun.cpu.endian" value="little"/>
    <property name="M2_HOME" value="/var/lib/jenkins/tools/hudson.tasks.Maven_MavenInstallation/MAVEN_3.2.5"/>
    <property name="MAIL" value="/var/mail/jenkins"/>
    <property name="java.io.tmpdir" value="/tmp"/>
    <property name="HUDSON_HOME" value="/var/lib/jenkins"/>
    <property name="PATH+MAVEN" value="/var/lib/jenkins/tools/hudson.tasks.Maven_MavenInstallation/MAVEN_3.2.5/bin"/>
    <property name="BUILD_URL" value="http://localhost:8080/job/Banking_SelHybridFwk_V1_Maven/2/"/>
    <property name="java.vendor.url.bug" value="http://bugreport.sun.com/bugreport/"/>
    <property name="java.awt.graphicsenv" value="sun.awt.X11GraphicsEnvironment"/>
    <property name="os.arch" value="amd64"/>
    <property name="java.ext.dirs" value="/usr/lib/jvm/jdk1.8.0_241/jre/lib/ext:/usr/java/packages/lib/ext"/>
    <property name="user.dir" value="/home/summi/Desktop/Summi/GitP/Banking_SelHybridFwk"/>
    <property name="JOB_URL" value="http://localhost:8080/job/Banking_SelHybridFwk_V1_Maven/"/>
    <property name="line.separator" value="&#10;"/>
    <property name="MAVEN_HOME" value="/var/lib/jenkins/tools/hudson.tasks.Maven_MavenInstallation/MAVEN_3.2.5"/>
    <property name="java.vm.name" value="Java HotSpot(TM) 64-Bit Server VM"/>
    <property name="BUILD_NUMBER" value="2"/>
    <property name="JENKINS_URL" value="http://localhost:8080/"/>
    <property name="file.encoding" value="UTF-8"/>
    <property name="LANG" value="en_IN"/>
    <property name="maven3.interceptor" value="/var/lib/jenkins/plugins/maven-plugin/WEB-INF/lib/maven32-interceptor-1.13.jar"/>
    <property name="WORKSPACE_TMP" value="/var/lib/jenkins/workspace/Banking_SelHybridFwk_V1_Maven@tmp"/>
    <property name="WORKSPACE" value="/var/lib/jenkins/workspace/Banking_SelHybridFwk_V1_Maven"/>
    <property name="maven3.interceptor.common" value="/var/lib/jenkins/plugins/maven-plugin/WEB-INF/lib/maven3-interceptor-commons-1.13.jar"/>
    <property name="java.specification.version" value="1.8"/>
    <property name="LANGUAGE" value="en_IN:en"/>
    <property name="USER" value="jenkins"/>
  </properties>
  <testcase name="logintest" classname="com.banking.testcase.TC_LoginTest_001" time="2.979"/>
  <testcase name="verify" classname="com.banking.testcase.TC_LoginTest_001" time="3.026"/>
  <testcase name="addnewcustomer" classname="com.banking.testcase.TC_AddCustomerTest_003" time="23.561">
    <failure message="element click intercepted: Element &lt;input type=&quot;submit&quot; value=&quot;Submit&quot; name=&quot;sub&quot;&gt; is not clickable at point (281, 586). Other element would receive the click: &lt;iframe id=&quot;primis_playerSekindoSPlayer5ef5cfaf6b230&quot; title=&quot;Primis Player Videos&quot; scrolling=&quot;no&quot; allowfullscreen=&quot;&quot; style=&quot;border: none; position: fixed; bottom: 10px; width: 315px; height: 177px; box-shadow: rgba(0, 0, 0, 0.4) 1px 1px 6px 3px; border-radius: 1px; z-index: 2147483646; left: 10px;&quot;&gt;&lt;/iframe&gt;&#10;  (Session info: headless chrome=83.0.4103.116)&#10;Build info: version: &apos;3.141.59&apos;, revision: &apos;e82be7d358&apos;, time: &apos;2018-11-14T08:17:03&apos;&#10;System info: host: &apos;summi-ideapad&apos;, ip: &apos;127.0.1.1&apos;, os.name: &apos;Linux&apos;, os.arch: &apos;amd64&apos;, os.version: &apos;5.3.0-59-generic&apos;, java.version: &apos;1.8.0_241&apos;&#10;Driver info: org.openqa.selenium.chrome.ChromeDriver&#10;Capabilities {acceptInsecureCerts: false, browserName: chrome, browserVersion: 83.0.4103.116, chrome: {chromedriverVersion: 83.0.4103.39 (ccbf011cb2d2b..., userDataDir: /tmp/.com.google.Chrome.WTd9MO}, goog:chromeOptions: {debuggerAddress: localhost:9222}, javascriptEnabled: true, networkConnectionEnabled: false, pageLoadStrategy: normal, platform: LINUX, platformName: LINUX, proxy: Proxy(), setWindowRect: true, strictFileInteractability: false, timeouts: {implicit: 0, pageLoad: 300000, script: 30000}, unhandledPromptBehavior: dismiss and notify, webauthn:virtualAuthenticators: true}&#10;Session ID: 93b2d443a4f209f8ab0962c61d3b478a" type="org.openqa.selenium.ElementClickInterceptedException"><![CDATA[org.openqa.selenium.ElementClickInterceptedException: 
element click intercepted: Element <input type="submit" value="Submit" name="sub"> is not clickable at point (281, 586). Other element would receive the click: <iframe id="primis_playerSekindoSPlayer5ef5cfaf6b230" title="Primis Player Videos" scrolling="no" allowfullscreen="" style="border: none; position: fixed; bottom: 10px; width: 315px; height: 177px; box-shadow: rgba(0, 0, 0, 0.4) 1px 1px 6px 3px; border-radius: 1px; z-index: 2147483646; left: 10px;"></iframe>
  (Session info: headless chrome=83.0.4103.116)
Build info: version: '3.141.59', revision: 'e82be7d358', time: '2018-11-14T08:17:03'
System info: host: 'summi-ideapad', ip: '127.0.1.1', os.name: 'Linux', os.arch: 'amd64', os.version: '5.3.0-59-generic', java.version: '1.8.0_241'
Driver info: org.openqa.selenium.chrome.ChromeDriver
Capabilities {acceptInsecureCerts: false, browserName: chrome, browserVersion: 83.0.4103.116, chrome: {chromedriverVersion: 83.0.4103.39 (ccbf011cb2d2b..., userDataDir: /tmp/.com.google.Chrome.WTd9MO}, goog:chromeOptions: {debuggerAddress: localhost:9222}, javascriptEnabled: true, networkConnectionEnabled: false, pageLoadStrategy: normal, platform: LINUX, platformName: LINUX, proxy: Proxy(), setWindowRect: true, strictFileInteractability: false, timeouts: {implicit: 0, pageLoad: 300000, script: 30000}, unhandledPromptBehavior: dismiss and notify, webauthn:virtualAuthenticators: true}
Session ID: 93b2d443a4f209f8ab0962c61d3b478a
	at com.banking.testcase.TC_AddCustomerTest_003.addnewcustomer(TC_AddCustomerTest_003.java:48)
]]></failure>
    <system-out><![CDATA[ INFO [pool-1-thread-1] (TC_AddCustomerTest_003.java:16)- Username entered
 INFO [pool-1-thread-1] (TC_AddCustomerTest_003.java:18)- Password entered
 INFO [pool-1-thread-1] (TC_AddCustomerTest_003.java:20)- Login
 INFO [pool-1-thread-1] (TC_AddCustomerTest_003.java:26)- Providing customer details
OnFailure
Taking screenshot
Test 'addnewcustomer' FAILED
]]></system-out>
    <system-err><![CDATA[Starting ChromeDriver 83.0.4103.39 (ccbf011cb2d2b19b506d844400483861342c20cd-refs/branch-heads/4103@{#416}) on port 5670
Only local connections are allowed.
Please see https://chromedriver.chromium.org/security-considerations for suggestions on keeping ChromeDriver safe.
ChromeDriver was started successfully.
Jun 26, 2020 4:06:19 PM org.openqa.selenium.remote.ProtocolHandshake createSession
INFO: Detected dialect: W3C
No protocol specified
No protocol specified
No protocol specified
No protocol specified
No protocol specified
No protocol specified
No protocol specified
No protocol specified
No protocol specified
No protocol specified
No protocol specified
No protocol specified
No protocol specified
No protocol specified
No protocol specified
No protocol specified
No protocol specified
No protocol specified
No protocol specified
No protocol specified
No protocol specified
No protocol specified
No protocol specified
No protocol specified
No protocol specified
No protocol specified
No protocol specified
No protocol specified
No protocol specified
No protocol specified
No protocol specified
No protocol specified
No protocol specified
No protocol specified
No protocol specified
No protocol specified
No protocol specified
No protocol specified
No protocol specified
No protocol specified
No protocol specified
No protocol specified
No protocol specified
No protocol specified
No protocol specified
No protocol specified
No protocol specified
No protocol specified
No protocol specified
No protocol specified
No protocol specified
No protocol specified
No protocol specified
No protocol specified
No protocol specified
No protocol specified
No protocol specified
No protocol specified
No protocol specified
No protocol specified
No protocol specified
No protocol specified
No protocol specified
No protocol specified
No protocol specified
No protocol specified
No protocol specified
No protocol specified
No protocol specified
No protocol specified
No protocol specified
No protocol specified
No protocol specified
No protocol specified
No protocol specified
No protocol specified
No protocol specified
No protocol specified
No protocol specified
No protocol specified
No protocol specified
No protocol specified
No protocol specified
No protocol specified
No protocol specified
No protocol specified
No protocol specified
No protocol specified
No protocol specified
No protocol specified
No protocol specified
No protocol specified
No protocol specified
No protocol specified
No protocol specified
No protocol specified
No protocol specified
No protocol specified
No protocol specified
No protocol specified
No protocol specified
No protocol specified
No protocol specified
No protocol specified
No protocol specified
No protocol specified
No protocol specified
No protocol specified
No protocol specified
No protocol specified
No protocol specified
No protocol specified
No protocol specified
No protocol specified
No protocol specified
No protocol specified
No protocol specified
No protocol specified
No protocol specified
No protocol specified
No protocol specified
No protocol specified
No protocol specified
No protocol specified
No protocol specified
No protocol specified
No protocol specified
No protocol specified
No protocol specified
No protocol specified
No protocol specified
No protocol specified
No protocol specified
No protocol specified
No protocol specified
No protocol specified
No protocol specified
No protocol specified
No protocol specified
No protocol specified
No protocol specified
No protocol specified
No protocol specified
No protocol specified
No protocol specified
No protocol specified
No protocol specified
No protocol specified
No protocol specified
No protocol specified
No protocol specified
No protocol specified
No protocol specified
No protocol specified
No protocol specified
No protocol specified
No protocol specified
No protocol specified
No protocol specified
No protocol specified
No protocol specified
No protocol specified
No protocol specified
No protocol specified
No protocol specified
No protocol specified
No protocol specified
No protocol specified
No protocol specified
No protocol specified
No protocol specified
No protocol specified
No protocol specified
No protocol specified
No protocol specified
No protocol specified
No protocol specified
No protocol specified
No protocol specified
No protocol specified
No protocol specified
No protocol specified
No protocol specified
No protocol specified
No protocol specified
No protocol specified
No protocol specified
No protocol specified
No protocol specified
No protocol specified
No protocol specified
No protocol specified
No protocol specified
No protocol specified
No protocol specified
No protocol specified
No protocol specified
No protocol specified
No protocol specified
No protocol specified
No protocol specified
No protocol specified
No protocol specified
No protocol specified
No protocol specified
No protocol specified
No protocol specified
No protocol specified
No protocol specified
No protocol specified
No protocol specified
No protocol specified
No protocol specified
No protocol specified
No protocol specified
No protocol specified
No protocol specified
No protocol specified
No protocol specified
No protocol specified
No protocol specified
No protocol specified
No protocol specified
No protocol specified
No protocol specified
No protocol specified
No protocol specified
No protocol specified
No protocol specified
No protocol specified
No protocol specified
No protocol specified
No protocol specified
No protocol specified
No protocol specified
No protocol specified
No protocol specified
No protocol specified
No protocol specified
No protocol specified
No protocol specified
No protocol specified
No protocol specified
No protocol specified
No protocol specified
No protocol specified
No protocol specified
No protocol specified
No protocol specified
No protocol specified
No protocol specified
No protocol specified
No protocol specified
No protocol specified
No protocol specified
No protocol specified
No protocol specified
No protocol specified
No protocol specified
No protocol specified
No protocol specified
No protocol specified
No protocol specified
No protocol specified
No protocol specified
No protocol specified
No protocol specified
No protocol specified
No protocol specified
No protocol specified
No protocol specified
No protocol specified
No protocol specified
No protocol specified
No protocol specified
No protocol specified
No protocol specified
No protocol specified
No protocol specified
No protocol specified
No protocol specified
No protocol specified
No protocol specified
No protocol specified
No protocol specified
No protocol specified
No protocol specified
No protocol specified
No protocol specified
No protocol specified
No protocol specified
No protocol specified
No protocol specified
No protocol specified
No protocol specified
No protocol specified
No protocol specified
No protocol specified
No protocol specified
No protocol specified
No protocol specified
No protocol specified
No protocol specified
No protocol specified
No protocol specified
No protocol specified
No protocol specified
No protocol specified
No protocol specified
No protocol specified
No protocol specified
No protocol specified
No protocol specified
No protocol specified
No protocol specified
No protocol specified
No protocol specified
No protocol specified
No protocol specified
No protocol specified
No protocol specified
No protocol specified
No protocol specified
No protocol specified
No protocol specified
No protocol specified
No protocol specified
No protocol specified
No protocol specified
No protocol specified
No protocol specified
No protocol specified
No protocol specified
No protocol specified
No protocol specified
No protocol specified
No protocol specified
No protocol specified
No protocol specified
No protocol specified
No protocol specified
No protocol specified
No protocol specified
No protocol specified
No protocol specified
No protocol specified
No protocol specified
No protocol specified
No protocol specified
No protocol specified
No protocol specified
No protocol specified
No protocol specified
No protocol specified
No protocol specified
No protocol specified
No protocol specified
No protocol specified
No protocol specified
No protocol specified
No protocol specified
No protocol specified
No protocol specified
No protocol specified
No protocol specified
No protocol specified
No protocol specified
No protocol specified
No protocol specified
No protocol specified
No protocol specified
No protocol specified
No protocol specified
No protocol specified
No protocol specified
No protocol specified
No protocol specified
No protocol specified
No protocol specified
No protocol specified
No protocol specified
No protocol specified
No protocol specified
No protocol specified
No protocol specified
No protocol specified
No protocol specified
No protocol specified
No protocol specified
No protocol specified
No protocol specified
No protocol specified
No protocol specified
No protocol specified
No protocol specified
No protocol specified
No protocol specified
No protocol specified
No protocol specified
No protocol specified
No protocol specified
No protocol specified
No protocol specified
No protocol specified
No protocol specified
No protocol specified
No protocol specified
No protocol specified
No protocol specified
No protocol specified
No protocol specified
No protocol specified
No protocol specified
No protocol specified
No protocol specified
No protocol specified
No protocol specified
No protocol specified
No protocol specified
No protocol specified
No protocol specified
No protocol specified
No protocol specified
No protocol specified
No protocol specified
No protocol specified
No protocol specified
No protocol specified
No protocol specified
No protocol specified
No protocol specified
No protocol specified
No protocol specified
No protocol specified
No protocol specified
No protocol specified
No protocol specified
No protocol specified
No protocol specified
No protocol specified
No protocol specified
No protocol specified
No protocol specified
No protocol specified
No protocol specified
No protocol specified
No protocol specified
No protocol specified
No protocol specified
No protocol specified
No protocol specified
No protocol specified
No protocol specified
No protocol specified
No protocol specified
No protocol specified
No protocol specified
No protocol specified
No protocol specified
No protocol specified
No protocol specified
No protocol specified
No protocol specified
No protocol specified
No protocol specified
No protocol specified
No protocol specified
No protocol specified
No protocol specified
No protocol specified
No protocol specified
No protocol specified
No protocol specified
No protocol specified
No protocol specified
No protocol specified
No protocol specified
No protocol specified
No protocol specified
No protocol specified
No protocol specified
No protocol specified
No protocol specified
No protocol specified
No protocol specified
No protocol specified
No protocol specified
No protocol specified
No protocol specified
No protocol specified
No protocol specified
No protocol specified
No protocol specified
No protocol specified
No protocol specified
No protocol specified
No protocol specified
No protocol specified
No protocol specified
No protocol specified
No protocol specified
No protocol specified
No protocol specified
No protocol specified
No protocol specified
No protocol specified
No protocol specified
No protocol specified
No protocol specified
No protocol specified
No protocol specified
No protocol specified
No protocol specified
No protocol specified
No protocol specified
No protocol specified
No protocol specified
No protocol specified
No protocol specified
No protocol specified
No protocol specified
No protocol specified
No protocol specified
No protocol specified
No protocol specified
No protocol specified
No protocol specified
No protocol specified
No protocol specified
No protocol specified
No protocol specified
No protocol specified
No protocol specified
No protocol specified
No protocol specified
No protocol specified
No protocol specified
No protocol specified
No protocol specified
No protocol specified
No protocol specified
No protocol specified
No protocol specified
No protocol specified
No protocol specified
No protocol specified
No protocol specified
No protocol specified
No protocol specified
No protocol specified
No protocol specified
No protocol specified
No protocol specified
No protocol specified
No protocol specified
No protocol specified
No protocol specified
No protocol specified
No protocol specified
No protocol specified
No protocol specified
No protocol specified
No protocol specified
No protocol specified
No protocol specified
No protocol specified
No protocol specified
No protocol specified
No protocol specified
No protocol specified
No protocol specified
No protocol specified
No protocol specified
No protocol specified
No protocol specified
No protocol specified
No protocol specified
No protocol specified
No protocol specified
No protocol specified
No protocol specified
No protocol specified
No protocol specified
No protocol specified
No protocol specified
No protocol specified
No protocol specified
No protocol specified
No protocol specified
No protocol specified
No protocol specified
No protocol specified
No protocol specified
No protocol specified
No protocol specified
No protocol specified
No protocol specified
No protocol specified
No protocol specified
No protocol specified
No protocol specified
No protocol specified
No protocol specified
No protocol specified
No protocol specified
No protocol specified
No protocol specified
No protocol specified
No protocol specified
No protocol specified
No protocol specified
No protocol specified
No protocol specified
No protocol specified
No protocol specified
No protocol specified
No protocol specified
No protocol specified
No protocol specified
No protocol specified
No protocol specified
No protocol specified
No protocol specified
No protocol specified
No protocol specified
No protocol specified
No protocol specified
No protocol specified
No protocol specified
No protocol specified
No protocol specified
No protocol specified
No protocol specified
No protocol specified
No protocol specified
No protocol specified
No protocol specified
No protocol specified
No protocol specified
No protocol specified
No protocol specified
No protocol specified
No protocol specified
No protocol specified
No protocol specified
No protocol specified
No protocol specified
No protocol specified
No protocol specified
No protocol specified
No protocol specified
No protocol specified
No protocol specified
No protocol specified
No protocol specified
No protocol specified
No protocol specified
No protocol specified
No protocol specified
No protocol specified
No protocol specified
No protocol specified
No protocol specified
No protocol specified
No protocol specified
No protocol specified
No protocol specified
No protocol specified
No protocol specified
No protocol specified
No protocol specified
No protocol specified
No protocol specified
No protocol specified
No protocol specified
No protocol specified
No protocol specified
No protocol specified
No protocol specified
No protocol specified
No protocol specified
No protocol specified
No protocol specified
No protocol specified
No protocol specified
No protocol specified
No protocol specified
No protocol specified
No protocol specified
No protocol specified
No protocol specified
No protocol specified
No protocol specified
No protocol specified
No protocol specified
No protocol specified
No protocol specified
No protocol specified
No protocol specified
No protocol specified
No protocol specified
No protocol specified
No protocol specified
No protocol specified
No protocol specified
No protocol specified
No protocol specified
No protocol specified
No protocol specified
No protocol specified
No protocol specified
No protocol specified
No protocol specified
No protocol specified
No protocol specified
No protocol specified
No protocol specified
No protocol specified
No protocol specified
No protocol specified
No protocol specified
No protocol specified
No protocol specified
No protocol specified
No protocol specified
No protocol specified
No protocol specified
No protocol specified
No protocol specified
No protocol specified
No protocol specified
No protocol specified
No protocol specified
No protocol specified
No protocol specified
No protocol specified
No protocol specified
No protocol specified
No protocol specified
No protocol specified
No protocol specified
No protocol specified
No protocol specified
No protocol specified
No protocol specified
No protocol specified
No protocol specified
No protocol specified
No protocol specified
No protocol specified
No protocol specified
No protocol specified
No protocol specified
No protocol specified
No protocol specified
No protocol specified
No protocol specified
No protocol specified
No protocol specified
No protocol specified
No protocol specified
No protocol specified
No protocol specified
No protocol specified
No protocol specified
No protocol specified
No protocol specified
No protocol specified
No protocol specified
No protocol specified
No protocol specified
No protocol specified
No protocol specified
No protocol specified
No protocol specified
No protocol specified
No protocol specified
No protocol specified
No protocol specified
No protocol specified
No protocol specified
No protocol specified
No protocol specified
No protocol specified
No protocol specified
No protocol specified
No protocol specified
No protocol specified
No protocol specified
No protocol specified
No protocol specified
No protocol specified
No protocol specified
No protocol specified
No protocol specified
No protocol specified
No protocol specified
No protocol specified
No protocol specified
No protocol specified
No protocol specified
No protocol specified
No protocol specified
No protocol specified
No protocol specified
No protocol specified
No protocol specified
No protocol specified
No protocol specified
No protocol specified
No protocol specified
No protocol specified
No protocol specified
No protocol specified
No protocol specified
No protocol specified
No protocol specified
No protocol specified
No protocol specified
No protocol specified
No protocol specified
No protocol specified
No protocol specified
No protocol specified
No protocol specified
No protocol specified
No protocol specified
No protocol specified
No protocol specified
No protocol specified
No protocol specified
No protocol specified
No protocol specified
No protocol specified
No protocol specified
No protocol specified
No protocol specified
No protocol specified
No protocol specified
No protocol specified
No protocol specified
No protocol specified
No protocol specified
No protocol specified
No protocol specified
No protocol specified
No protocol specified
No protocol specified
No protocol specified
No protocol specified
No protocol specified
No protocol specified
No protocol specified
No protocol specified
No protocol specified
No protocol specified
No protocol specified
No protocol specified
No protocol specified
No protocol specified
No protocol specified
No protocol specified
No protocol specified
No protocol specified
No protocol specified
No protocol specified
No protocol specified
No protocol specified
No protocol specified
No protocol specified
No protocol specified
No protocol specified
No protocol specified
No protocol specified
No protocol specified
No protocol specified
No protocol specified
No protocol specified
No protocol specified
No protocol specified
No protocol specified
No protocol specified
No protocol specified
No protocol specified
No protocol specified
No protocol specified
No protocol specified
No protocol specified
No protocol specified
No protocol specified
No protocol specified
No protocol specified
No protocol specified
No protocol specified
No protocol specified
No protocol specified
No protocol specified
No protocol specified
No protocol specified
No protocol specified
No protocol specified
No protocol specified
No protocol specified
No protocol specified
No protocol specified
No protocol specified
No protocol specified
No protocol specified
No protocol specified
No protocol specified
No protocol specified
No protocol specified
No protocol specified
No protocol specified
No protocol specified
No protocol specified
No protocol specified
No protocol specified
No protocol specified
No protocol specified
No protocol specified
No protocol specified
No protocol specified
No protocol specified
No protocol specified
No protocol specified
No protocol specified
No protocol specified
No protocol specified
No protocol specified
No protocol specified
No protocol specified
No protocol specified
No protocol specified
No protocol specified
No protocol specified
No protocol specified
No protocol specified
No protocol specified
No protocol specified
No protocol specified
No protocol specified
No protocol specified
No protocol specified
No protocol specified
No protocol specified
No protocol specified
No protocol specified
No protocol specified
No protocol specified
No protocol specified
No protocol specified
No protocol specified
No protocol specified
No protocol specified
No protocol specified
No protocol specified
No protocol specified
No protocol specified
No protocol specified
No protocol specified
No protocol specified
No protocol specified
No protocol specified
No protocol specified
No protocol specified
No protocol specified
No protocol specified
No protocol specified
No protocol specified
No protocol specified
No protocol specified
No protocol specified
No protocol specified
No protocol specified
No protocol specified
No protocol specified
No protocol specified
No protocol specified
No protocol specified
No protocol specified
No protocol specified
No protocol specified
No protocol specified
No protocol specified
No protocol specified
No protocol specified
No protocol specified
No protocol specified
No protocol specified
No protocol specified
No protocol specified
No protocol specified
No protocol specified
No protocol specified
No protocol specified
No protocol specified
No protocol specified
No protocol specified
No protocol specified
No protocol specified
No protocol specified
No protocol specified
No protocol specified
No protocol specified
No protocol specified
No protocol specified
No protocol specified
No protocol specified
No protocol specified
No protocol specified
No protocol specified
No protocol specified
No protocol specified
No protocol specified
No protocol specified
No protocol specified
No protocol specified
No protocol specified
No protocol specified
No protocol specified
No protocol specified
No protocol specified
No protocol specified
No protocol specified
No protocol specified
No protocol specified
No protocol specified
No protocol specified
No protocol specified
No protocol specified
No protocol specified
No protocol specified
No protocol specified
No protocol specified
No protocol specified
No protocol specified
No protocol specified
No protocol specified
No protocol specified
No protocol specified
No protocol specified
No protocol specified
No protocol specified
No protocol specified
No protocol specified
No protocol specified
No protocol specified
No protocol specified
No protocol specified
No protocol specified
No protocol specified
No protocol specified
No protocol specified
No protocol specified
No protocol specified
No protocol specified
No protocol specified
No protocol specified
No protocol specified
No protocol specified
No protocol specified
No protocol specified
No protocol specified
No protocol specified
No protocol specified
No protocol specified
No protocol specified
No protocol specified
No protocol specified
No protocol specified
No protocol specified
No protocol specified
No protocol specified
No protocol specified
No protocol specified
No protocol specified
No protocol specified
No protocol specified
No protocol specified
No protocol specified
No protocol specified
No protocol specified
No protocol specified
No protocol specified
No protocol specified
No protocol specified
No protocol specified
No protocol specified
No protocol specified
No protocol specified
No protocol specified
No protocol specified
No protocol specified
No protocol specified
No protocol specified
No protocol specified
No protocol specified
No protocol specified
No protocol specified
No protocol specified
No protocol specified
No protocol specified
No protocol specified
No protocol specified
No protocol specified
No protocol specified
No protocol specified
No protocol specified
No protocol specified
No protocol specified
No protocol specified
No protocol specified
No protocol specified
No protocol specified
No protocol specified
No protocol specified
No protocol specified
No protocol specified
No protocol specified
No protocol specified
No protocol specified
No protocol specified
No protocol specified
No protocol specified
No protocol specified
No protocol specified
No protocol specified
No protocol specified
No protocol specified
No protocol specified
No protocol specified
No protocol specified
No protocol specified
No protocol specified
No protocol specified
No protocol specified
No protocol specified
No protocol specified
No protocol specified
No protocol specified
No protocol specified
No protocol specified
No protocol specified
No protocol specified
No protocol specified
No protocol specified
No protocol specified
No protocol specified
No protocol specified
No protocol specified
No protocol specified
No protocol specified
No protocol specified
No protocol specified
No protocol specified
No protocol specified
No protocol specified
No protocol specified
No protocol specified
No protocol specified
No protocol specified
No protocol specified
No protocol specified
No protocol specified
No protocol specified
No protocol specified
No protocol specified
No protocol specified
No protocol specified
No protocol specified
No protocol specified
No protocol specified
No protocol specified
No protocol specified
No protocol specified
No protocol specified
No protocol specified
No protocol specified
No protocol specified
No protocol specified
No protocol specified
No protocol specified
No protocol specified
No protocol specified
No protocol specified
No protocol specified
No protocol specified
No protocol specified
No protocol specified
No protocol specified
No protocol specified
No protocol specified
No protocol specified
No protocol specified
No protocol specified
No protocol specified
No protocol specified
No protocol specified
No protocol specified
No protocol specified
No protocol specified
No protocol specified
No protocol specified
No protocol specified
No protocol specified
No protocol specified
No protocol specified
No protocol specified
No protocol specified
No protocol specified
No protocol specified
No protocol specified
No protocol specified
No protocol specified
No protocol specified
No protocol specified
No protocol specified
No protocol specified
No protocol specified
No protocol specified
No protocol specified
No protocol specified
No protocol specified
No protocol specified
No protocol specified
No protocol specified
No protocol specified
No protocol specified
No protocol specified
No protocol specified
No protocol specified
No protocol specified
No protocol specified
No protocol specified
No protocol specified
No protocol specified
No protocol specified
No protocol specified
No protocol specified
No protocol specified
No protocol specified
No protocol specified
No protocol specified
No protocol specified
No protocol specified
No protocol specified
No protocol specified
No protocol specified
No protocol specified
No protocol specified
No protocol specified
No protocol specified
No protocol specified
No protocol specified
No protocol specified
No protocol specified
No protocol specified
No protocol specified
No protocol specified
No protocol specified
No protocol specified
No protocol specified
No protocol specified
No protocol specified
No protocol specified
No protocol specified
No protocol specified
No protocol specified
No protocol specified
No protocol specified
No protocol specified
No protocol specified
No protocol specified
No protocol specified
No protocol specified
No protocol specified
No protocol specified
No protocol specified
No protocol specified
No protocol specified
No protocol specified
No protocol specified
No protocol specified
No protocol specified
No protocol specified
No protocol specified
No protocol specified
No protocol specified
No protocol specified
No protocol specified
No protocol specified
No protocol specified
No protocol specified
No protocol specified
No protocol specified
No protocol specified
No protocol specified
No protocol specified
No protocol specified
No protocol specified
No protocol specified
No protocol specified
No protocol specified
No protocol specified
No protocol specified
No protocol specified
No protocol specified
No protocol specified
No protocol specified
No protocol specified
No protocol specified
No protocol specified
No protocol specified
No protocol specified
No protocol specified
No protocol specified
No protocol specified
No protocol specified
No protocol specified
No protocol specified
No protocol specified
No protocol specified
No protocol specified
No protocol specified
No protocol specified
No protocol specified
No protocol specified
No protocol specified
No protocol specified
No protocol specified
No protocol specified
No protocol specified
No protocol specified
No protocol specified
No protocol specified
No protocol specified
No protocol specified
No protocol specified
No protocol specified
No protocol specified
No protocol specified
No protocol specified
No protocol specified
No protocol specified
No protocol specified
No protocol specified
No protocol specified
No protocol specified
No protocol specified
No protocol specified
No protocol specified
No protocol specified
No protocol specified
No protocol specified
No protocol specified
No protocol specified
No protocol specified
No protocol specified
No protocol specified
No protocol specified
No protocol specified
No protocol specified
No protocol specified
No protocol specified
No protocol specified
No protocol specified
No protocol specified
No protocol specified
No protocol specified
No protocol specified
No protocol specified
No protocol specified
No protocol specified
No protocol specified
No protocol specified
No protocol specified
No protocol specified
No protocol specified
No protocol specified
No protocol specified
No protocol specified
No protocol specified
No protocol specified
No protocol specified
No protocol specified
No protocol specified
No protocol specified
No protocol specified
No protocol specified
No protocol specified
No protocol specified
No protocol specified
No protocol specified
No protocol specified
No protocol specified
No protocol specified
No protocol specified
No protocol specified
No protocol specified
No protocol specified
No protocol specified
No protocol specified
No protocol specified
No protocol specified
No protocol specified
No protocol specified
No protocol specified
No protocol specified
No protocol specified
No protocol specified
No protocol specified
No protocol specified
No protocol specified
No protocol specified
No protocol specified
No protocol specified
No protocol specified
No protocol specified
No protocol specified
No protocol specified
No protocol specified
No protocol specified
No protocol specified
No protocol specified
No protocol specified
No protocol specified
No protocol specified
No protocol specified
No protocol specified
No protocol specified
No protocol specified
No protocol specified
No protocol specified
No protocol specified
No protocol specified
No protocol specified
No protocol specified
No protocol specified
No protocol specified
No protocol specified
No protocol specified
No protocol specified
No protocol specified
No protocol specified
No protocol specified
No protocol specified
No protocol specified
No protocol specified
No protocol specified
No protocol specified
No protocol specified
No protocol specified
No protocol specified
No protocol specified
No protocol specified
No protocol specified
No protocol specified
No protocol specified
No protocol specified
No protocol specified
No protocol specified
No protocol specified
No protocol specified
No protocol specified
No protocol specified
No protocol specified
No protocol specified
No protocol specified
No protocol specified
No protocol specified
No protocol specified
No protocol specified
No protocol specified
No protocol specified
No protocol specified
No protocol specified
No protocol specified
No protocol specified
No protocol specified
No protocol specified
No protocol specified
No protocol specified
No protocol specified
No protocol specified
No protocol specified
No protocol specified
No protocol specified
No protocol specified
No protocol specified
No protocol specified
No protocol specified
No protocol specified
No protocol specified
No protocol specified
No protocol specified
No protocol specified
No protocol specified
No protocol specified
No protocol specified
No protocol specified
No protocol specified
No protocol specified
No protocol specified
No protocol specified
No protocol specified
No protocol specified
No protocol specified
No protocol specified
No protocol specified
No protocol specified
No protocol specified
No protocol specified
No protocol specified
No protocol specified
No protocol specified
No protocol specified
No protocol specified
No protocol specified
No protocol specified
No protocol specified
No protocol specified
No protocol specified
No protocol specified
No protocol specified
No protocol specified
No protocol specified
No protocol specified
No protocol specified
No protocol specified
No protocol specified
No protocol specified
No protocol specified
No protocol specified
No protocol specified
No protocol specified
No protocol specified
No protocol specified
No protocol specified
No protocol specified
No protocol specified
No protocol specified
No protocol specified
No protocol specified
No protocol specified
No protocol specified
No protocol specified
No protocol specified
No protocol specified
No protocol specified
No protocol specified
No protocol specified
No protocol specified
No protocol specified
No protocol specified
No protocol specified
No protocol specified
No protocol specified
No protocol specified
No protocol specified
No protocol specified
No protocol specified
No protocol specified
No protocol specified
No protocol specified
No protocol specified
No protocol specified
No protocol specified
No protocol specified
No protocol specified
No protocol specified
No protocol specified
No protocol specified
No protocol specified
No protocol specified
No protocol specified
No protocol specified
No protocol specified
No protocol specified
No protocol specified
No protocol specified
No protocol specified
No protocol specified
No protocol specified
No protocol specified
No protocol specified
No protocol specified
No protocol specified
No protocol specified
No protocol specified
No protocol specified
No protocol specified
No protocol specified
No protocol specified
No protocol specified
No protocol specified
No protocol specified
No protocol specified
No protocol specified
No protocol specified
No protocol specified
No protocol specified
No protocol specified
No protocol specified
No protocol specified
No protocol specified
No protocol specified
No protocol specified
No protocol specified
No protocol specified
No protocol specified
No protocol specified
No protocol specified
No protocol specified
No protocol specified
No protocol specified
No protocol specified
No protocol specified
No protocol specified
No protocol specified
No protocol specified
No protocol specified
No protocol specified
No protocol specified
No protocol specified
No protocol specified
No protocol specified
No protocol specified
No protocol specified
No protocol specified
No protocol specified
No protocol specified
No protocol specified
No protocol specified
No protocol specified
No protocol specified
No protocol specified
No protocol specified
No protocol specified
No protocol specified
No protocol specified
No protocol specified
No protocol specified
No protocol specified
No protocol specified
No protocol specified
No protocol specified
No protocol specified
No protocol specified
No protocol specified
No protocol specified
No protocol specified
No protocol specified
No protocol specified
No protocol specified
No protocol specified
No protocol specified
No protocol specified
No protocol specified
No protocol specified
No protocol specified
No protocol specified
No protocol specified
No protocol specified
No protocol specified
No protocol specified
No protocol specified
No protocol specified
No protocol specified
No protocol specified
No protocol specified
No protocol specified
No protocol specified
No protocol specified
No protocol specified
No protocol specified
No protocol specified
No protocol specified
No protocol specified
No protocol specified
No protocol specified
No protocol specified
No protocol specified
No protocol specified
No protocol specified
No protocol specified
No protocol specified
No protocol specified
No protocol specified
No protocol specified
No protocol specified
No protocol specified
No protocol specified
No protocol specified
No protocol specified
No protocol specified
No protocol specified
No protocol specified
No protocol specified
No protocol specified
No protocol specified
No protocol specified
No protocol specified
No protocol specified
No protocol specified
No protocol specified
No protocol specified
No protocol specified
No protocol specified
No protocol specified
No protocol specified
No protocol specified
No protocol specified
No protocol specified
No protocol specified
No protocol specified
No protocol specified
No protocol specified
No protocol specified
No protocol specified
No protocol specified
No protocol specified
No protocol specified
No protocol specified
No protocol specified
No protocol specified
No protocol specified
No protocol specified
No protocol specified
No protocol specified
No protocol specified
No protocol specified
No protocol specified
No protocol specified
No protocol specified
No protocol specified
No protocol specified
No protocol specified
No protocol specified
No protocol specified
No protocol specified
No protocol specified
No protocol specified
No protocol specified
No protocol specified
No protocol specified
No protocol specified
No protocol specified
No protocol specified
No protocol specified
No protocol specified
No protocol specified
No protocol specified
No protocol specified
No protocol specified
No protocol specified
No protocol specified
No protocol specified
No protocol specified
No protocol specified
No protocol specified
No protocol specified
No protocol specified
No protocol specified
No protocol specified
No protocol specified
No protocol specified
No protocol specified
No protocol specified
No protocol specified
No protocol specified
No protocol specified
No protocol specified
No protocol specified
No protocol specified
No protocol specified
No protocol specified
No protocol specified
No protocol specified
No protocol specified
No protocol specified
No protocol specified
No protocol specified
No protocol specified
No protocol specified
No protocol specified
No protocol specified
No protocol specified
No protocol specified
No protocol specified
No protocol specified
No protocol specified
No protocol specified
No protocol specified
No protocol specified
No protocol specified
No protocol specified
No protocol specified
No protocol specified
No protocol specified
No protocol specified
No protocol specified
No protocol specified
No protocol specified
No protocol specified
No protocol specified
No protocol specified
No protocol specified
No protocol specified
No protocol specified
No protocol specified
No protocol specified
No protocol specified
No protocol specified
No protocol specified
No protocol specified
No protocol specified
No protocol specified
No protocol specified
No protocol specified
No protocol specified
No protocol specified
No protocol specified
No protocol specified
No protocol specified
No protocol specified
No protocol specified
No protocol specified
No protocol specified
No protocol specified
No protocol specified
No protocol specified
No protocol specified
No protocol specified
No protocol specified
No protocol specified
No protocol specified
No protocol specified
No protocol specified
No protocol specified
No protocol specified
No protocol specified
No protocol specified
No protocol specified
No protocol specified
No protocol specified
No protocol specified
No protocol specified
No protocol specified
No protocol specified
No protocol specified
No protocol specified
No protocol specified
No protocol specified
No protocol specified
No protocol specified
No protocol specified
No protocol specified
No protocol specified
No protocol specified
No protocol specified
No protocol specified
No protocol specified
No protocol specified
No protocol specified
No protocol specified
No protocol specified
No protocol specified
No protocol specified
No protocol specified
No protocol specified
No protocol specified
No protocol specified
No protocol specified
No protocol specified
No protocol specified
No protocol specified
No protocol specified
No protocol specified
No protocol specified
No protocol specified
No protocol specified
No protocol specified
No protocol specified
No protocol specified
No protocol specified
No protocol specified
No protocol specified
No protocol specified
No protocol specified
No protocol specified
No protocol specified
No protocol specified
No protocol specified
No protocol specified
No protocol specified
No protocol specified
No protocol specified
No protocol specified
No protocol specified
No protocol specified
No protocol specified
No protocol specified
No protocol specified
No protocol specified
No protocol specified
No protocol specified
No protocol specified
No protocol specified
No protocol specified
No protocol specified
No protocol specified
No protocol specified
No protocol specified
No protocol specified
No protocol specified
No protocol specified
No protocol specified
No protocol specified
No protocol specified
No protocol specified
No protocol specified
No protocol specified
No protocol specified
No protocol specified
No protocol specified
No protocol specified
No protocol specified
No protocol specified
No protocol specified
No protocol specified
No protocol specified
No protocol specified
No protocol specified
No protocol specified
No protocol specified
No protocol specified
No protocol specified
No protocol specified
No protocol specified
No protocol specified
No protocol specified
No protocol specified
No protocol specified
No protocol specified
No protocol specified
No protocol specified
No protocol specified
No protocol specified
No protocol specified
No protocol specified
No protocol specified
No protocol specified
No protocol specified
No protocol specified
No protocol specified
No protocol specified
No protocol specified
No protocol specified
No protocol specified
No protocol specified
No protocol specified
No protocol specified
No protocol specified
No protocol specified
No protocol specified
No protocol specified
No protocol specified
No protocol specified
No protocol specified
No protocol specified
No protocol specified
No protocol specified
No protocol specified
No protocol specified
No protocol specified
No protocol specified
No protocol specified
No protocol specified
No protocol specified
No protocol specified
No protocol specified
No protocol specified
No protocol specified
No protocol specified
No protocol specified
No protocol specified
No protocol specified
No protocol specified
No protocol specified
No protocol specified
No protocol specified
No protocol specified
No protocol specified
No protocol specified
No protocol specified
No protocol specified
No protocol specified
No protocol specified
No protocol specified
No protocol specified
No protocol specified
No protocol specified
No protocol specified
No protocol specified
No protocol specified
No protocol specified
No protocol specified
No protocol specified
No protocol specified
No protocol specified
No protocol specified
No protocol specified
No protocol specified
No protocol specified
No protocol specified
No protocol specified
No protocol specified
No protocol specified
No protocol specified
No protocol specified
No protocol specified
No protocol specified
No protocol specified
No protocol specified
No protocol specified
No protocol specified
No protocol specified
No protocol specified
No protocol specified
No protocol specified
No protocol specified
No protocol specified
No protocol specified
No protocol specified
No protocol specified
No protocol specified
No protocol specified
No protocol specified
No protocol specified
No protocol specified
No protocol specified
No protocol specified
No protocol specified
No protocol specified
No protocol specified
No protocol specified
No protocol specified
No protocol specified
No protocol specified
No protocol specified
No protocol specified
No protocol specified
No protocol specified
No protocol specified
No protocol specified
No protocol specified
No protocol specified
No protocol specified
No protocol specified
No protocol specified
No protocol specified
No protocol specified
No protocol specified
No protocol specified
No protocol specified
No protocol specified
No protocol specified
No protocol specified
No protocol specified
No protocol specified
No protocol specified
No protocol specified
No protocol specified
No protocol specified
No protocol specified
No protocol specified
No protocol specified
No protocol specified
No protocol specified
No protocol specified
No protocol specified
No protocol specified
No protocol specified
No protocol specified
No protocol specified
No protocol specified
No protocol specified
No protocol specified
No protocol specified
No protocol specified
No protocol specified
No protocol specified
No protocol specified
No protocol specified
No protocol specified
No protocol specified
No protocol specified
No protocol specified
No protocol specified
No protocol specified
No protocol specified
No protocol specified
No protocol specified
No protocol specified
No protocol specified
No protocol specified
No protocol specified
No protocol specified
No protocol specified
No protocol specified
No protocol specified
No protocol specified
No protocol specified
No protocol specified
No protocol specified
No protocol specified
No protocol specified
No protocol specified
No protocol specified
No protocol specified
No protocol specified
No protocol specified
No protocol specified
No protocol specified
No protocol specified
No protocol specified
No protocol specified
No protocol specified
No protocol specified
No protocol specified
No protocol specified
No protocol specified
No protocol specified
No protocol specified
No protocol specified
No protocol specified
No protocol specified
No protocol specified
No protocol specified
No protocol specified
No protocol specified
No protocol specified
No protocol specified
No protocol specified
No protocol specified
No protocol specified
No protocol specified
No protocol specified
No protocol specified
No protocol specified
No protocol specified
No protocol specified
No protocol specified
No protocol specified
No protocol specified
No protocol specified
No protocol specified
No protocol specified
No protocol specified
No protocol specified
No protocol specified
No protocol specified
No protocol specified
No protocol specified
No protocol specified
No protocol specified
No protocol specified
No protocol specified
No protocol specified
No protocol specified
No protocol specified
No protocol specified
No protocol specified
No protocol specified
No protocol specified
No protocol specified
No protocol specified
No protocol specified
No protocol specified
No protocol specified
No protocol specified
No protocol specified
No protocol specified
No protocol specified
No protocol specified
No protocol specified
No protocol specified
No protocol specified
No protocol specified
No protocol specified
No protocol specified
No protocol specified
No protocol specified
No protocol specified
No protocol specified
No protocol specified
No protocol specified
No protocol specified
No protocol specified
No protocol specified
No protocol specified
No protocol specified
No protocol specified
No protocol specified
No protocol specified
No protocol specified
No protocol specified
No protocol specified
No protocol specified
No protocol specified
No protocol specified
No protocol specified
No protocol specified
No protocol specified
No protocol specified
No protocol specified
No protocol specified
No protocol specified
No protocol specified
No protocol specified
No protocol specified
No protocol specified
No protocol specified
No protocol specified
No protocol specified
No protocol specified
No protocol specified
No protocol specified
No protocol specified
No protocol specified
No protocol specified
No protocol specified
No protocol specified
No protocol specified
No protocol specified
No protocol specified
No protocol specified
No protocol specified
No protocol specified
No protocol specified
No protocol specified
No protocol specified
No protocol specified
No protocol specified
No protocol specified
No protocol specified
No protocol specified
No protocol specified
No protocol specified
No protocol specified
No protocol specified
No protocol specified
No protocol specified
No protocol specified
No protocol specified
No protocol specified
No protocol specified
No protocol specified
No protocol specified
No protocol specified
No protocol specified
No protocol specified
No protocol specified
No protocol specified
No protocol specified
No protocol specified
No protocol specified
No protocol specified
No protocol specified
No protocol specified
No protocol specified
No protocol specified
No protocol specified
No protocol specified
No protocol specified
No protocol specified
No protocol specified
No protocol specified
No protocol specified
No protocol specified
No protocol specified
No protocol specified
No protocol specified
No protocol specified
No protocol specified
No protocol specified
No protocol specified
No protocol specified
No protocol specified
No protocol specified
No protocol specified
No protocol specified
No protocol specified
No protocol specified
No protocol specified
No protocol specified
No protocol specified
No protocol specified
No protocol specified
No protocol specified
No protocol specified
No protocol specified
No protocol specified
No protocol specified
No protocol specified
No protocol specified
No protocol specified
No protocol specified
No protocol specified
No protocol specified
No protocol specified
No protocol specified
No protocol specified
No protocol specified
No protocol specified
No protocol specified
No protocol specified
No protocol specified
No protocol specified
No protocol specified
No protocol specified
No protocol specified
No protocol specified
No protocol specified
No protocol specified
No protocol specified
No protocol specified
No protocol specified
No protocol specified
No protocol specified
No protocol specified
No protocol specified
No protocol specified
No protocol specified
No protocol specified
No protocol specified
No protocol specified
No protocol specified
No protocol specified
No protocol specified
No protocol specified
No protocol specified
No protocol specified
No protocol specified
No protocol specified
No protocol specified
No protocol specified
No protocol specified
No protocol specified
No protocol specified
No protocol specified
No protocol specified
No protocol specified
No protocol specified
No protocol specified
No protocol specified
No protocol specified
No protocol specified
No protocol specified
No protocol specified
No protocol specified
No protocol specified
No protocol specified
No protocol specified
No protocol specified
No protocol specified
No protocol specified
No protocol specified
No protocol specified
No protocol specified
No protocol specified
No protocol specified
No protocol specified
No protocol specified
No protocol specified
No protocol specified
No protocol specified
No protocol specified
No protocol specified
No protocol specified
No protocol specified
No protocol specified
No protocol specified
No protocol specified
No protocol specified
No protocol specified
No protocol specified
No protocol specified
No protocol specified
No protocol specified
No protocol specified
No protocol specified
No protocol specified
No protocol specified
No protocol specified
No protocol specified
No protocol specified
No protocol specified
No protocol specified
No protocol specified
No protocol specified
No protocol specified
No protocol specified
No protocol specified
No protocol specified
No protocol specified
No protocol specified
No protocol specified
No protocol specified
No protocol specified
No protocol specified
No protocol specified
No protocol specified
No protocol specified
No protocol specified
No protocol specified
No protocol specified
No protocol specified
No protocol specified
No protocol specified
No protocol specified
No protocol specified
No protocol specified
No protocol specified
No protocol specified
No protocol specified
No protocol specified
No protocol specified
No protocol specified
No protocol specified
No protocol specified
No protocol specified
No protocol specified
No protocol specified
No protocol specified
No protocol specified
No protocol specified
No protocol specified
No protocol specified
No protocol specified
No protocol specified
No protocol specified
No protocol specified
No protocol specified
No protocol specified
No protocol specified
No protocol specified
No protocol specified
No protocol specified
No protocol specified
No protocol specified
No protocol specified
No protocol specified
No protocol specified
No protocol specified
No protocol specified
No protocol specified
No protocol specified
No protocol specified
No protocol specified
No protocol specified
No protocol specified
No protocol specified
No protocol specified
No protocol specified
No protocol specified
No protocol specified
No protocol specified
No protocol specified
No protocol specified
No protocol specified
No protocol specified
No protocol specified
No protocol specified
No protocol specified
No protocol specified
No protocol specified
No protocol specified
No protocol specified
No protocol specified
No protocol specified
No protocol specified
No protocol specified
No protocol specified
No protocol specified
No protocol specified
No protocol specified
No protocol specified
No protocol specified
No protocol specified
No protocol specified
No protocol specified
No protocol specified
No protocol specified
No protocol specified
No protocol specified
No protocol specified
No protocol specified
No protocol specified
No protocol specified
No protocol specified
No protocol specified
No protocol specified
No protocol specified
No protocol specified
No protocol specified
No protocol specified
No protocol specified
No protocol specified
No protocol specified
No protocol specified
No protocol specified
No protocol specified
No protocol specified
No protocol specified
No protocol specified
No protocol specified
No protocol specified
No protocol specified
No protocol specified
No protocol specified
No protocol specified
No protocol specified
No protocol specified
No protocol specified
No protocol specified
No protocol specified
No protocol specified
No protocol specified
No protocol specified
No protocol specified
No protocol specified
No protocol specified
No protocol specified
No protocol specified
No protocol specified
No protocol specified
No protocol specified
No protocol specified
No protocol specified
No protocol specified
No protocol specified
No protocol specified
No protocol specified
No protocol specified
No protocol specified
No protocol specified
No protocol specified
No protocol specified
No protocol specified
No protocol specified
No protocol specified
No protocol specified
No protocol specified
No protocol specified
No protocol specified
No protocol specified
No protocol specified
No protocol specified
No protocol specified
No protocol specified
No protocol specified
No protocol specified
No protocol specified
No protocol specified
No protocol specified
No protocol specified
No protocol specified
No protocol specified
No protocol specified
No protocol specified
No protocol specified
No protocol specified
No protocol specified
No protocol specified
No protocol specified
No protocol specified
No protocol specified
No protocol specified
No protocol specified
No protocol specified
No protocol specified
No protocol specified
No protocol specified
No protocol specified
No protocol specified
No protocol specified
No protocol specified
No protocol specified
No protocol specified
No protocol specified
No protocol specified
No protocol specified
No protocol specified
No protocol specified
No protocol specified
No protocol specified
No protocol specified
No protocol specified
No protocol specified
No protocol specified
No protocol specified
No protocol specified
No protocol specified
No protocol specified
No protocol specified
No protocol specified
No protocol specified
No protocol specified
No protocol specified
No protocol specified
No protocol specified
No protocol specified
No protocol specified
No protocol specified
No protocol specified
No protocol specified
No protocol specified
No protocol specified
No protocol specified
No protocol specified
No protocol specified
No protocol specified
No protocol specified
No protocol specified
No protocol specified
No protocol specified
No protocol specified
No protocol specified
No protocol specified
No protocol specified
No protocol specified
No protocol specified
No protocol specified
No protocol specified
No protocol specified
No protocol specified
No protocol specified
No protocol specified
No protocol specified
No protocol specified
No protocol specified
No protocol specified
No protocol specified
No protocol specified
No protocol specified
No protocol specified
No protocol specified
No protocol specified
No protocol specified
No protocol specified
No protocol specified
No protocol specified
No protocol specified
No protocol specified
No protocol specified
No protocol specified
No protocol specified
No protocol specified
No protocol specified
No protocol specified
No protocol specified
No protocol specified
No protocol specified
No protocol specified
No protocol specified
No protocol specified
No protocol specified
No protocol specified
No protocol specified
No protocol specified
No protocol specified
No protocol specified
No protocol specified
No protocol specified
No protocol specified
No protocol specified
No protocol specified
No protocol specified
No protocol specified
No protocol specified
No protocol specified
No protocol specified
No protocol specified
No protocol specified
No protocol specified
No protocol specified
No protocol specified
No protocol specified
No protocol specified
No protocol specified
No protocol specified
No protocol specified
No protocol specified
No protocol specified
No protocol specified
No protocol specified
No protocol specified
No protocol specified
No protocol specified
No protocol specified
No protocol specified
No protocol specified
No protocol specified
No protocol specified
No protocol specified
No protocol specified
No protocol specified
No protocol specified
No protocol specified
No protocol specified
No protocol specified
No protocol specified
No protocol specified
No protocol specified
No protocol specified
No protocol specified
No protocol specified
No protocol specified
No protocol specified
No protocol specified
No protocol specified
No protocol specified
No protocol specified
No protocol specified
No protocol specified
No protocol specified
No protocol specified
No protocol specified
No protocol specified
No protocol specified
No protocol specified
No protocol specified
No protocol specified
No protocol specified
No protocol specified
No protocol specified
No protocol specified
No protocol specified
No protocol specified
No protocol specified
No protocol specified
No protocol specified
No protocol specified
No protocol specified
No protocol specified
No protocol specified
No protocol specified
No protocol specified
No protocol specified
No protocol specified
No protocol specified
No protocol specified
No protocol specified
No protocol specified
No protocol specified
No protocol specified
No protocol specified
No protocol specified
No protocol specified
No protocol specified
No protocol specified
No protocol specified
No protocol specified
No protocol specified
No protocol specified
No protocol specified
No protocol specified
No protocol specified
No protocol specified
No protocol specified
No protocol specified
No protocol specified
No protocol specified
No protocol specified
No protocol specified
No protocol specified
No protocol specified
No protocol specified
No protocol specified
No protocol specified
No protocol specified
No protocol specified
No protocol specified
No protocol specified
No protocol specified
No protocol specified
No protocol specified
No protocol specified
No protocol specified
No protocol specified
No protocol specified
No protocol specified
No protocol specified
No protocol specified
No protocol specified
No protocol specified
No protocol specified
No protocol specified
No protocol specified
No protocol specified
No protocol specified
No protocol specified
No protocol specified
No protocol specified
No protocol specified
No protocol specified
No protocol specified
No protocol specified
No protocol specified
No protocol specified
No protocol specified
No protocol specified
No protocol specified
No protocol specified
No protocol specified
No protocol specified
No protocol specified
No protocol specified
No protocol specified
No protocol specified
No protocol specified
No protocol specified
No protocol specified
No protocol specified
No protocol specified
No protocol specified
No protocol specified
No protocol specified
No protocol specified
No protocol specified
No protocol specified
No protocol specified
No protocol specified
No protocol specified
No protocol specified
No protocol specified
No protocol specified
No protocol specified
No protocol specified
No protocol specified
No protocol specified
No protocol specified
No protocol specified
No protocol specified
No protocol specified
No protocol specified
No protocol specified
No protocol specified
No protocol specified
No protocol specified
No protocol specified
No protocol specified
No protocol specified
No protocol specified
No protocol specified
No protocol specified
No protocol specified
No protocol specified
No protocol specified
No protocol specified
No protocol specified
No protocol specified
No protocol specified
No protocol specified
No protocol specified
No protocol specified
No protocol specified
No protocol specified
No protocol specified
No protocol specified
No protocol specified
No protocol specified
No protocol specified
No protocol specified
No protocol specified
No protocol specified
No protocol specified
No protocol specified
No protocol specified
No protocol specified
No protocol specified
No protocol specified
No protocol specified
No protocol specified
No protocol specified
No protocol specified
No protocol specified
No protocol specified
No protocol specified
No protocol specified
No protocol specified
No protocol specified
No protocol specified
No protocol specified
No protocol specified
No protocol specified
No protocol specified
No protocol specified
No protocol specified
No protocol specified
No protocol specified
No protocol specified
No protocol specified
No protocol specified
No protocol specified
No protocol specified
No protocol specified
No protocol specified
No protocol specified
No protocol specified
No protocol specified
No protocol specified
No protocol specified
No protocol specified
No protocol specified
No protocol specified
No protocol specified
No protocol specified
No protocol specified
No protocol specified
No protocol specified
No protocol specified
No protocol specified
No protocol specified
No protocol specified
No protocol specified
No protocol specified
No protocol specified
No protocol specified
No protocol specified
No protocol specified
No protocol specified
No protocol specified
No protocol specified
No protocol specified
No protocol specified
No protocol specified
No protocol specified
No protocol specified
No protocol specified
No protocol specified
No protocol specified
No protocol specified
No protocol specified
No protocol specified
No protocol specified
No protocol specified
No protocol specified
No protocol specified
No protocol specified
No protocol specified
No protocol specified
No protocol specified
No protocol specified
No protocol specified
No protocol specified
No protocol specified
No protocol specified
No protocol specified
No protocol specified
No protocol specified
No protocol specified
No protocol specified
No protocol specified
No protocol specified
No protocol specified
No protocol specified
No protocol specified
No protocol specified
No protocol specified
No protocol specified
No protocol specified
No protocol specified
No protocol specified
No protocol specified
No protocol specified
No protocol specified
No protocol specified
No protocol specified
No protocol specified
No protocol specified
No protocol specified
No protocol specified
No protocol specified
No protocol specified
No protocol specified
No protocol specified
No protocol specified
No protocol specified
No protocol specified
No protocol specified
No protocol specified
No protocol specified
No protocol specified
No protocol specified
No protocol specified
No protocol specified
No protocol specified
No protocol specified
No protocol specified
No protocol specified
No protocol specified
No protocol specified
No protocol specified
No protocol specified
No protocol specified
No protocol specified
No protocol specified
No protocol specified
No protocol specified
No protocol specified
No protocol specified
No protocol specified
No protocol specified
No protocol specified
No protocol specified
No protocol specified
No protocol specified
No protocol specified
No protocol specified
No protocol specified
No protocol specified
No protocol specified
No protocol specified
No protocol specified
No protocol specified
No protocol specified
No protocol specified
No protocol specified
No protocol specified
No protocol specified
No protocol specified
No protocol specified
No protocol specified
No protocol specified
No protocol specified
No protocol specified
No protocol specified
No protocol specified
No protocol specified
No protocol specified
No protocol specified
No protocol specified
No protocol specified
No protocol specified
No protocol specified
No protocol specified
No protocol specified
No protocol specified
No protocol specified
No protocol specified
No protocol specified
No protocol specified
No protocol specified
No protocol specified
No protocol specified
No protocol specified
No protocol specified
No protocol specified
No protocol specified
No protocol specified
No protocol specified
No protocol specified
No protocol specified
No protocol specified
No protocol specified
No protocol specified
No protocol specified
No protocol specified
No protocol specified
No protocol specified
No protocol specified
No protocol specified
No protocol specified
No protocol specified
No protocol specified
No protocol specified
No protocol specified
No protocol specified
No protocol specified
No protocol specified
No protocol specified
No protocol specified
No protocol specified
No protocol specified
No protocol specified
No protocol specified
No protocol specified
No protocol specified
No protocol specified
No protocol specified
No protocol specified
No protocol specified
No protocol specified
No protocol specified
No protocol specified
No protocol specified
No protocol specified
No protocol specified
No protocol specified
No protocol specified
No protocol specified
No protocol specified
No protocol specified
No protocol specified
No protocol specified
No protocol specified
No protocol specified
No protocol specified
No protocol specified
No protocol specified
No protocol specified
No protocol specified
No protocol specified
No protocol specified
No protocol specified
No protocol specified
No protocol specified
No protocol specified
No protocol specified
No protocol specified
No protocol specified
No protocol specified
No protocol specified
No protocol specified
No protocol specified
No protocol specified
No protocol specified
No protocol specified
No protocol specified
No protocol specified
No protocol specified
No protocol specified
No protocol specified
No protocol specified
No protocol specified
No protocol specified
No protocol specified
No protocol specified
No protocol specified
No protocol specified
No protocol specified
No protocol specified
No protocol specified
No protocol specified
No protocol specified
No protocol specified
No protocol specified
No protocol specified
No protocol specified
No protocol specified
No protocol specified
No protocol specified
No protocol specified
No protocol specified
No protocol specified
No protocol specified
No protocol specified
No protocol specified
No protocol specified
No protocol specified
No protocol specified
No protocol specified
No protocol specified
No protocol specified
No protocol specified
No protocol specified
No protocol specified
No protocol specified
No protocol specified
No protocol specified
No protocol specified
No protocol specified
No protocol specified
No protocol specified
No protocol specified
No protocol specified
No protocol specified
No protocol specified
No protocol specified
No protocol specified
No protocol specified
No protocol specified
No protocol specified
No protocol specified
No protocol specified
No protocol specified
No protocol specified
No protocol specified
No protocol specified
No protocol specified
No protocol specified
No protocol specified
No protocol specified
No protocol specified
No protocol specified
No protocol specified
No protocol specified
No protocol specified
No protocol specified
No protocol specified
No protocol specified
No protocol specified
No protocol specified
No protocol specified
No protocol specified
No protocol specified
No protocol specified
No protocol specified
No protocol specified
No protocol specified
No protocol specified
No protocol specified
No protocol specified
No protocol specified
No protocol specified
No protocol specified
No protocol specified
No protocol specified
No protocol specified
No protocol specified
No protocol specified
No protocol specified
No protocol specified
No protocol specified
No protocol specified
No protocol specified
No protocol specified
No protocol specified
No protocol specified
No protocol specified
No protocol specified
No protocol specified
No protocol specified
No protocol specified
No protocol specified
No protocol specified
No protocol specified
No protocol specified
No protocol specified
No protocol specified
No protocol specified
No protocol specified
No protocol specified
No protocol specified
No protocol specified
No protocol specified
No protocol specified
No protocol specified
No protocol specified
No protocol specified
No protocol specified
No protocol specified
No protocol specified
No protocol specified
No protocol specified
No protocol specified
No protocol specified
No protocol specified
No protocol specified
No protocol specified
No protocol specified
No protocol specified
No protocol specified
No protocol specified
No protocol specified
No protocol specified
No protocol specified
No protocol specified
No protocol specified
No protocol specified
No protocol specified
No protocol specified
No protocol specified
No protocol specified
No protocol specified
No protocol specified
No protocol specified
No protocol specified
No protocol specified
No protocol specified
No protocol specified
No protocol specified
No protocol specified
No protocol specified
No protocol specified
No protocol specified
No protocol specified
No protocol specified
No protocol specified
No protocol specified
No protocol specified
No protocol specified
No protocol specified
No protocol specified
No protocol specified
No protocol specified
No protocol specified
No protocol specified
No protocol specified
No protocol specified
No protocol specified
No protocol specified
No protocol specified
No protocol specified
No protocol specified
No protocol specified
No protocol specified
No protocol specified
No protocol specified
No protocol specified
No protocol specified
No protocol specified
No protocol specified
No protocol specified
No protocol specified
No protocol specified
No protocol specified
No protocol specified
No protocol specified
No protocol specified
No protocol specified
No protocol specified
No protocol specified
No protocol specified
No protocol specified
No protocol specified
No protocol specified
No protocol specified
No protocol specified
No protocol specified
No protocol specified
No protocol specified
No protocol specified
No protocol specified
No protocol specified
No protocol specified
No protocol specified
No protocol specified
No protocol specified
No protocol specified
No protocol specified
No protocol specified
No protocol specified
No protocol specified
No protocol specified
No protocol specified
No protocol specified
No protocol specified
No protocol specified
No protocol specified
No protocol specified
No protocol specified
No protocol specified
No protocol specified
No protocol specified
No protocol specified
No protocol specified
No protocol specified
No protocol specified
No protocol specified
No protocol specified
No protocol specified
No protocol specified
No protocol specified
No protocol specified
No protocol specified
No protocol specified
No protocol specified
No protocol specified
No protocol specified
No protocol specified
No protocol specified
No protocol specified
No protocol specified
No protocol specified
No protocol specified
No protocol specified
No protocol specified
No protocol specified
No protocol specified
No protocol specified
No protocol specified
No protocol specified
No protocol specified
No protocol specified
No protocol specified
No protocol specified
No protocol specified
No protocol specified
No protocol specified
No protocol specified
No protocol specified
No protocol specified
No protocol specified
No protocol specified
No protocol specified
No protocol specified
No protocol specified
No protocol specified
No protocol specified
No protocol specified
No protocol specified
No protocol specified
No protocol specified
No protocol specified
No protocol specified
No protocol specified
No protocol specified
No protocol specified
No protocol specified
No protocol specified
No protocol specified
No protocol specified
No protocol specified
No protocol specified
No protocol specified
No protocol specified
No protocol specified
No protocol specified
No protocol specified
No protocol specified
No protocol specified
No protocol specified
No protocol specified
No protocol specified
No protocol specified
No protocol specified
No protocol specified
No protocol specified
No protocol specified
No protocol specified
No protocol specified
No protocol specified
No protocol specified
No protocol specified
No protocol specified
No protocol specified
No protocol specified
No protocol specified
No protocol specified
No protocol specified
No protocol specified
No protocol specified
No protocol specified
No protocol specified
No protocol specified
No protocol specified
No protocol specified
No protocol specified
No protocol specified
No protocol specified
No protocol specified
No protocol specified
No protocol specified
No protocol specified
No protocol specified
No protocol specified
No protocol specified
No protocol specified
No protocol specified
No protocol specified
No protocol specified
No protocol specified
No protocol specified
No protocol specified
No protocol specified
No protocol specified
No protocol specified
No protocol specified
No protocol specified
No protocol specified
No protocol specified
No protocol specified
No protocol specified
No protocol specified
No protocol specified
No protocol specified
No protocol specified
No protocol specified
No protocol specified
No protocol specified
No protocol specified
No protocol specified
No protocol specified
No protocol specified
No protocol specified
No protocol specified
No protocol specified
No protocol specified
No protocol specified
No protocol specified
No protocol specified
No protocol specified
No protocol specified
No protocol specified
No protocol specified
No protocol specified
No protocol specified
No protocol specified
No protocol specified
No protocol specified
No protocol specified
No protocol specified
No protocol specified
No protocol specified
No protocol specified
No protocol specified
No protocol specified
No protocol specified
No protocol specified
No protocol specified
No protocol specified
No protocol specified
No protocol specified
No protocol specified
No protocol specified
No protocol specified
No protocol specified
No protocol specified
No protocol specified
No protocol specified
No protocol specified
No protocol specified
No protocol specified
No protocol specified
No protocol specified
No protocol specified
No protocol specified
No protocol specified
No protocol specified
No protocol specified
No protocol specified
No protocol specified
No protocol specified
No protocol specified
No protocol specified
No protocol specified
No protocol specified
No protocol specified
No protocol specified
No protocol specified
No protocol specified
No protocol specified
No protocol specified
No protocol specified
No protocol specified
No protocol specified
No protocol specified
No protocol specified
No protocol specified
No protocol specified
No protocol specified
No protocol specified
No protocol specified
No protocol specified
No protocol specified
No protocol specified
No protocol specified
No protocol specified
No protocol specified
No protocol specified
No protocol specified
No protocol specified
No protocol specified
No protocol specified
No protocol specified
No protocol specified
No protocol specified
No protocol specified
No protocol specified
No protocol specified
No protocol specified
No protocol specified
No protocol specified
No protocol specified
No protocol specified
No protocol specified
No protocol specified
No protocol specified
No protocol specified
No protocol specified
No protocol specified
No protocol specified
No protocol specified
No protocol specified
No protocol specified
No protocol specified
No protocol specified
No protocol specified
No protocol specified
No protocol specified
No protocol specified
No protocol specified
No protocol specified
No protocol specified
No protocol specified
No protocol specified
No protocol specified
No protocol specified
No protocol specified
No protocol specified
No protocol specified
No protocol specified
No protocol specified
No protocol specified
No protocol specified
No protocol specified
No protocol specified
No protocol specified
No protocol specified
No protocol specified
No protocol specified
No protocol specified
No protocol specified
No protocol specified
No protocol specified
No protocol specified
No protocol specified
No protocol specified
No protocol specified
No protocol specified
No protocol specified
No protocol specified
No protocol specified
No protocol specified
No protocol specified
No protocol specified
No protocol specified
No protocol specified
No protocol specified
No protocol specified
No protocol specified
No protocol specified
No protocol specified
No protocol specified
No protocol specified
No protocol specified
No protocol specified
No protocol specified
No protocol specified
No protocol specified
No protocol specified
No protocol specified
No protocol specified
No protocol specified
No protocol specified
No protocol specified
No protocol specified
No protocol specified
No protocol specified
No protocol specified
No protocol specified
No protocol specified
No protocol specified
No protocol specified
No protocol specified
No protocol specified
No protocol specified
No protocol specified
No protocol specified
No protocol specified
No protocol specified
No protocol specified
No protocol specified
No protocol specified
No protocol specified
No protocol specified
No protocol specified
No protocol specified
No protocol specified
No protocol specified
No protocol specified
No protocol specified
No protocol specified
No protocol specified
No protocol specified
No protocol specified
No protocol specified
No protocol specified
No protocol specified
No protocol specified
No protocol specified
No protocol specified
No protocol specified
No protocol specified
No protocol specified
No protocol specified
No protocol specified
No protocol specified
No protocol specified
No protocol specified
No protocol specified
No protocol specified
No protocol specified
No protocol specified
No protocol specified
No protocol specified
No protocol specified
No protocol specified
No protocol specified
No protocol specified
No protocol specified
No protocol specified
No protocol specified
No protocol specified
No protocol specified
No protocol specified
No protocol specified
No protocol specified
No protocol specified
No protocol specified
No protocol specified
No protocol specified
No protocol specified
No protocol specified
No protocol specified
No protocol specified
No protocol specified
No protocol specified
No protocol specified
No protocol specified
No protocol specified
No protocol specified
No protocol specified
No protocol specified
No protocol specified
No protocol specified
No protocol specified
No protocol specified
No protocol specified
No protocol specified
No protocol specified
No protocol specified
No protocol specified
No protocol specified
No protocol specified
No protocol specified
No protocol specified
No protocol specified
No protocol specified
No protocol specified
No protocol specified
No protocol specified
No protocol specified
No protocol specified
No protocol specified
No protocol specified
No protocol specified
No protocol specified
No protocol specified
No protocol specified
No protocol specified
No protocol specified
No protocol specified
No protocol specified
No protocol specified
No protocol specified
No protocol specified
No protocol specified
No protocol specified
No protocol specified
No protocol specified
No protocol specified
No protocol specified
No protocol specified
No protocol specified
No protocol specified
No protocol specified
No protocol specified
No protocol specified
No protocol specified
No protocol specified
No protocol specified
No protocol specified
No protocol specified
No protocol specified
No protocol specified
No protocol specified
No protocol specified
No protocol specified
No protocol specified
No protocol specified
No protocol specified
No protocol specified
No protocol specified
No protocol specified
No protocol specified
No protocol specified
No protocol specified
No protocol specified
No protocol specified
No protocol specified
No protocol specified
No protocol specified
No protocol specified
No protocol specified
No protocol specified
No protocol specified
No protocol specified
No protocol specified
No protocol specified
No protocol specified
No protocol specified
No protocol specified
No protocol specified
No protocol specified
No protocol specified
No protocol specified
No protocol specified
No protocol specified
No protocol specified
No protocol specified
No protocol specified
No protocol specified
No protocol specified
No protocol specified
No protocol specified
No protocol specified
No protocol specified
No protocol specified
No protocol specified
No protocol specified
No protocol specified
No protocol specified
No protocol specified
No protocol specified
No protocol specified
No protocol specified
No protocol specified
No protocol specified
No protocol specified
No protocol specified
No protocol specified
No protocol specified
No protocol specified
No protocol specified
No protocol specified
No protocol specified
No protocol specified
No protocol specified
No protocol specified
No protocol specified
No protocol specified
No protocol specified
No protocol specified
No protocol specified
No protocol specified
No protocol specified
No protocol specified
No protocol specified
No protocol specified
No protocol specified
No protocol specified
No protocol specified
No protocol specified
No protocol specified
No protocol specified
No protocol specified
No protocol specified
No protocol specified
No protocol specified
No protocol specified
No protocol specified
No protocol specified
No protocol specified
No protocol specified
No protocol specified
No protocol specified
No protocol specified
No protocol specified
No protocol specified
No protocol specified
No protocol specified
No protocol specified
No protocol specified
No protocol specified
No protocol specified
No protocol specified
No protocol specified
No protocol specified
No protocol specified
No protocol specified
No protocol specified
No protocol specified
No protocol specified
No protocol specified
No protocol specified
No protocol specified
No protocol specified
No protocol specified
No protocol specified
No protocol specified
No protocol specified
No protocol specified
No protocol specified
No protocol specified
No protocol specified
No protocol specified
No protocol specified
No protocol specified
No protocol specified
No protocol specified
No protocol specified
No protocol specified
No protocol specified
No protocol specified
No protocol specified
No protocol specified
No protocol specified
No protocol specified
No protocol specified
No protocol specified
No protocol specified
No protocol specified
No protocol specified
No protocol specified
No protocol specified
No protocol specified
No protocol specified
No protocol specified
No protocol specified
No protocol specified
No protocol specified
No protocol specified
No protocol specified
No protocol specified
No protocol specified
No protocol specified
No protocol specified
No protocol specified
No protocol specified
No protocol specified
No protocol specified
No protocol specified
No protocol specified
No protocol specified
No protocol specified
No protocol specified
No protocol specified
No protocol specified
No protocol specified
No protocol specified
No protocol specified
No protocol specified
No protocol specified
No protocol specified
No protocol specified
No protocol specified
No protocol specified
No protocol specified
No protocol specified
No protocol specified
No protocol specified
No protocol specified
No protocol specified
No protocol specified
No protocol specified
No protocol specified
No protocol specified
No protocol specified
No protocol specified
No protocol specified
No protocol specified
No protocol specified
No protocol specified
No protocol specified
No protocol specified
No protocol specified
No protocol specified
No protocol specified
No protocol specified
No protocol specified
No protocol specified
No protocol specified
No protocol specified
No protocol specified
No protocol specified
No protocol specified
No protocol specified
No protocol specified
No protocol specified
No protocol specified
No protocol specified
No protocol specified
No protocol specified
No protocol specified
No protocol specified
No protocol specified
No protocol specified
No protocol specified
No protocol specified
No protocol specified
No protocol specified
No protocol specified
No protocol specified
No protocol specified
No protocol specified
No protocol specified
No protocol specified
No protocol specified
No protocol specified
No protocol specified
No protocol specified
No protocol specified
No protocol specified
No protocol specified
No protocol specified
No protocol specified
No protocol specified
No protocol specified
No protocol specified
No protocol specified
No protocol specified
No protocol specified
No protocol specified
No protocol specified
No protocol specified
No protocol specified
No protocol specified
No protocol specified
No protocol specified
No protocol specified
No protocol specified
No protocol specified
No protocol specified
No protocol specified
No protocol specified
No protocol specified
No protocol specified
No protocol specified
No protocol specified
No protocol specified
No protocol specified
No protocol specified
No protocol specified
No protocol specified
No protocol specified
No protocol specified
No protocol specified
No protocol specified
No protocol specified
No protocol specified
No protocol specified
No protocol specified
No protocol specified
No protocol specified
No protocol specified
No protocol specified
No protocol specified
No protocol specified
No protocol specified
No protocol specified
No protocol specified
No protocol specified
No protocol specified
No protocol specified
No protocol specified
No protocol specified
No protocol specified
No protocol specified
No protocol specified
No protocol specified
No protocol specified
No protocol specified
No protocol specified
No protocol specified
No protocol specified
No protocol specified
No protocol specified
No protocol specified
No protocol specified
No protocol specified
No protocol specified
No protocol specified
No protocol specified
No protocol specified
No protocol specified
No protocol specified
No protocol specified
No protocol specified
No protocol specified
No protocol specified
No protocol specified
No protocol specified
No protocol specified
No protocol specified
No protocol specified
No protocol specified
No protocol specified
No protocol specified
No protocol specified
No protocol specified
No protocol specified
No protocol specified
No protocol specified
No protocol specified
No protocol specified
No protocol specified
No protocol specified
No protocol specified
No protocol specified
No protocol specified
No protocol specified
No protocol specified
No protocol specified
No protocol specified
No protocol specified
No protocol specified
No protocol specified
No protocol specified
No protocol specified
No protocol specified
No protocol specified
No protocol specified
No protocol specified
No protocol specified
No protocol specified
No protocol specified
No protocol specified
No protocol specified
No protocol specified
No protocol specified
No protocol specified
No protocol specified
No protocol specified
No protocol specified
No protocol specified
No protocol specified
No protocol specified
No protocol specified
No protocol specified
No protocol specified
No protocol specified
No protocol specified
No protocol specified
No protocol specified
No protocol specified
No protocol specified
No protocol specified
No protocol specified
No protocol specified
No protocol specified
No protocol specified
No protocol specified
No protocol specified
No protocol specified
No protocol specified
No protocol specified
No protocol specified
No protocol specified
No protocol specified
No protocol specified
No protocol specified
No protocol specified
No protocol specified
No protocol specified
No protocol specified
No protocol specified
No protocol specified
No protocol specified
No protocol specified
No protocol specified
No protocol specified
No protocol specified
No protocol specified
No protocol specified
No protocol specified
No protocol specified
No protocol specified
No protocol specified
No protocol specified
No protocol specified
No protocol specified
No protocol specified
No protocol specified
No protocol specified
No protocol specified
No protocol specified
No protocol specified
No protocol specified
No protocol specified
No protocol specified
No protocol specified
No protocol specified
No protocol specified
No protocol specified
No protocol specified
No protocol specified
No protocol specified
No protocol specified
No protocol specified
No protocol specified
No protocol specified
No protocol specified
No protocol specified
No protocol specified
No protocol specified
No protocol specified
No protocol specified
No protocol specified
No protocol specified
No protocol specified
No protocol specified
No protocol specified
No protocol specified
No protocol specified
No protocol specified
No protocol specified
No protocol specified
No protocol specified
No protocol specified
No protocol specified
No protocol specified
No protocol specified
No protocol specified
No protocol specified
No protocol specified
No protocol specified
No protocol specified
No protocol specified
No protocol specified
No protocol specified
No protocol specified
No protocol specified
No protocol specified
No protocol specified
No protocol specified
No protocol specified
No protocol specified
No protocol specified
No protocol specified
No protocol specified
No protocol specified
No protocol specified
No protocol specified
No protocol specified
No protocol specified
No protocol specified
No protocol specified
No protocol specified
No protocol specified
No protocol specified
No protocol specified
No protocol specified
No protocol specified
No protocol specified
No protocol specified
No protocol specified
No protocol specified
No protocol specified
No protocol specified
No protocol specified
No protocol specified
No protocol specified
No protocol specified
No protocol specified
No protocol specified
No protocol specified
No protocol specified
No protocol specified
No protocol specified
No protocol specified
No protocol specified
No protocol specified
No protocol specified
No protocol specified
No protocol specified
No protocol specified
No protocol specified
No protocol specified
No protocol specified
No protocol specified
No protocol specified
No protocol specified
No protocol specified
No protocol specified
No protocol specified
No protocol specified
No protocol specified
No protocol specified
No protocol specified
No protocol specified
No protocol specified
No protocol specified
No protocol specified
No protocol specified
No protocol specified
No protocol specified
No protocol specified
No protocol specified
No protocol specified
No protocol specified
No protocol specified
No protocol specified
No protocol specified
No protocol specified
No protocol specified
No protocol specified
No protocol specified
No protocol specified
No protocol specified
No protocol specified
No protocol specified
No protocol specified
No protocol specified
No protocol specified
No protocol specified
No protocol specified
No protocol specified
No protocol specified
No protocol specified
No protocol specified
No protocol specified
No protocol specified
No protocol specified
No protocol specified
No protocol specified
No protocol specified
No protocol specified
No protocol specified
No protocol specified
No protocol specified
No protocol specified
No protocol specified
No protocol specified
No protocol specified
No protocol specified
No protocol specified
No protocol specified
No protocol specified
No protocol specified
No protocol specified
No protocol specified
No protocol specified
No protocol specified
No protocol specified
No protocol specified
No protocol specified
No protocol specified
No protocol specified
No protocol specified
No protocol specified
No protocol specified
No protocol specified
No protocol specified
No protocol specified
No protocol specified
No protocol specified
No protocol specified
No protocol specified
No protocol specified
No protocol specified
No protocol specified
No protocol specified
No protocol specified
No protocol specified
No protocol specified
No protocol specified
No protocol specified
No protocol specified
No protocol specified
No protocol specified
No protocol specified
No protocol specified
No protocol specified
No protocol specified
No protocol specified
No protocol specified
No protocol specified
No protocol specified
No protocol specified
No protocol specified
No protocol specified
No protocol specified
No protocol specified
No protocol specified
No protocol specified
No protocol specified
No protocol specified
No protocol specified
No protocol specified
No protocol specified
No protocol specified
No protocol specified
No protocol specified
No protocol specified
No protocol specified
No protocol specified
No protocol specified
No protocol specified
No protocol specified
No protocol specified
No protocol specified
No protocol specified
No protocol specified
No protocol specified
No protocol specified
No protocol specified
No protocol specified
No protocol specified
No protocol specified
No protocol specified
No protocol specified
No protocol specified
No protocol specified
No protocol specified
No protocol specified
No protocol specified
No protocol specified
No protocol specified
No protocol specified
No protocol specified
No protocol specified
No protocol specified
No protocol specified
No protocol specified
No protocol specified
No protocol specified
No protocol specified
No protocol specified
No protocol specified
No protocol specified
No protocol specified
No protocol specified
No protocol specified
No protocol specified
No protocol specified
No protocol specified
No protocol specified
No protocol specified
No protocol specified
No protocol specified
No protocol specified
No protocol specified
No protocol specified
No protocol specified
No protocol specified
No protocol specified
No protocol specified
No protocol specified
No protocol specified
No protocol specified
No protocol specified
No protocol specified
No protocol specified
No protocol specified
No protocol specified
No protocol specified
No protocol specified
No protocol specified
No protocol specified
No protocol specified
No protocol specified
No protocol specified
No protocol specified
No protocol specified
No protocol specified
No protocol specified
No protocol specified
No protocol specified
No protocol specified
No protocol specified
No protocol specified
No protocol specified
No protocol specified
No protocol specified
No protocol specified
No protocol specified
No protocol specified
No protocol specified
No protocol specified
No protocol specified
No protocol specified
No protocol specified
No protocol specified
No protocol specified
No protocol specified
No protocol specified
No protocol specified
No protocol specified
No protocol specified
No protocol specified
No protocol specified
No protocol specified
No protocol specified
No protocol specified
No protocol specified
No protocol specified
No protocol specified
No protocol specified
No protocol specified
No protocol specified
No protocol specified
No protocol specified
No protocol specified
No protocol specified
No protocol specified
No protocol specified
No protocol specified
No protocol specified
No protocol specified
No protocol specified
No protocol specified
No protocol specified
No protocol specified
No protocol specified
No protocol specified
No protocol specified
No protocol specified
No protocol specified
No protocol specified
No protocol specified
No protocol specified
No protocol specified
No protocol specified
No protocol specified
No protocol specified
No protocol specified
No protocol specified
No protocol specified
No protocol specified
No protocol specified
No protocol specified
No protocol specified
No protocol specified
No protocol specified
No protocol specified
No protocol specified
No protocol specified
No protocol specified
No protocol specified
No protocol specified
No protocol specified
No protocol specified
No protocol specified
No protocol specified
No protocol specified
No protocol specified
No protocol specified
No protocol specified
No protocol specified
No protocol specified
No protocol specified
No protocol specified
No protocol specified
No protocol specified
No protocol specified
No protocol specified
No protocol specified
No protocol specified
No protocol specified
No protocol specified
No protocol specified
No protocol specified
No protocol specified
No protocol specified
No protocol specified
No protocol specified
No protocol specified
No protocol specified
No protocol specified
No protocol specified
No protocol specified
No protocol specified
No protocol specified
No protocol specified
No protocol specified
No protocol specified
No protocol specified
No protocol specified
No protocol specified
No protocol specified
No protocol specified
No protocol specified
No protocol specified
No protocol specified
No protocol specified
No protocol specified
No protocol specified
No protocol specified
No protocol specified
No protocol specified
No protocol specified
No protocol specified
No protocol specified
No protocol specified
No protocol specified
No protocol specified
No protocol specified
No protocol specified
No protocol specified
No protocol specified
No protocol specified
No protocol specified
No protocol specified
No protocol specified
No protocol specified
No protocol specified
No protocol specified
No protocol specified
No protocol specified
No protocol specified
No protocol specified
No protocol specified
No protocol specified
No protocol specified
No protocol specified
No protocol specified
No protocol specified
No protocol specified
No protocol specified
No protocol specified
No protocol specified
No protocol specified
No protocol specified
No protocol specified
No protocol specified
No protocol specified
No protocol specified
No protocol specified
No protocol specified
No protocol specified
No protocol specified
No protocol specified
No protocol specified
No protocol specified
No protocol specified
No protocol specified
No protocol specified
No protocol specified
No protocol specified
No protocol specified
No protocol specified
No protocol specified
No protocol specified
No protocol specified
No protocol specified
No protocol specified
No protocol specified
No protocol specified
No protocol specified
No protocol specified
No protocol specified
No protocol specified
No protocol specified
No protocol specified
No protocol specified
No protocol specified
No protocol specified
No protocol specified
No protocol specified
No protocol specified
No protocol specified
No protocol specified
No protocol specified
No protocol specified
No protocol specified
No protocol specified
No protocol specified
No protocol specified
No protocol specified
No protocol specified
No protocol specified
No protocol specified
No protocol specified
No protocol specified
No protocol specified
No protocol specified
No protocol specified
No protocol specified
No protocol specified
No protocol specified
No protocol specified
No protocol specified
No protocol specified
No protocol specified
No protocol specified
No protocol specified
No protocol specified
No protocol specified
No protocol specified
No protocol specified
No protocol specified
No protocol specified
No protocol specified
No protocol specified
No protocol specified
No protocol specified
No protocol specified
No protocol specified
No protocol specified
No protocol specified
No protocol specified
No protocol specified
No protocol specified
No protocol specified
No protocol specified
No protocol specified
No protocol specified
No protocol specified
No protocol specified
No protocol specified
No protocol specified
No protocol specified
No protocol specified
No protocol specified
No protocol specified
No protocol specified
No protocol specified
No protocol specified
No protocol specified
No protocol specified
No protocol specified
No protocol specified
No protocol specified
No protocol specified
No protocol specified
No protocol specified
No protocol specified
No protocol specified
No protocol specified
No protocol specified
No protocol specified
No protocol specified
No protocol specified
No protocol specified
No protocol specified
No protocol specified
No protocol specified
No protocol specified
No protocol specified
No protocol specified
No protocol specified
No protocol specified
No protocol specified
No protocol specified
No protocol specified
No protocol specified
No protocol specified
No protocol specified
No protocol specified
No protocol specified
No protocol specified
No protocol specified
No protocol specified
No protocol specified
No protocol specified
No protocol specified
No protocol specified
No protocol specified
No protocol specified
No protocol specified
No protocol specified
No protocol specified
No protocol specified
No protocol specified
No protocol specified
No protocol specified
No protocol specified
No protocol specified
No protocol specified
No protocol specified
No protocol specified
No protocol specified
No protocol specified
No protocol specified
No protocol specified
No protocol specified
No protocol specified
No protocol specified
No protocol specified
No protocol specified
No protocol specified
No protocol specified
No protocol specified
No protocol specified
No protocol specified
No protocol specified
No protocol specified
No protocol specified
No protocol specified
No protocol specified
No protocol specified
No protocol specified
No protocol specified
No protocol specified
No protocol specified
No protocol specified
No protocol specified
No protocol specified
No protocol specified
No protocol specified
No protocol specified
No protocol specified
No protocol specified
No protocol specified
No protocol specified
No protocol specified
No protocol specified
No protocol specified
No protocol specified
No protocol specified
No protocol specified
No protocol specified
No protocol specified
No protocol specified
No protocol specified
No protocol specified
No protocol specified
No protocol specified
No protocol specified
No protocol specified
No protocol specified
No protocol specified
No protocol specified
No protocol specified
No protocol specified
No protocol specified
No protocol specified
No protocol specified
No protocol specified
No protocol specified
No protocol specified
No protocol specified
No protocol specified
No protocol specified
No protocol specified
No protocol specified
No protocol specified
No protocol specified
No protocol specified
No protocol specified
No protocol specified
No protocol specified
No protocol specified
No protocol specified
No protocol specified
No protocol specified
No protocol specified
No protocol specified
No protocol specified
No protocol specified
No protocol specified
No protocol specified
No protocol specified
No protocol specified
No protocol specified
No protocol specified
No protocol specified
No protocol specified
No protocol specified
No protocol specified
No protocol specified
No protocol specified
No protocol specified
No protocol specified
No protocol specified
No protocol specified
No protocol specified
No protocol specified
No protocol specified
No protocol specified
No protocol specified
No protocol specified
No protocol specified
No protocol specified
No protocol specified
No protocol specified
No protocol specified
No protocol specified
No protocol specified
No protocol specified
No protocol specified
No protocol specified
No protocol specified
No protocol specified
No protocol specified
No protocol specified
No protocol specified
No protocol specified
No protocol specified
No protocol specified
No protocol specified
No protocol specified
No protocol specified
No protocol specified
No protocol specified
No protocol specified
No protocol specified
No protocol specified
No protocol specified
No protocol specified
No protocol specified
No protocol specified
No protocol specified
No protocol specified
No protocol specified
No protocol specified
No protocol specified
No protocol specified
No protocol specified
No protocol specified
No protocol specified
No protocol specified
No protocol specified
No protocol specified
No protocol specified
No protocol specified
No protocol specified
No protocol specified
No protocol specified
No protocol specified
No protocol specified
No protocol specified
No protocol specified
No protocol specified
No protocol specified
No protocol specified
No protocol specified
No protocol specified
No protocol specified
No protocol specified
No protocol specified
No protocol specified
No protocol specified
No protocol specified
No protocol specified
No protocol specified
No protocol specified
No protocol specified
No protocol specified
No protocol specified
No protocol specified
No protocol specified
No protocol specified
No protocol specified
No protocol specified
No protocol specified
No protocol specified
No protocol specified
No protocol specified
No protocol specified
No protocol specified
No protocol specified
No protocol specified
No protocol specified
No protocol specified
No protocol specified
No protocol specified
No protocol specified
No protocol specified
No protocol specified
No protocol specified
No protocol specified
No protocol specified
No protocol specified
No protocol specified
No protocol specified
No protocol specified
No protocol specified
No protocol specified
No protocol specified
No protocol specified
No protocol specified
No protocol specified
No protocol specified
No protocol specified
No protocol specified
No protocol specified
No protocol specified
No protocol specified
No protocol specified
No protocol specified
No protocol specified
No protocol specified
No protocol specified
No protocol specified
No protocol specified
No protocol specified
No protocol specified
No protocol specified
No protocol specified
No protocol specified
No protocol specified
No protocol specified
No protocol specified
No protocol specified
No protocol specified
No protocol specified
No protocol specified
No protocol specified
No protocol specified
No protocol specified
No protocol specified
No protocol specified
No protocol specified
No protocol specified
No protocol specified
No protocol specified
No protocol specified
No protocol specified
No protocol specified
No protocol specified
No protocol specified
No protocol specified
No protocol specified
No protocol specified
No protocol specified
No protocol specified
No protocol specified
No protocol specified
No protocol specified
No protocol specified
No protocol specified
No protocol specified
No protocol specified
No protocol specified
No protocol specified
No protocol specified
No protocol specified
No protocol specified
No protocol specified
No protocol specified
No protocol specified
No protocol specified
No protocol specified
No protocol specified
No protocol specified
No protocol specified
No protocol specified
No protocol specified
No protocol specified
No protocol specified
No protocol specified
No protocol specified
No protocol specified
No protocol specified
No protocol specified
No protocol specified
No protocol specified
No protocol specified
No protocol specified
No protocol specified
No protocol specified
No protocol specified
No protocol specified
No protocol specified
No protocol specified
No protocol specified
No protocol specified
No protocol specified
No protocol specified
No protocol specified
No protocol specified
No protocol specified
No protocol specified
No protocol specified
No protocol specified
No protocol specified
No protocol specified
No protocol specified
No protocol specified
No protocol specified
No protocol specified
No protocol specified
No protocol specified
No protocol specified
No protocol specified
No protocol specified
No protocol specified
No protocol specified
No protocol specified
No protocol specified
No protocol specified
No protocol specified
No protocol specified
No protocol specified
No protocol specified
No protocol specified
No protocol specified
No protocol specified
No protocol specified
No protocol specified
No protocol specified
No protocol specified
No protocol specified
No protocol specified
No protocol specified
No protocol specified
No protocol specified
No protocol specified
No protocol specified
No protocol specified
No protocol specified
No protocol specified
No protocol specified
No protocol specified
No protocol specified
No protocol specified
No protocol specified
No protocol specified
No protocol specified
No protocol specified
No protocol specified
No protocol specified
No protocol specified
No protocol specified
No protocol specified
No protocol specified
No protocol specified
No protocol specified
No protocol specified
No protocol specified
No protocol specified
No protocol specified
No protocol specified
No protocol specified
No protocol specified
No protocol specified
No protocol specified
No protocol specified
No protocol specified
No protocol specified
No protocol specified
No protocol specified
No protocol specified
No protocol specified
No protocol specified
No protocol specified
No protocol specified
No protocol specified
No protocol specified
No protocol specified
No protocol specified
No protocol specified
No protocol specified
No protocol specified
No protocol specified
No protocol specified
No protocol specified
No protocol specified
No protocol specified
No protocol specified
No protocol specified
No protocol specified
No protocol specified
No protocol specified
No protocol specified
No protocol specified
No protocol specified
No protocol specified
No protocol specified
No protocol specified
No protocol specified
No protocol specified
No protocol specified
No protocol specified
No protocol specified
No protocol specified
No protocol specified
No protocol specified
No protocol specified
No protocol specified
No protocol specified
No protocol specified
No protocol specified
No protocol specified
No protocol specified
No protocol specified
No protocol specified
No protocol specified
No protocol specified
No protocol specified
No protocol specified
No protocol specified
No protocol specified
No protocol specified
No protocol specified
No protocol specified
No protocol specified
No protocol specified
No protocol specified
No protocol specified
No protocol specified
No protocol specified
No protocol specified
No protocol specified
No protocol specified
No protocol specified
No protocol specified
No protocol specified
No protocol specified
No protocol specified
No protocol specified
No protocol specified
No protocol specified
No protocol specified
No protocol specified
No protocol specified
No protocol specified
No protocol specified
No protocol specified
No protocol specified
No protocol specified
No protocol specified
No protocol specified
No protocol specified
No protocol specified
No protocol specified
No protocol specified
No protocol specified
No protocol specified
No protocol specified
No protocol specified
No protocol specified
No protocol specified
No protocol specified
No protocol specified
No protocol specified
No protocol specified
No protocol specified
No protocol specified
No protocol specified
No protocol specified
No protocol specified
No protocol specified
No protocol specified
No protocol specified
No protocol specified
No protocol specified
No protocol specified
No protocol specified
No protocol specified
No protocol specified
No protocol specified
No protocol specified
No protocol specified
No protocol specified
No protocol specified
No protocol specified
No protocol specified
No protocol specified
No protocol specified
No protocol specified
No protocol specified
No protocol specified
No protocol specified
No protocol specified
No protocol specified
No protocol specified
No protocol specified
No protocol specified
No protocol specified
No protocol specified
No protocol specified
No protocol specified
No protocol specified
No protocol specified
No protocol specified
No protocol specified
No protocol specified
No protocol specified
No protocol specified
No protocol specified
No protocol specified
No protocol specified
No protocol specified
No protocol specified
No protocol specified
No protocol specified
No protocol specified
No protocol specified
No protocol specified
No protocol specified
No protocol specified
No protocol specified
No protocol specified
No protocol specified
No protocol specified
No protocol specified
No protocol specified
No protocol specified
No protocol specified
No protocol specified
No protocol specified
No protocol specified
No protocol specified
No protocol specified
No protocol specified
No protocol specified
No protocol specified
No protocol specified
No protocol specified
No protocol specified
No protocol specified
No protocol specified
No protocol specified
No protocol specified
No protocol specified
No protocol specified
No protocol specified
No protocol specified
No protocol specified
No protocol specified
No protocol specified
No protocol specified
No protocol specified
No protocol specified
No protocol specified
No protocol specified
No protocol specified
No protocol specified
No protocol specified
No protocol specified
No protocol specified
No protocol specified
No protocol specified
No protocol specified
No protocol specified
No protocol specified
No protocol specified
No protocol specified
No protocol specified
No protocol specified
No protocol specified
No protocol specified
No protocol specified
No protocol specified
No protocol specified
No protocol specified
No protocol specified
No protocol specified
No protocol specified
No protocol specified
No protocol specified
No protocol specified
No protocol specified
No protocol specified
No protocol specified
No protocol specified
No protocol specified
No protocol specified
No protocol specified
No protocol specified
No protocol specified
No protocol specified
No protocol specified
No protocol specified
No protocol specified
No protocol specified
No protocol specified
No protocol specified
No protocol specified
No protocol specified
No protocol specified
No protocol specified
No protocol specified
No protocol specified
No protocol specified
No protocol specified
No protocol specified
No protocol specified
No protocol specified
No protocol specified
No protocol specified
No protocol specified
No protocol specified
No protocol specified
No protocol specified
No protocol specified
No protocol specified
No protocol specified
No protocol specified
No protocol specified
No protocol specified
No protocol specified
No protocol specified
No protocol specified
No protocol specified
No protocol specified
No protocol specified
No protocol specified
No protocol specified
No protocol specified
No protocol specified
No protocol specified
No protocol specified
No protocol specified
No protocol specified
No protocol specified
No protocol specified
No protocol specified
No protocol specified
No protocol specified
No protocol specified
No protocol specified
No protocol specified
No protocol specified
No protocol specified
No protocol specified
No protocol specified
No protocol specified
No protocol specified
No protocol specified
No protocol specified
No protocol specified
No protocol specified
No protocol specified
No protocol specified
No protocol specified
No protocol specified
No protocol specified
No protocol specified
No protocol specified
No protocol specified
No protocol specified
No protocol specified
No protocol specified
No protocol specified
No protocol specified
No protocol specified
No protocol specified
No protocol specified
No protocol specified
No protocol specified
No protocol specified
No protocol specified
No protocol specified
No protocol specified
No protocol specified
No protocol specified
No protocol specified
No protocol specified
No protocol specified
No protocol specified
No protocol specified
No protocol specified
No protocol specified
No protocol specified
No protocol specified
No protocol specified
No protocol specified
No protocol specified
No protocol specified
No protocol specified
No protocol specified
No protocol specified
No protocol specified
No protocol specified
No protocol specified
No protocol specified
No protocol specified
No protocol specified
No protocol specified
No protocol specified
No protocol specified
No protocol specified
No protocol specified
No protocol specified
No protocol specified
No protocol specified
No protocol specified
No protocol specified
No protocol specified
No protocol specified
No protocol specified
No protocol specified
No protocol specified
No protocol specified
No protocol specified
No protocol specified
No protocol specified
No protocol specified
No protocol specified
No protocol specified
No protocol specified
No protocol specified
No protocol specified
No protocol specified
No protocol specified
No protocol specified
No protocol specified
No protocol specified
No protocol specified
No protocol specified
No protocol specified
No protocol specified
No protocol specified
No protocol specified
No protocol specified
No protocol specified
No protocol specified
No protocol specified
No protocol specified
No protocol specified
No protocol specified
No protocol specified
No protocol specified
No protocol specified
No protocol specified
No protocol specified
No protocol specified
No protocol specified
No protocol specified
No protocol specified
No protocol specified
No protocol specified
No protocol specified
No protocol specified
No protocol specified
No protocol specified
No protocol specified
No protocol specified
No protocol specified
No protocol specified
No protocol specified
No protocol specified
No protocol specified
No protocol specified
No protocol specified
No protocol specified
No protocol specified
No protocol specified
No protocol specified
No protocol specified
No protocol specified
No protocol specified
No protocol specified
No protocol specified
No protocol specified
No protocol specified
No protocol specified
No protocol specified
No protocol specified
No protocol specified
No protocol specified
No protocol specified
No protocol specified
No protocol specified
No protocol specified
No protocol specified
No protocol specified
No protocol specified
No protocol specified
No protocol specified
No protocol specified
No protocol specified
No protocol specified
No protocol specified
No protocol specified
No protocol specified
No protocol specified
No protocol specified
No protocol specified
No protocol specified
No protocol specified
No protocol specified
No protocol specified
No protocol specified
No protocol specified
No protocol specified
No protocol specified
No protocol specified
No protocol specified
No protocol specified
No protocol specified
No protocol specified
No protocol specified
No protocol specified
No protocol specified
No protocol specified
No protocol specified
No protocol specified
No protocol specified
No protocol specified
No protocol specified
No protocol specified
No protocol specified
No protocol specified
No protocol specified
No protocol specified
No protocol specified
No protocol specified
No protocol specified
No protocol specified
No protocol specified
No protocol specified
No protocol specified
No protocol specified
No protocol specified
No protocol specified
No protocol specified
No protocol specified
No protocol specified
No protocol specified
No protocol specified
No protocol specified
No protocol specified
No protocol specified
No protocol specified
No protocol specified
No protocol specified
No protocol specified
No protocol specified
No protocol specified
No protocol specified
No protocol specified
No protocol specified
No protocol specified
No protocol specified
No protocol specified
No protocol specified
No protocol specified
No protocol specified
No protocol specified
No protocol specified
No protocol specified
No protocol specified
No protocol specified
No protocol specified
No protocol specified
No protocol specified
No protocol specified
No protocol specified
No protocol specified
No protocol specified
No protocol specified
No protocol specified
No protocol specified
No protocol specified
No protocol specified
No protocol specified
No protocol specified
No protocol specified
No protocol specified
No protocol specified
No protocol specified
No protocol specified
No protocol specified
No protocol specified
No protocol specified
No protocol specified
No protocol specified
No protocol specified
No protocol specified
No protocol specified
No protocol specified
No protocol specified
No protocol specified
No protocol specified
No protocol specified
No protocol specified
No protocol specified
No protocol specified
No protocol specified
No protocol specified
No protocol specified
No protocol specified
No protocol specified
No protocol specified
No protocol specified
No protocol specified
No protocol specified
No protocol specified
No protocol specified
No protocol specified
No protocol specified
No protocol specified
No protocol specified
No protocol specified
No protocol specified
No protocol specified
No protocol specified
No protocol specified
No protocol specified
No protocol specified
No protocol specified
No protocol specified
No protocol specified
No protocol specified
No protocol specified
No protocol specified
No protocol specified
No protocol specified
No protocol specified
No protocol specified
No protocol specified
No protocol specified
No protocol specified
No protocol specified
No protocol specified
No protocol specified
No protocol specified
No protocol specified
No protocol specified
No protocol specified
No protocol specified
No protocol specified
No protocol specified
No protocol specified
No protocol specified
No protocol specified
No protocol specified
No protocol specified
No protocol specified
No protocol specified
No protocol specified
No protocol specified
No protocol specified
No protocol specified
No protocol specified
No protocol specified
No protocol specified
No protocol specified
No protocol specified
No protocol specified
No protocol specified
No protocol specified
No protocol specified
No protocol specified
No protocol specified
No protocol specified
No protocol specified
No protocol specified
No protocol specified
No protocol specified
No protocol specified
No protocol specified
No protocol specified
No protocol specified
No protocol specified
No protocol specified
No protocol specified
No protocol specified
No protocol specified
No protocol specified
No protocol specified
No protocol specified
No protocol specified
No protocol specified
No protocol specified
No protocol specified
No protocol specified
No protocol specified
No protocol specified
No protocol specified
No protocol specified
No protocol specified
No protocol specified
No protocol specified
No protocol specified
No protocol specified
No protocol specified
No protocol specified
No protocol specified
No protocol specified
No protocol specified
No protocol specified
No protocol specified
No protocol specified
No protocol specified
No protocol specified
No protocol specified
No protocol specified
No protocol specified
No protocol specified
No protocol specified
No protocol specified
No protocol specified
No protocol specified
No protocol specified
No protocol specified
No protocol specified
No protocol specified
No protocol specified
No protocol specified
No protocol specified
No protocol specified
No protocol specified
No protocol specified
No protocol specified
No protocol specified
No protocol specified
No protocol specified
No protocol specified
No protocol specified
No protocol specified
No protocol specified
No protocol specified
No protocol specified
No protocol specified
No protocol specified
No protocol specified
No protocol specified
No protocol specified
No protocol specified
No protocol specified
No protocol specified
No protocol specified
No protocol specified
No protocol specified
No protocol specified
No protocol specified
No protocol specified
No protocol specified
No protocol specified
No protocol specified
No protocol specified
No protocol specified
No protocol specified
No protocol specified
No protocol specified
No protocol specified
No protocol specified
No protocol specified
No protocol specified
No protocol specified
No protocol specified
No protocol specified
No protocol specified
No protocol specified
No protocol specified
No protocol specified
No protocol specified
No protocol specified
No protocol specified
No protocol specified
No protocol specified
No protocol specified
No protocol specified
No protocol specified
No protocol specified
No protocol specified
No protocol specified
No protocol specified
No protocol specified
No protocol specified
No protocol specified
No protocol specified
No protocol specified
No protocol specified
No protocol specified
No protocol specified
No protocol specified
No protocol specified
No protocol specified
No protocol specified
No protocol specified
No protocol specified
No protocol specified
No protocol specified
No protocol specified
No protocol specified
No protocol specified
No protocol specified
No protocol specified
No protocol specified
No protocol specified
No protocol specified
No protocol specified
No protocol specified
No protocol specified
No protocol specified
No protocol specified
No protocol specified
No protocol specified
No protocol specified
No protocol specified
No protocol specified
No protocol specified
No protocol specified
No protocol specified
No protocol specified
No protocol specified
No protocol specified
No protocol specified
No protocol specified
No protocol specified
No protocol specified
No protocol specified
No protocol specified
No protocol specified
No protocol specified
No protocol specified
No protocol specified
No protocol specified
No protocol specified
No protocol specified
No protocol specified
No protocol specified
No protocol specified
No protocol specified
No protocol specified
No protocol specified
No protocol specified
No protocol specified
No protocol specified
No protocol specified
No protocol specified
No protocol specified
No protocol specified
No protocol specified
No protocol specified
No protocol specified
No protocol specified
No protocol specified
No protocol specified
No protocol specified
No protocol specified
No protocol specified
No protocol specified
No protocol specified
No protocol specified
No protocol specified
No protocol specified
No protocol specified
No protocol specified
No protocol specified
No protocol specified
No protocol specified
No protocol specified
No protocol specified
No protocol specified
No protocol specified
No protocol specified
No protocol specified
No protocol specified
No protocol specified
No protocol specified
No protocol specified
No protocol specified
No protocol specified
No protocol specified
No protocol specified
No protocol specified
No protocol specified
No protocol specified
No protocol specified
No protocol specified
No protocol specified
No protocol specified
No protocol specified
No protocol specified
No protocol specified
No protocol specified
No protocol specified
No protocol specified
No protocol specified
No protocol specified
No protocol specified
No protocol specified
No protocol specified
No protocol specified
No protocol specified
No protocol specified
No protocol specified
No protocol specified
No protocol specified
No protocol specified
No protocol specified
No protocol specified
No protocol specified
No protocol specified
No protocol specified
No protocol specified
No protocol specified
No protocol specified
No protocol specified
No protocol specified
No protocol specified
No protocol specified
No protocol specified
No protocol specified
No protocol specified
No protocol specified
No protocol specified
No protocol specified
No protocol specified
No protocol specified
No protocol specified
No protocol specified
No protocol specified
No protocol specified
No protocol specified
No protocol specified
No protocol specified
No protocol specified
No protocol specified
No protocol specified
No protocol specified
No protocol specified
No protocol specified
No protocol specified
No protocol specified
No protocol specified
No protocol specified
No protocol specified
No protocol specified
No protocol specified
No protocol specified
No protocol specified
No protocol specified
No protocol specified
No protocol specified
No protocol specified
No protocol specified
No protocol specified
No protocol specified
No protocol specified
No protocol specified
No protocol specified
No protocol specified
No protocol specified
No protocol specified
No protocol specified
No protocol specified
No protocol specified
No protocol specified
No protocol specified
No protocol specified
No protocol specified
No protocol specified
No protocol specified
No protocol specified
No protocol specified
No protocol specified
No protocol specified
No protocol specified
No protocol specified
No protocol specified
No protocol specified
No protocol specified
No protocol specified
No protocol specified
No protocol specified
No protocol specified
No protocol specified
No protocol specified
No protocol specified
No protocol specified
No protocol specified
No protocol specified
No protocol specified
No protocol specified
No protocol specified
No protocol specified
No protocol specified
No protocol specified
No protocol specified
No protocol specified
No protocol specified
No protocol specified
No protocol specified
No protocol specified
No protocol specified
No protocol specified
No protocol specified
No protocol specified
No protocol specified
No protocol specified
No protocol specified
No protocol specified
No protocol specified
No protocol specified
No protocol specified
No protocol specified
No protocol specified
No protocol specified
No protocol specified
No protocol specified
No protocol specified
No protocol specified
No protocol specified
No protocol specified
No protocol specified
No protocol specified
No protocol specified
No protocol specified
No protocol specified
No protocol specified
No protocol specified
No protocol specified
No protocol specified
No protocol specified
No protocol specified
No protocol specified
No protocol specified
No protocol specified
No protocol specified
No protocol specified
No protocol specified
No protocol specified
No protocol specified
No protocol specified
No protocol specified
No protocol specified
No protocol specified
No protocol specified
No protocol specified
No protocol specified
No protocol specified
No protocol specified
No protocol specified
No protocol specified
No protocol specified
No protocol specified
No protocol specified
No protocol specified
No protocol specified
No protocol specified
No protocol specified
No protocol specified
No protocol specified
No protocol specified
No protocol specified
No protocol specified
No protocol specified
No protocol specified
No protocol specified
No protocol specified
No protocol specified
No protocol specified
No protocol specified
No protocol specified
No protocol specified
No protocol specified
No protocol specified
No protocol specified
No protocol specified
No protocol specified
No protocol specified
No protocol specified
No protocol specified
No protocol specified
No protocol specified
No protocol specified
No protocol specified
No protocol specified
No protocol specified
No protocol specified
No protocol specified
No protocol specified
No protocol specified
No protocol specified
No protocol specified
No protocol specified
No protocol specified
No protocol specified
No protocol specified
No protocol specified
No protocol specified
No protocol specified
No protocol specified
No protocol specified
No protocol specified
No protocol specified
No protocol specified
No protocol specified
No protocol specified
No protocol specified
No protocol specified
No protocol specified
No protocol specified
No protocol specified
No protocol specified
No protocol specified
No protocol specified
No protocol specified
No protocol specified
No protocol specified
No protocol specified
No protocol specified
No protocol specified
No protocol specified
No protocol specified
No protocol specified
No protocol specified
No protocol specified
No protocol specified
No protocol specified
No protocol specified
No protocol specified
No protocol specified
No protocol specified
No protocol specified
No protocol specified
No protocol specified
No protocol specified
No protocol specified
No protocol specified
No protocol specified
No protocol specified
No protocol specified
No protocol specified
No protocol specified
No protocol specified
No protocol specified
No protocol specified
No protocol specified
No protocol specified
No protocol specified
No protocol specified
No protocol specified
No protocol specified
No protocol specified
No protocol specified
No protocol specified
No protocol specified
No protocol specified
No protocol specified
No protocol specified
No protocol specified
No protocol specified
No protocol specified
No protocol specified
No protocol specified
No protocol specified
No protocol specified
No protocol specified
No protocol specified
No protocol specified
No protocol specified
No protocol specified
No protocol specified
No protocol specified
No protocol specified
No protocol specified
No protocol specified
No protocol specified
No protocol specified
No protocol specified
No protocol specified
No protocol specified
No protocol specified
No protocol specified
No protocol specified
No protocol specified
No protocol specified
No protocol specified
No protocol specified
No protocol specified
No protocol specified
No protocol specified
No protocol specified
No protocol specified
No protocol specified
No protocol specified
No protocol specified
No protocol specified
No protocol specified
No protocol specified
No protocol specified
No protocol specified
No protocol specified
No protocol specified
No protocol specified
No protocol specified
No protocol specified
No protocol specified
No protocol specified
No protocol specified
No protocol specified
No protocol specified
No protocol specified
No protocol specified
No protocol specified
No protocol specified
No protocol specified
No protocol specified
No protocol specified
No protocol specified
No protocol specified
No protocol specified
No protocol specified
No protocol specified
No protocol specified
No protocol specified
No protocol specified
No protocol specified
No protocol specified
No protocol specified
No protocol specified
No protocol specified
No protocol specified
No protocol specified
No protocol specified
No protocol specified
No protocol specified
No protocol specified
No protocol specified
No protocol specified
No protocol specified
No protocol specified
No protocol specified
No protocol specified
No protocol specified
No protocol specified
No protocol specified
No protocol specified
No protocol specified
No protocol specified
No protocol specified
No protocol specified
No protocol specified
No protocol specified
No protocol specified
No protocol specified
No protocol specified
No protocol specified
No protocol specified
No protocol specified
No protocol specified
No protocol specified
No protocol specified
No protocol specified
No protocol specified
No protocol specified
No protocol specified
No protocol specified
No protocol specified
No protocol specified
No protocol specified
No protocol specified
No protocol specified
No protocol specified
No protocol specified
No protocol specified
No protocol specified
No protocol specified
No protocol specified
No protocol specified
No protocol specified
No protocol specified
No protocol specified
No protocol specified
No protocol specified
No protocol specified
No protocol specified
No protocol specified
No protocol specified
No protocol specified
No protocol specified
No protocol specified
No protocol specified
No protocol specified
No protocol specified
No protocol specified
No protocol specified
No protocol specified
No protocol specified
No protocol specified
No protocol specified
No protocol specified
No protocol specified
No protocol specified
No protocol specified
No protocol specified
No protocol specified
No protocol specified
No protocol specified
No protocol specified
No protocol specified
No protocol specified
No protocol specified
No protocol specified
No protocol specified
No protocol specified
No protocol specified
No protocol specified
No protocol specified
No protocol specified
No protocol specified
No protocol specified
No protocol specified
No protocol specified
No protocol specified
No protocol specified
No protocol specified
No protocol specified
No protocol specified
No protocol specified
No protocol specified
No protocol specified
No protocol specified
No protocol specified
No protocol specified
No protocol specified
No protocol specified
No protocol specified
No protocol specified
No protocol specified
No protocol specified
No protocol specified
No protocol specified
No protocol specified
No protocol specified
No protocol specified
No protocol specified
No protocol specified
No protocol specified
No protocol specified
No protocol specified
No protocol specified
No protocol specified
No protocol specified
No protocol specified
No protocol specified
No protocol specified
No protocol specified
No protocol specified
No protocol specified
No protocol specified
No protocol specified
No protocol specified
No protocol specified
No protocol specified
No protocol specified
No protocol specified
No protocol specified
No protocol specified
No protocol specified
No protocol specified
No protocol specified
No protocol specified
No protocol specified
No protocol specified
No protocol specified
No protocol specified
No protocol specified
No protocol specified
No protocol specified
No protocol specified
No protocol specified
No protocol specified
No protocol specified
No protocol specified
No protocol specified
No protocol specified
No protocol specified
No protocol specified
No protocol specified
No protocol specified
No protocol specified
No protocol specified
No protocol specified
No protocol specified
No protocol specified
No protocol specified
No protocol specified
No protocol specified
No protocol specified
No protocol specified
No protocol specified
No protocol specified
No protocol specified
No protocol specified
No protocol specified
No protocol specified
No protocol specified
No protocol specified
No protocol specified
No protocol specified
No protocol specified
No protocol specified
No protocol specified
No protocol specified
No protocol specified
No protocol specified
No protocol specified
No protocol specified
No protocol specified
No protocol specified
No protocol specified
No protocol specified
No protocol specified
No protocol specified
No protocol specified
No protocol specified
No protocol specified
No protocol specified
No protocol specified
No protocol specified
No protocol specified
No protocol specified
No protocol specified
No protocol specified
No protocol specified
No protocol specified
No protocol specified
No protocol specified
No protocol specified
No protocol specified
No protocol specified
No protocol specified
No protocol specified
No protocol specified
No protocol specified
No protocol specified
No protocol specified
No protocol specified
No protocol specified
No protocol specified
No protocol specified
No protocol specified
No protocol specified
No protocol specified
No protocol specified
No protocol specified
No protocol specified
No protocol specified
No protocol specified
No protocol specified
No protocol specified
No protocol specified
No protocol specified
No protocol specified
No protocol specified
No protocol specified
No protocol specified
No protocol specified
No protocol specified
No protocol specified
No protocol specified
No protocol specified
No protocol specified
No protocol specified
No protocol specified
No protocol specified
No protocol specified
No protocol specified
No protocol specified
No protocol specified
No protocol specified
No protocol specified
No protocol specified
No protocol specified
No protocol specified
No protocol specified
No protocol specified
No protocol specified
No protocol specified
No protocol specified
No protocol specified
No protocol specified
No protocol specified
No protocol specified
No protocol specified
No protocol specified
No protocol specified
No protocol specified
No protocol specified
No protocol specified
No protocol specified
No protocol specified
No protocol specified
No protocol specified
No protocol specified
No protocol specified
No protocol specified
No protocol specified
No protocol specified
No protocol specified
No protocol specified
No protocol specified
No protocol specified
No protocol specified
No protocol specified
No protocol specified
No protocol specified
No protocol specified
No protocol specified
No protocol specified
No protocol specified
No protocol specified
No protocol specified
No protocol specified
No protocol specified
No protocol specified
No protocol specified
No protocol specified
No protocol specified
No protocol specified
No protocol specified
No protocol specified
No protocol specified
No protocol specified
No protocol specified
No protocol specified
No protocol specified
No protocol specified
No protocol specified
No protocol specified
No protocol specified
No protocol specified
No protocol specified
No protocol specified
No protocol specified
No protocol specified
No protocol specified
No protocol specified
No protocol specified
No protocol specified
No protocol specified
No protocol specified
No protocol specified
No protocol specified
No protocol specified
No protocol specified
No protocol specified
No protocol specified
No protocol specified
No protocol specified
No protocol specified
No protocol specified
No protocol specified
No protocol specified
No protocol specified
No protocol specified
No protocol specified
No protocol specified
No protocol specified
No protocol specified
No protocol specified
No protocol specified
No protocol specified
No protocol specified
No protocol specified
No protocol specified
No protocol specified
No protocol specified
No protocol specified
No protocol specified
No protocol specified
No protocol specified
No protocol specified
No protocol specified
No protocol specified
No protocol specified
No protocol specified
No protocol specified
No protocol specified
No protocol specified
No protocol specified
No protocol specified
No protocol specified
No protocol specified
No protocol specified
No protocol specified
No protocol specified
No protocol specified
No protocol specified
No protocol specified
No protocol specified
No protocol specified
No protocol specified
No protocol specified
No protocol specified
No protocol specified
No protocol specified
No protocol specified
No protocol specified
No protocol specified
No protocol specified
No protocol specified
No protocol specified
No protocol specified
No protocol specified
No protocol specified
No protocol specified
No protocol specified
No protocol specified
No protocol specified
No protocol specified
No protocol specified
No protocol specified
No protocol specified
No protocol specified
No protocol specified
No protocol specified
No protocol specified
No protocol specified
No protocol specified
No protocol specified
No protocol specified
No protocol specified
No protocol specified
No protocol specified
No protocol specified
No protocol specified
No protocol specified
No protocol specified
No protocol specified
No protocol specified
No protocol specified
No protocol specified
No protocol specified
No protocol specified
No protocol specified
No protocol specified
No protocol specified
No protocol specified
No protocol specified
No protocol specified
No protocol specified
No protocol specified
No protocol specified
No protocol specified
No protocol specified
No protocol specified
No protocol specified
No protocol specified
No protocol specified
No protocol specified
No protocol specified
No protocol specified
No protocol specified
No protocol specified
No protocol specified
No protocol specified
No protocol specified
No protocol specified
No protocol specified
No protocol specified
No protocol specified
No protocol specified
No protocol specified
No protocol specified
No protocol specified
No protocol specified
No protocol specified
No protocol specified
No protocol specified
No protocol specified
No protocol specified
No protocol specified
No protocol specified
No protocol specified
No protocol specified
No protocol specified
No protocol specified
No protocol specified
No protocol specified
No protocol specified
No protocol specified
No protocol specified
No protocol specified
No protocol specified
No protocol specified
No protocol specified
No protocol specified
No protocol specified
No protocol specified
No protocol specified
No protocol specified
No protocol specified
No protocol specified
No protocol specified
No protocol specified
No protocol specified
No protocol specified
No protocol specified
No protocol specified
No protocol specified
No protocol specified
No protocol specified
No protocol specified
No protocol specified
No protocol specified
No protocol specified
No protocol specified
No protocol specified
No protocol specified
No protocol specified
No protocol specified
No protocol specified
No protocol specified
No protocol specified
No protocol specified
No protocol specified
No protocol specified
No protocol specified
No protocol specified
No protocol specified
No protocol specified
No protocol specified
No protocol specified
No protocol specified
No protocol specified
No protocol specified
No protocol specified
No protocol specified
No protocol specified
No protocol specified
No protocol specified
No protocol specified
No protocol specified
No protocol specified
No protocol specified
No protocol specified
No protocol specified
No protocol specified
No protocol specified
No protocol specified
No protocol specified
No protocol specified
No protocol specified
No protocol specified
No protocol specified
No protocol specified
No protocol specified
No protocol specified
No protocol specified
No protocol specified
No protocol specified
No protocol specified
No protocol specified
No protocol specified
No protocol specified
No protocol specified
No protocol specified
No protocol specified
No protocol specified
No protocol specified
No protocol specified
No protocol specified
No protocol specified
No protocol specified
No protocol specified
No protocol specified
No protocol specified
No protocol specified
No protocol specified
No protocol specified
No protocol specified
No protocol specified
No protocol specified
No protocol specified
No protocol specified
No protocol specified
No protocol specified
No protocol specified
No protocol specified
No protocol specified
No protocol specified
No protocol specified
No protocol specified
No protocol specified
No protocol specified
No protocol specified
No protocol specified
No protocol specified
No protocol specified
No protocol specified
No protocol specified
No protocol specified
No protocol specified
No protocol specified
No protocol specified
No protocol specified
No protocol specified
No protocol specified
No protocol specified
No protocol specified
No protocol specified
No protocol specified
No protocol specified
No protocol specified
No protocol specified
No protocol specified
No protocol specified
No protocol specified
No protocol specified
No protocol specified
No protocol specified
No protocol specified
No protocol specified
No protocol specified
No protocol specified
No protocol specified
No protocol specified
No protocol specified
No protocol specified
No protocol specified
No protocol specified
No protocol specified
No protocol specified
No protocol specified
No protocol specified
No protocol specified
No protocol specified
No protocol specified
No protocol specified
No protocol specified
No protocol specified
No protocol specified
No protocol specified
No protocol specified
No protocol specified
No protocol specified
No protocol specified
No protocol specified
No protocol specified
No protocol specified
No protocol specified
No protocol specified
No protocol specified
No protocol specified
No protocol specified
No protocol specified
No protocol specified
No protocol specified
No protocol specified
No protocol specified
No protocol specified
No protocol specified
No protocol specified
No protocol specified
No protocol specified
No protocol specified
No protocol specified
No protocol specified
No protocol specified
No protocol specified
No protocol specified
No protocol specified
No protocol specified
No protocol specified
No protocol specified
No protocol specified
No protocol specified
No protocol specified
No protocol specified
No protocol specified
No protocol specified
No protocol specified
No protocol specified
No protocol specified
No protocol specified
No protocol specified
No protocol specified
No protocol specified
No protocol specified
No protocol specified
No protocol specified
No protocol specified
No protocol specified
No protocol specified
No protocol specified
No protocol specified
No protocol specified
No protocol specified
No protocol specified
No protocol specified
No protocol specified
No protocol specified
No protocol specified
No protocol specified
No protocol specified
No protocol specified
No protocol specified
No protocol specified
No protocol specified
No protocol specified
No protocol specified
No protocol specified
No protocol specified
No protocol specified
No protocol specified
No protocol specified
No protocol specified
No protocol specified
No protocol specified
No protocol specified
No protocol specified
No protocol specified
No protocol specified
No protocol specified
No protocol specified
No protocol specified
No protocol specified
No protocol specified
No protocol specified
No protocol specified
No protocol specified
No protocol specified
No protocol specified
No protocol specified
No protocol specified
No protocol specified
No protocol specified
No protocol specified
No protocol specified
No protocol specified
No protocol specified
No protocol specified
No protocol specified
No protocol specified
No protocol specified
No protocol specified
No protocol specified
No protocol specified
No protocol specified
No protocol specified
No protocol specified
No protocol specified
No protocol specified
No protocol specified
No protocol specified
No protocol specified
No protocol specified
No protocol specified
No protocol specified
No protocol specified
No protocol specified
No protocol specified
No protocol specified
No protocol specified
No protocol specified
No protocol specified
No protocol specified
No protocol specified
No protocol specified
No protocol specified
No protocol specified
No protocol specified
No protocol specified
No protocol specified
No protocol specified
No protocol specified
No protocol specified
No protocol specified
No protocol specified
No protocol specified
No protocol specified
No protocol specified
No protocol specified
No protocol specified
No protocol specified
No protocol specified
No protocol specified
No protocol specified
No protocol specified
No protocol specified
No protocol specified
No protocol specified
No protocol specified
No protocol specified
No protocol specified
No protocol specified
No protocol specified
No protocol specified
No protocol specified
No protocol specified
No protocol specified
No protocol specified
No protocol specified
No protocol specified
No protocol specified
No protocol specified
No protocol specified
No protocol specified
No protocol specified
No protocol specified
No protocol specified
No protocol specified
No protocol specified
No protocol specified
No protocol specified
No protocol specified
No protocol specified
No protocol specified
No protocol specified
No protocol specified
No protocol specified
No protocol specified
No protocol specified
No protocol specified
No protocol specified
No protocol specified
No protocol specified
No protocol specified
No protocol specified
No protocol specified
No protocol specified
No protocol specified
No protocol specified
No protocol specified
No protocol specified
No protocol specified
No protocol specified
No protocol specified
No protocol specified
No protocol specified
No protocol specified
No protocol specified
No protocol specified
No protocol specified
No protocol specified
No protocol specified
No protocol specified
No protocol specified
No protocol specified
No protocol specified
No protocol specified
No protocol specified
No protocol specified
No protocol specified
No protocol specified
No protocol specified
No protocol specified
No protocol specified
No protocol specified
No protocol specified
No protocol specified
No protocol specified
No protocol specified
No protocol specified
No protocol specified
No protocol specified
No protocol specified
No protocol specified
No protocol specified
No protocol specified
No protocol specified
No protocol specified
No protocol specified
No protocol specified
No protocol specified
No protocol specified
No protocol specified
No protocol specified
No protocol specified
No protocol specified
No protocol specified
No protocol specified
No protocol specified
No protocol specified
No protocol specified
No protocol specified
No protocol specified
No protocol specified
No protocol specified
No protocol specified
No protocol specified
No protocol specified
No protocol specified
No protocol specified
No protocol specified
No protocol specified
No protocol specified
No protocol specified
No protocol specified
No protocol specified
No protocol specified
No protocol specified
No protocol specified
No protocol specified
No protocol specified
No protocol specified
No protocol specified
No protocol specified
No protocol specified
No protocol specified
No protocol specified
No protocol specified
No protocol specified
No protocol specified
No protocol specified
No protocol specified
No protocol specified
No protocol specified
No protocol specified
No protocol specified
No protocol specified
No protocol specified
No protocol specified
No protocol specified
No protocol specified
No protocol specified
No protocol specified
No protocol specified
No protocol specified
No protocol specified
No protocol specified
No protocol specified
No protocol specified
No protocol specified
No protocol specified
No protocol specified
No protocol specified
No protocol specified
No protocol specified
No protocol specified
No protocol specified
No protocol specified
No protocol specified
No protocol specified
No protocol specified
No protocol specified
No protocol specified
No protocol specified
No protocol specified
No protocol specified
No protocol specified
No protocol specified
No protocol specified
No protocol specified
No protocol specified
No protocol specified
No protocol specified
No protocol specified
No protocol specified
No protocol specified
No protocol specified
No protocol specified
No protocol specified
No protocol specified
No protocol specified
No protocol specified
No protocol specified
No protocol specified
No protocol specified
No protocol specified
No protocol specified
No protocol specified
No protocol specified
No protocol specified
No protocol specified
No protocol specified
No protocol specified
No protocol specified
No protocol specified
No protocol specified
No protocol specified
No protocol specified
No protocol specified
No protocol specified
No protocol specified
No protocol specified
No protocol specified
No protocol specified
No protocol specified
No protocol specified
No protocol specified
No protocol specified
No protocol specified
No protocol specified
No protocol specified
No protocol specified
No protocol specified
No protocol specified
No protocol specified
No protocol specified
No protocol specified
No protocol specified
No protocol specified
No protocol specified
No protocol specified
No protocol specified
No protocol specified
No protocol specified
No protocol specified
No protocol specified
No protocol specified
No protocol specified
No protocol specified
No protocol specified
No protocol specified
No protocol specified
No protocol specified
No protocol specified
No protocol specified
No protocol specified
No protocol specified
No protocol specified
No protocol specified
No protocol specified
No protocol specified
No protocol specified
No protocol specified
No protocol specified
No protocol specified
No protocol specified
No protocol specified
No protocol specified
No protocol specified
No protocol specified
No protocol specified
No protocol specified
No protocol specified
No protocol specified
No protocol specified
No protocol specified
No protocol specified
No protocol specified
No protocol specified
No protocol specified
No protocol specified
No protocol specified
No protocol specified
No protocol specified
No protocol specified
No protocol specified
No protocol specified
No protocol specified
No protocol specified
No protocol specified
No protocol specified
No protocol specified
No protocol specified
No protocol specified
No protocol specified
No protocol specified
No protocol specified
No protocol specified
No protocol specified
No protocol specified
No protocol specified
No protocol specified
No protocol specified
No protocol specified
No protocol specified
No protocol specified
No protocol specified
No protocol specified
No protocol specified
No protocol specified
No protocol specified
No protocol specified
No protocol specified
No protocol specified
No protocol specified
No protocol specified
No protocol specified
No protocol specified
No protocol specified
No protocol specified
No protocol specified
No protocol specified
No protocol specified
No protocol specified
No protocol specified
No protocol specified
No protocol specified
No protocol specified
No protocol specified
No protocol specified
No protocol specified
No protocol specified
No protocol specified
No protocol specified
No protocol specified
No protocol specified
No protocol specified
No protocol specified
No protocol specified
No protocol specified
No protocol specified
No protocol specified
No protocol specified
No protocol specified
No protocol specified
No protocol specified
No protocol specified
No protocol specified
No protocol specified
No protocol specified
No protocol specified
No protocol specified
No protocol specified
No protocol specified
No protocol specified
No protocol specified
No protocol specified
No protocol specified
No protocol specified
No protocol specified
No protocol specified
No protocol specified
No protocol specified
No protocol specified
No protocol specified
No protocol specified
No protocol specified
No protocol specified
No protocol specified
No protocol specified
No protocol specified
No protocol specified
No protocol specified
No protocol specified
No protocol specified
No protocol specified
No protocol specified
No protocol specified
No protocol specified
No protocol specified
No protocol specified
No protocol specified
No protocol specified
No protocol specified
No protocol specified
No protocol specified
No protocol specified
No protocol specified
No protocol specified
No protocol specified
No protocol specified
No protocol specified
No protocol specified
No protocol specified
No protocol specified
No protocol specified
No protocol specified
No protocol specified
No protocol specified
No protocol specified
No protocol specified
No protocol specified
No protocol specified
No protocol specified
No protocol specified
No protocol specified
No protocol specified
No protocol specified
No protocol specified
No protocol specified
No protocol specified
No protocol specified
No protocol specified
No protocol specified
No protocol specified
No protocol specified
No protocol specified
No protocol specified
No protocol specified
No protocol specified
No protocol specified
No protocol specified
No protocol specified
No protocol specified
No protocol specified
No protocol specified
No protocol specified
No protocol specified
No protocol specified
No protocol specified
No protocol specified
No protocol specified
No protocol specified
No protocol specified
No protocol specified
No protocol specified
No protocol specified
No protocol specified
No protocol specified
No protocol specified
No protocol specified
No protocol specified
No protocol specified
No protocol specified
No protocol specified
No protocol specified
No protocol specified
No protocol specified
No protocol specified
No protocol specified
No protocol specified
No protocol specified
No protocol specified
No protocol specified
No protocol specified
No protocol specified
No protocol specified
No protocol specified
No protocol specified
No protocol specified
No protocol specified
No protocol specified
No protocol specified
No protocol specified
No protocol specified
No protocol specified
No protocol specified
No protocol specified
No protocol specified
No protocol specified
No protocol specified
No protocol specified
No protocol specified
No protocol specified
No protocol specified
No protocol specified
No protocol specified
No protocol specified
No protocol specified
No protocol specified
No protocol specified
No protocol specified
No protocol specified
No protocol specified
No protocol specified
No protocol specified
No protocol specified
No protocol specified
No protocol specified
No protocol specified
No protocol specified
No protocol specified
No protocol specified
No protocol specified
No protocol specified
No protocol specified
No protocol specified
No protocol specified
No protocol specified
No protocol specified
No protocol specified
No protocol specified
No protocol specified
No protocol specified
No protocol specified
No protocol specified
No protocol specified
No protocol specified
No protocol specified
No protocol specified
No protocol specified
No protocol specified
No protocol specified
No protocol specified
No protocol specified
No protocol specified
No protocol specified
No protocol specified
No protocol specified
No protocol specified
No protocol specified
No protocol specified
No protocol specified
No protocol specified
No protocol specified
No protocol specified
No protocol specified
No protocol specified
No protocol specified
No protocol specified
No protocol specified
No protocol specified
No protocol specified
No protocol specified
No protocol specified
No protocol specified
No protocol specified
No protocol specified
No protocol specified
No protocol specified
No protocol specified
No protocol specified
No protocol specified
No protocol specified
No protocol specified
No protocol specified
No protocol specified
No protocol specified
No protocol specified
No protocol specified
No protocol specified
No protocol specified
No protocol specified
No protocol specified
No protocol specified
No protocol specified
No protocol specified
No protocol specified
No protocol specified
No protocol specified
No protocol specified
No protocol specified
No protocol specified
No protocol specified
No protocol specified
No protocol specified
No protocol specified
No protocol specified
No protocol specified
No protocol specified
No protocol specified
No protocol specified
No protocol specified
No protocol specified
No protocol specified
No protocol specified
No protocol specified
No protocol specified
No protocol specified
No protocol specified
No protocol specified
No protocol specified
No protocol specified
No protocol specified
No protocol specified
No protocol specified
No protocol specified
No protocol specified
No protocol specified
No protocol specified
No protocol specified
No protocol specified
No protocol specified
No protocol specified
No protocol specified
No protocol specified
No protocol specified
No protocol specified
No protocol specified
No protocol specified
No protocol specified
No protocol specified
No protocol specified
No protocol specified
No protocol specified
No protocol specified
No protocol specified
No protocol specified
No protocol specified
No protocol specified
No protocol specified
No protocol specified
No protocol specified
No protocol specified
No protocol specified
No protocol specified
No protocol specified
No protocol specified
No protocol specified
No protocol specified
No protocol specified
No protocol specified
No protocol specified
No protocol specified
No protocol specified
No protocol specified
No protocol specified
No protocol specified
No protocol specified
No protocol specified
No protocol specified
No protocol specified
No protocol specified
No protocol specified
No protocol specified
No protocol specified
No protocol specified
No protocol specified
No protocol specified
No protocol specified
No protocol specified
No protocol specified
No protocol specified
No protocol specified
No protocol specified
No protocol specified
No protocol specified
No protocol specified
No protocol specified
No protocol specified
No protocol specified
No protocol specified
No protocol specified
No protocol specified
No protocol specified
No protocol specified
No protocol specified
No protocol specified
No protocol specified
No protocol specified
No protocol specified
No protocol specified
No protocol specified
No protocol specified
No protocol specified
No protocol specified
No protocol specified
No protocol specified
No protocol specified
No protocol specified
No protocol specified
No protocol specified
No protocol specified
No protocol specified
No protocol specified
No protocol specified
No protocol specified
No protocol specified
No protocol specified
No protocol specified
No protocol specified
No protocol specified
No protocol specified
No protocol specified
No protocol specified
No protocol specified
No protocol specified
No protocol specified
No protocol specified
No protocol specified
No protocol specified
No protocol specified
No protocol specified
No protocol specified
No protocol specified
No protocol specified
No protocol specified
No protocol specified
No protocol specified
No protocol specified
No protocol specified
No protocol specified
No protocol specified
No protocol specified
No protocol specified
No protocol specified
No protocol specified
No protocol specified
No protocol specified
No protocol specified
No protocol specified
No protocol specified
No protocol specified
No protocol specified
No protocol specified
No protocol specified
No protocol specified
No protocol specified
No protocol specified
No protocol specified
No protocol specified
No protocol specified
No protocol specified
No protocol specified
No protocol specified
No protocol specified
No protocol specified
No protocol specified
No protocol specified
No protocol specified
No protocol specified
No protocol specified
No protocol specified
No protocol specified
No protocol specified
No protocol specified
No protocol specified
No protocol specified
No protocol specified
No protocol specified
No protocol specified
No protocol specified
No protocol specified
No protocol specified
No protocol specified
No protocol specified
No protocol specified
No protocol specified
No protocol specified
No protocol specified
No protocol specified
No protocol specified
No protocol specified
No protocol specified
No protocol specified
No protocol specified
No protocol specified
No protocol specified
No protocol specified
No protocol specified
No protocol specified
No protocol specified
No protocol specified
No protocol specified
No protocol specified
No protocol specified
No protocol specified
No protocol specified
No protocol specified
No protocol specified
No protocol specified
No protocol specified
No protocol specified
No protocol specified
No protocol specified
No protocol specified
No protocol specified
No protocol specified
No protocol specified
No protocol specified
No protocol specified
No protocol specified
No protocol specified
No protocol specified
No protocol specified
No protocol specified
No protocol specified
No protocol specified
No protocol specified
No protocol specified
No protocol specified
No protocol specified
No protocol specified
No protocol specified
No protocol specified
No protocol specified
No protocol specified
No protocol specified
No protocol specified
No protocol specified
No protocol specified
No protocol specified
No protocol specified
No protocol specified
No protocol specified
No protocol specified
No protocol specified
No protocol specified
No protocol specified
No protocol specified
No protocol specified
No protocol specified
No protocol specified
No protocol specified
No protocol specified
No protocol specified
No protocol specified
No protocol specified
No protocol specified
No protocol specified
No protocol specified
No protocol specified
No protocol specified
No protocol specified
No protocol specified
No protocol specified
No protocol specified
No protocol specified
No protocol specified
No protocol specified
No protocol specified
No protocol specified
No protocol specified
No protocol specified
No protocol specified
No protocol specified
No protocol specified
No protocol specified
No protocol specified
No protocol specified
No protocol specified
No protocol specified
No protocol specified
No protocol specified
No protocol specified
No protocol specified
No protocol specified
No protocol specified
No protocol specified
No protocol specified
No protocol specified
No protocol specified
No protocol specified
No protocol specified
No protocol specified
No protocol specified
No protocol specified
No protocol specified
No protocol specified
No protocol specified
No protocol specified
No protocol specified
No protocol specified
No protocol specified
No protocol specified
No protocol specified
No protocol specified
No protocol specified
No protocol specified
No protocol specified
No protocol specified
No protocol specified
No protocol specified
No protocol specified
No protocol specified
No protocol specified
No protocol specified
No protocol specified
No protocol specified
No protocol specified
No protocol specified
No protocol specified
No protocol specified
No protocol specified
No protocol specified
No protocol specified
No protocol specified
No protocol specified
No protocol specified
No protocol specified
No protocol specified
No protocol specified
No protocol specified
No protocol specified
No protocol specified
No protocol specified
No protocol specified
No protocol specified
No protocol specified
No protocol specified
No protocol specified
No protocol specified
No protocol specified
No protocol specified
No protocol specified
No protocol specified
No protocol specified
No protocol specified
No protocol specified
No protocol specified
No protocol specified
No protocol specified
No protocol specified
No protocol specified
No protocol specified
No protocol specified
No protocol specified
No protocol specified
No protocol specified
No protocol specified
No protocol specified
No protocol specified
No protocol specified
No protocol specified
No protocol specified
No protocol specified
No protocol specified
No protocol specified
No protocol specified
No protocol specified
No protocol specified
No protocol specified
No protocol specified
No protocol specified
No protocol specified
No protocol specified
No protocol specified
No protocol specified
No protocol specified
No protocol specified
No protocol specified
No protocol specified
No protocol specified
No protocol specified
No protocol specified
No protocol specified
No protocol specified
No protocol specified
No protocol specified
No protocol specified
No protocol specified
No protocol specified
No protocol specified
No protocol specified
No protocol specified
No protocol specified
No protocol specified
No protocol specified
No protocol specified
No protocol specified
No protocol specified
No protocol specified
No protocol specified
No protocol specified
No protocol specified
No protocol specified
No protocol specified
No protocol specified
No protocol specified
No protocol specified
No protocol specified
No protocol specified
No protocol specified
No protocol specified
No protocol specified
No protocol specified
No protocol specified
No protocol specified
No protocol specified
No protocol specified
No protocol specified
No protocol specified
No protocol specified
No protocol specified
No protocol specified
No protocol specified
No protocol specified
No protocol specified
No protocol specified
No protocol specified
No protocol specified
No protocol specified
No protocol specified
No protocol specified
No protocol specified
No protocol specified
No protocol specified
No protocol specified
No protocol specified
No protocol specified
No protocol specified
No protocol specified
No protocol specified
No protocol specified
No protocol specified
No protocol specified
No protocol specified
No protocol specified
No protocol specified
No protocol specified
No protocol specified
No protocol specified
No protocol specified
No protocol specified
No protocol specified
No protocol specified
No protocol specified
No protocol specified
No protocol specified
No protocol specified
No protocol specified
No protocol specified
No protocol specified
No protocol specified
No protocol specified
No protocol specified
No protocol specified
No protocol specified
No protocol specified
No protocol specified
No protocol specified
No protocol specified
No protocol specified
No protocol specified
No protocol specified
No protocol specified
No protocol specified
No protocol specified
No protocol specified
No protocol specified
No protocol specified
No protocol specified
No protocol specified
No protocol specified
No protocol specified
No protocol specified
No protocol specified
No protocol specified
No protocol specified
No protocol specified
No protocol specified
No protocol specified
No protocol specified
No protocol specified
No protocol specified
No protocol specified
No protocol specified
No protocol specified
No protocol specified
No protocol specified
No protocol specified
No protocol specified
No protocol specified
No protocol specified
No protocol specified
No protocol specified
No protocol specified
No protocol specified
No protocol specified
No protocol specified
No protocol specified
No protocol specified
No protocol specified
No protocol specified
No protocol specified
No protocol specified
No protocol specified
No protocol specified
No protocol specified
No protocol specified
No protocol specified
No protocol specified
No protocol specified
No protocol specified
No protocol specified
No protocol specified
No protocol specified
No protocol specified
No protocol specified
No protocol specified
No protocol specified
No protocol specified
No protocol specified
No protocol specified
No protocol specified
No protocol specified
No protocol specified
No protocol specified
No protocol specified
No protocol specified
No protocol specified
No protocol specified
No protocol specified
No protocol specified
No protocol specified
No protocol specified
No protocol specified
No protocol specified
No protocol specified
No protocol specified
No protocol specified
No protocol specified
No protocol specified
No protocol specified
No protocol specified
No protocol specified
No protocol specified
No protocol specified
No protocol specified
No protocol specified
No protocol specified
No protocol specified
No protocol specified
No protocol specified
No protocol specified
No protocol specified
No protocol specified
No protocol specified
No protocol specified
No protocol specified
No protocol specified
No protocol specified
No protocol specified
No protocol specified
No protocol specified
No protocol specified
No protocol specified
No protocol specified
No protocol specified
No protocol specified
No protocol specified
No protocol specified
No protocol specified
No protocol specified
No protocol specified
No protocol specified
No protocol specified
No protocol specified
No protocol specified
No protocol specified
No protocol specified
No protocol specified
No protocol specified
No protocol specified
No protocol specified
No protocol specified
No protocol specified
No protocol specified
No protocol specified
No protocol specified
No protocol specified
No protocol specified
No protocol specified
No protocol specified
No protocol specified
No protocol specified
No protocol specified
No protocol specified
No protocol specified
No protocol specified
No protocol specified
No protocol specified
No protocol specified
No protocol specified
No protocol specified
No protocol specified
No protocol specified
No protocol specified
No protocol specified
No protocol specified
No protocol specified
No protocol specified
No protocol specified
No protocol specified
No protocol specified
No protocol specified
No protocol specified
No protocol specified
No protocol specified
No protocol specified
No protocol specified
No protocol specified
No protocol specified
No protocol specified
No protocol specified
No protocol specified
No protocol specified
No protocol specified
No protocol specified
No protocol specified
No protocol specified
No protocol specified
No protocol specified
No protocol specified
No protocol specified
No protocol specified
No protocol specified
No protocol specified
No protocol specified
No protocol specified
No protocol specified
No protocol specified
No protocol specified
No protocol specified
No protocol specified
No protocol specified
No protocol specified
No protocol specified
No protocol specified
No protocol specified
No protocol specified
No protocol specified
No protocol specified
No protocol specified
No protocol specified
No protocol specified
No protocol specified
No protocol specified
No protocol specified
No protocol specified
No protocol specified
No protocol specified
No protocol specified
No protocol specified
No protocol specified
No protocol specified
No protocol specified
No protocol specified
No protocol specified
No protocol specified
No protocol specified
No protocol specified
No protocol specified
No protocol specified
No protocol specified
No protocol specified
No protocol specified
No protocol specified
No protocol specified
No protocol specified
No protocol specified
No protocol specified
No protocol specified
No protocol specified
No protocol specified
No protocol specified
No protocol specified
No protocol specified
No protocol specified
No protocol specified
No protocol specified
No protocol specified
No protocol specified
No protocol specified
No protocol specified
No protocol specified
No protocol specified
No protocol specified
No protocol specified
No protocol specified
No protocol specified
No protocol specified
No protocol specified
No protocol specified
No protocol specified
No protocol specified
No protocol specified
No protocol specified
No protocol specified
No protocol specified
No protocol specified
No protocol specified
No protocol specified
No protocol specified
No protocol specified
No protocol specified
No protocol specified
No protocol specified
No protocol specified
No protocol specified
No protocol specified
No protocol specified
No protocol specified
No protocol specified
No protocol specified
No protocol specified
No protocol specified
No protocol specified
No protocol specified
No protocol specified
No protocol specified
No protocol specified
No protocol specified
No protocol specified
No protocol specified
No protocol specified
No protocol specified
No protocol specified
No protocol specified
No protocol specified
No protocol specified
No protocol specified
No protocol specified
No protocol specified
No protocol specified
No protocol specified
No protocol specified
No protocol specified
No protocol specified
No protocol specified
No protocol specified
No protocol specified
No protocol specified
No protocol specified
No protocol specified
No protocol specified
No protocol specified
No protocol specified
No protocol specified
No protocol specified
No protocol specified
No protocol specified
No protocol specified
No protocol specified
No protocol specified
No protocol specified
No protocol specified
No protocol specified
No protocol specified
No protocol specified
No protocol specified
No protocol specified
No protocol specified
No protocol specified
No protocol specified
No protocol specified
No protocol specified
No protocol specified
No protocol specified
No protocol specified
No protocol specified
No protocol specified
No protocol specified
No protocol specified
No protocol specified
No protocol specified
No protocol specified
No protocol specified
No protocol specified
No protocol specified
No protocol specified
No protocol specified
No protocol specified
No protocol specified
No protocol specified
No protocol specified
No protocol specified
No protocol specified
No protocol specified
No protocol specified
No protocol specified
No protocol specified
No protocol specified
No protocol specified
No protocol specified
No protocol specified
No protocol specified
No protocol specified
No protocol specified
No protocol specified
No protocol specified
No protocol specified
No protocol specified
No protocol specified
No protocol specified
No protocol specified
No protocol specified
No protocol specified
No protocol specified
No protocol specified
No protocol specified
No protocol specified
No protocol specified
No protocol specified
No protocol specified
No protocol specified
No protocol specified
No protocol specified
No protocol specified
No protocol specified
No protocol specified
No protocol specified
No protocol specified
No protocol specified
No protocol specified
No protocol specified
No protocol specified
No protocol specified
No protocol specified
No protocol specified
No protocol specified
No protocol specified
No protocol specified
No protocol specified
No protocol specified
No protocol specified
No protocol specified
No protocol specified
No protocol specified
No protocol specified
No protocol specified
No protocol specified
No protocol specified
No protocol specified
No protocol specified
No protocol specified
No protocol specified
No protocol specified
No protocol specified
No protocol specified
No protocol specified
No protocol specified
No protocol specified
No protocol specified
No protocol specified
No protocol specified
No protocol specified
No protocol specified
No protocol specified
No protocol specified
No protocol specified
No protocol specified
No protocol specified
No protocol specified
No protocol specified
No protocol specified
No protocol specified
No protocol specified
No protocol specified
No protocol specified
No protocol specified
No protocol specified
No protocol specified
No protocol specified
No protocol specified
No protocol specified
No protocol specified
No protocol specified
No protocol specified
No protocol specified
No protocol specified
No protocol specified
No protocol specified
No protocol specified
No protocol specified
No protocol specified
No protocol specified
No protocol specified
No protocol specified
No protocol specified
No protocol specified
No protocol specified
No protocol specified
No protocol specified
No protocol specified
No protocol specified
No protocol specified
No protocol specified
No protocol specified
No protocol specified
No protocol specified
No protocol specified
No protocol specified
No protocol specified
No protocol specified
No protocol specified
No protocol specified
No protocol specified
No protocol specified
No protocol specified
No protocol specified
No protocol specified
No protocol specified
No protocol specified
No protocol specified
No protocol specified
No protocol specified
No protocol specified
No protocol specified
No protocol specified
No protocol specified
No protocol specified
No protocol specified
No protocol specified
No protocol specified
No protocol specified
No protocol specified
No protocol specified
No protocol specified
No protocol specified
No protocol specified
No protocol specified
No protocol specified
No protocol specified
No protocol specified
No protocol specified
No protocol specified
No protocol specified
No protocol specified
No protocol specified
No protocol specified
No protocol specified
No protocol specified
No protocol specified
No protocol specified
No protocol specified
No protocol specified
No protocol specified
No protocol specified
No protocol specified
No protocol specified
No protocol specified
No protocol specified
No protocol specified
No protocol specified
No protocol specified
No protocol specified
No protocol specified
No protocol specified
No protocol specified
No protocol specified
No protocol specified
No protocol specified
No protocol specified
No protocol specified
No protocol specified
No protocol specified
No protocol specified
No protocol specified
No protocol specified
No protocol specified
No protocol specified
No protocol specified
No protocol specified
No protocol specified
No protocol specified
No protocol specified
No protocol specified
No protocol specified
No protocol specified
No protocol specified
No protocol specified
No protocol specified
No protocol specified
No protocol specified
No protocol specified
No protocol specified
No protocol specified
No protocol specified
No protocol specified
No protocol specified
No protocol specified
No protocol specified
No protocol specified
No protocol specified
No protocol specified
No protocol specified
No protocol specified
No protocol specified
No protocol specified
No protocol specified
No protocol specified
No protocol specified
No protocol specified
No protocol specified
No protocol specified
No protocol specified
No protocol specified
No protocol specified
No protocol specified
No protocol specified
No protocol specified
No protocol specified
No protocol specified
No protocol specified
No protocol specified
No protocol specified
No protocol specified
No protocol specified
No protocol specified
No protocol specified
No protocol specified
No protocol specified
No protocol specified
No protocol specified
No protocol specified
No protocol specified
No protocol specified
No protocol specified
No protocol specified
No protocol specified
No protocol specified
No protocol specified
No protocol specified
No protocol specified
No protocol specified
No protocol specified
No protocol specified
No protocol specified
No protocol specified
No protocol specified
No protocol specified
No protocol specified
No protocol specified
No protocol specified
No protocol specified
No protocol specified
No protocol specified
No protocol specified
No protocol specified
No protocol specified
No protocol specified
No protocol specified
No protocol specified
No protocol specified
No protocol specified
No protocol specified
No protocol specified
No protocol specified
No protocol specified
No protocol specified
No protocol specified
No protocol specified
No protocol specified
No protocol specified
No protocol specified
No protocol specified
No protocol specified
No protocol specified
No protocol specified
No protocol specified
No protocol specified
No protocol specified
No protocol specified
No protocol specified
No protocol specified
No protocol specified
No protocol specified
No protocol specified
No protocol specified
No protocol specified
No protocol specified
No protocol specified
No protocol specified
No protocol specified
No protocol specified
No protocol specified
No protocol specified
No protocol specified
No protocol specified
No protocol specified
No protocol specified
No protocol specified
No protocol specified
No protocol specified
No protocol specified
No protocol specified
No protocol specified
No protocol specified
No protocol specified
No protocol specified
No protocol specified
No protocol specified
No protocol specified
No protocol specified
No protocol specified
No protocol specified
No protocol specified
No protocol specified
No protocol specified
No protocol specified
No protocol specified
No protocol specified
No protocol specified
No protocol specified
No protocol specified
No protocol specified
No protocol specified
No protocol specified
No protocol specified
No protocol specified
No protocol specified
No protocol specified
No protocol specified
No protocol specified
No protocol specified
No protocol specified
No protocol specified
No protocol specified
No protocol specified
No protocol specified
No protocol specified
No protocol specified
No protocol specified
No protocol specified
No protocol specified
No protocol specified
No protocol specified
No protocol specified
No protocol specified
No protocol specified
No protocol specified
No protocol specified
No protocol specified
No protocol specified
No protocol specified
No protocol specified
No protocol specified
No protocol specified
No protocol specified
No protocol specified
No protocol specified
No protocol specified
No protocol specified
No protocol specified
No protocol specified
No protocol specified
No protocol specified
No protocol specified
No protocol specified
No protocol specified
No protocol specified
No protocol specified
No protocol specified
No protocol specified
No protocol specified
No protocol specified
No protocol specified
No protocol specified
No protocol specified
No protocol specified
No protocol specified
No protocol specified
No protocol specified
No protocol specified
No protocol specified
No protocol specified
No protocol specified
No protocol specified
No protocol specified
No protocol specified
No protocol specified
No protocol specified
No protocol specified
No protocol specified
No protocol specified
No protocol specified
No protocol specified
No protocol specified
No protocol specified
No protocol specified
No protocol specified
No protocol specified
No protocol specified
No protocol specified
No protocol specified
No protocol specified
No protocol specified
No protocol specified
No protocol specified
No protocol specified
No protocol specified
No protocol specified
No protocol specified
No protocol specified
No protocol specified
No protocol specified
No protocol specified
No protocol specified
No protocol specified
No protocol specified
No protocol specified
No protocol specified
No protocol specified
No protocol specified
No protocol specified
No protocol specified
No protocol specified
No protocol specified
No protocol specified
No protocol specified
No protocol specified
No protocol specified
No protocol specified
No protocol specified
No protocol specified
No protocol specified
No protocol specified
No protocol specified
No protocol specified
No protocol specified
No protocol specified
No protocol specified
No protocol specified
No protocol specified
No protocol specified
No protocol specified
No protocol specified
No protocol specified
No protocol specified
No protocol specified
No protocol specified
No protocol specified
No protocol specified
No protocol specified
No protocol specified
No protocol specified
No protocol specified
No protocol specified
No protocol specified
No protocol specified
No protocol specified
No protocol specified
No protocol specified
No protocol specified
No protocol specified
No protocol specified
No protocol specified
No protocol specified
No protocol specified
No protocol specified
No protocol specified
No protocol specified
No protocol specified
No protocol specified
No protocol specified
No protocol specified
No protocol specified
No protocol specified
No protocol specified
No protocol specified
No protocol specified
No protocol specified
No protocol specified
No protocol specified
No protocol specified
No protocol specified
No protocol specified
No protocol specified
No protocol specified
No protocol specified
No protocol specified
No protocol specified
No protocol specified
No protocol specified
No protocol specified
No protocol specified
No protocol specified
No protocol specified
No protocol specified
No protocol specified
No protocol specified
No protocol specified
No protocol specified
No protocol specified
No protocol specified
No protocol specified
No protocol specified
No protocol specified
No protocol specified
No protocol specified
No protocol specified
No protocol specified
No protocol specified
No protocol specified
No protocol specified
No protocol specified
No protocol specified
No protocol specified
No protocol specified
No protocol specified
No protocol specified
No protocol specified
No protocol specified
No protocol specified
No protocol specified
No protocol specified
No protocol specified
No protocol specified
No protocol specified
No protocol specified
No protocol specified
No protocol specified
No protocol specified
No protocol specified
No protocol specified
No protocol specified
No protocol specified
No protocol specified
No protocol specified
No protocol specified
No protocol specified
No protocol specified
No protocol specified
No protocol specified
No protocol specified
No protocol specified
No protocol specified
No protocol specified
No protocol specified
No protocol specified
No protocol specified
No protocol specified
No protocol specified
No protocol specified
No protocol specified
No protocol specified
No protocol specified
No protocol specified
No protocol specified
No protocol specified
No protocol specified
No protocol specified
No protocol specified
No protocol specified
No protocol specified
No protocol specified
No protocol specified
No protocol specified
No protocol specified
No protocol specified
No protocol specified
No protocol specified
No protocol specified
No protocol specified
No protocol specified
No protocol specified
No protocol specified
No protocol specified
No protocol specified
No protocol specified
No protocol specified
No protocol specified
No protocol specified
No protocol specified
No protocol specified
No protocol specified
No protocol specified
No protocol specified
No protocol specified
No protocol specified
No protocol specified
No protocol specified
No protocol specified
No protocol specified
No protocol specified
No protocol specified
No protocol specified
No protocol specified
No protocol specified
No protocol specified
No protocol specified
No protocol specified
No protocol specified
No protocol specified
No protocol specified
No protocol specified
No protocol specified
No protocol specified
No protocol specified
No protocol specified
No protocol specified
No protocol specified
No protocol specified
No protocol specified
No protocol specified
No protocol specified
No protocol specified
No protocol specified
No protocol specified
No protocol specified
No protocol specified
No protocol specified
No protocol specified
No protocol specified
No protocol specified
No protocol specified
No protocol specified
No protocol specified
No protocol specified
No protocol specified
No protocol specified
No protocol specified
No protocol specified
No protocol specified
No protocol specified
No protocol specified
No protocol specified
No protocol specified
No protocol specified
No protocol specified
No protocol specified
No protocol specified
No protocol specified
No protocol specified
No protocol specified
No protocol specified
No protocol specified
No protocol specified
No protocol specified
No protocol specified
No protocol specified
No protocol specified
No protocol specified
No protocol specified
No protocol specified
No protocol specified
No protocol specified
No protocol specified
No protocol specified
No protocol specified
No protocol specified
No protocol specified
No protocol specified
No protocol specified
No protocol specified
No protocol specified
No protocol specified
No protocol specified
No protocol specified
No protocol specified
No protocol specified
No protocol specified
No protocol specified
No protocol specified
No protocol specified
No protocol specified
No protocol specified
No protocol specified
No protocol specified
No protocol specified
No protocol specified
No protocol specified
No protocol specified
No protocol specified
No protocol specified
No protocol specified
No protocol specified
No protocol specified
No protocol specified
No protocol specified
No protocol specified
No protocol specified
No protocol specified
No protocol specified
No protocol specified
No protocol specified
No protocol specified
No protocol specified
No protocol specified
No protocol specified
No protocol specified
No protocol specified
No protocol specified
No protocol specified
No protocol specified
No protocol specified
No protocol specified
No protocol specified
No protocol specified
No protocol specified
No protocol specified
No protocol specified
No protocol specified
No protocol specified
No protocol specified
No protocol specified
No protocol specified
No protocol specified
No protocol specified
No protocol specified
No protocol specified
No protocol specified
No protocol specified
No protocol specified
No protocol specified
No protocol specified
No protocol specified
No protocol specified
No protocol specified
No protocol specified
No protocol specified
No protocol specified
No protocol specified
No protocol specified
No protocol specified
No protocol specified
No protocol specified
No protocol specified
No protocol specified
No protocol specified
No protocol specified
No protocol specified
No protocol specified
No protocol specified
No protocol specified
No protocol specified
No protocol specified
No protocol specified
No protocol specified
No protocol specified
No protocol specified
No protocol specified
No protocol specified
No protocol specified
No protocol specified
No protocol specified
No protocol specified
No protocol specified
No protocol specified
No protocol specified
No protocol specified
No protocol specified
No protocol specified
No protocol specified
No protocol specified
No protocol specified
No protocol specified
No protocol specified
No protocol specified
No protocol specified
No protocol specified
No protocol specified
No protocol specified
No protocol specified
No protocol specified
No protocol specified
No protocol specified
No protocol specified
No protocol specified
No protocol specified
No protocol specified
No protocol specified
No protocol specified
No protocol specified
No protocol specified
No protocol specified
No protocol specified
No protocol specified
No protocol specified
No protocol specified
No protocol specified
No protocol specified
No protocol specified
No protocol specified
No protocol specified
No protocol specified
No protocol specified
No protocol specified
No protocol specified
No protocol specified
No protocol specified
No protocol specified
No protocol specified
No protocol specified
No protocol specified
No protocol specified
No protocol specified
No protocol specified
No protocol specified
No protocol specified
No protocol specified
No protocol specified
No protocol specified
No protocol specified
No protocol specified
No protocol specified
No protocol specified
No protocol specified
No protocol specified
No protocol specified
No protocol specified
No protocol specified
No protocol specified
No protocol specified
No protocol specified
No protocol specified
No protocol specified
No protocol specified
No protocol specified
No protocol specified
No protocol specified
No protocol specified
No protocol specified
No protocol specified
No protocol specified
No protocol specified
No protocol specified
No protocol specified
No protocol specified
No protocol specified
No protocol specified
No protocol specified
No protocol specified
No protocol specified
No protocol specified
No protocol specified
No protocol specified
No protocol specified
No protocol specified
No protocol specified
No protocol specified
No protocol specified
No protocol specified
No protocol specified
No protocol specified
No protocol specified
No protocol specified
No protocol specified
No protocol specified
No protocol specified
No protocol specified
No protocol specified
No protocol specified
No protocol specified
No protocol specified
No protocol specified
No protocol specified
No protocol specified
No protocol specified
No protocol specified
No protocol specified
No protocol specified
No protocol specified
No protocol specified
No protocol specified
No protocol specified
No protocol specified
No protocol specified
No protocol specified
No protocol specified
No protocol specified
No protocol specified
No protocol specified
No protocol specified
No protocol specified
No protocol specified
No protocol specified
No protocol specified
No protocol specified
No protocol specified
No protocol specified
No protocol specified
No protocol specified
No protocol specified
No protocol specified
No protocol specified
No protocol specified
No protocol specified
No protocol specified
No protocol specified
No protocol specified
No protocol specified
No protocol specified
No protocol specified
No protocol specified
No protocol specified
No protocol specified
No protocol specified
No protocol specified
No protocol specified
No protocol specified
No protocol specified
No protocol specified
No protocol specified
No protocol specified
No protocol specified
No protocol specified
No protocol specified
No protocol specified
No protocol specified
No protocol specified
No protocol specified
No protocol specified
No protocol specified
No protocol specified
No protocol specified
No protocol specified
No protocol specified
No protocol specified
No protocol specified
No protocol specified
No protocol specified
No protocol specified
No protocol specified
No protocol specified
No protocol specified
No protocol specified
No protocol specified
No protocol specified
No protocol specified
No protocol specified
No protocol specified
No protocol specified
No protocol specified
No protocol specified
No protocol specified
No protocol specified
No protocol specified
No protocol specified
No protocol specified
No protocol specified
No protocol specified
No protocol specified
No protocol specified
No protocol specified
No protocol specified
No protocol specified
No protocol specified
No protocol specified
No protocol specified
No protocol specified
No protocol specified
No protocol specified
No protocol specified
No protocol specified
No protocol specified
No protocol specified
No protocol specified
No protocol specified
No protocol specified
No protocol specified
No protocol specified
No protocol specified
No protocol specified
No protocol specified
No protocol specified
No protocol specified
No protocol specified
No protocol specified
No protocol specified
No protocol specified
No protocol specified
No protocol specified
No protocol specified
No protocol specified
No protocol specified
No protocol specified
No protocol specified
No protocol specified
No protocol specified
No protocol specified
No protocol specified
No protocol specified
No protocol specified
No protocol specified
No protocol specified
No protocol specified
No protocol specified
No protocol specified
No protocol specified
No protocol specified
No protocol specified
No protocol specified
No protocol specified
No protocol specified
No protocol specified
No protocol specified
No protocol specified
No protocol specified
No protocol specified
No protocol specified
No protocol specified
No protocol specified
No protocol specified
No protocol specified
No protocol specified
No protocol specified
No protocol specified
No protocol specified
No protocol specified
No protocol specified
No protocol specified
No protocol specified
No protocol specified
No protocol specified
No protocol specified
No protocol specified
No protocol specified
No protocol specified
No protocol specified
No protocol specified
No protocol specified
No protocol specified
No protocol specified
No protocol specified
No protocol specified
No protocol specified
No protocol specified
No protocol specified
No protocol specified
No protocol specified
No protocol specified
No protocol specified
No protocol specified
No protocol specified
No protocol specified
No protocol specified
No protocol specified
No protocol specified
No protocol specified
No protocol specified
No protocol specified
No protocol specified
No protocol specified
No protocol specified
No protocol specified
No protocol specified
No protocol specified
No protocol specified
No protocol specified
No protocol specified
No protocol specified
No protocol specified
No protocol specified
No protocol specified
No protocol specified
No protocol specified
No protocol specified
No protocol specified
No protocol specified
No protocol specified
No protocol specified
No protocol specified
No protocol specified
No protocol specified
No protocol specified
No protocol specified
No protocol specified
No protocol specified
No protocol specified
No protocol specified
No protocol specified
No protocol specified
No protocol specified
No protocol specified
No protocol specified
No protocol specified
No protocol specified
No protocol specified
No protocol specified
No protocol specified
No protocol specified
No protocol specified
No protocol specified
No protocol specified
No protocol specified
No protocol specified
No protocol specified
No protocol specified
No protocol specified
No protocol specified
No protocol specified
No protocol specified
No protocol specified
No protocol specified
No protocol specified
No protocol specified
No protocol specified
No protocol specified
No protocol specified
No protocol specified
No protocol specified
No protocol specified
No protocol specified
No protocol specified
No protocol specified
No protocol specified
No protocol specified
No protocol specified
No protocol specified
No protocol specified
No protocol specified
No protocol specified
No protocol specified
No protocol specified
No protocol specified
No protocol specified
No protocol specified
No protocol specified
No protocol specified
No protocol specified
No protocol specified
No protocol specified
No protocol specified
No protocol specified
No protocol specified
No protocol specified
No protocol specified
No protocol specified
No protocol specified
No protocol specified
No protocol specified
No protocol specified
No protocol specified
No protocol specified
No protocol specified
No protocol specified
No protocol specified
No protocol specified
No protocol specified
No protocol specified
No protocol specified
No protocol specified
No protocol specified
No protocol specified
No protocol specified
No protocol specified
No protocol specified
No protocol specified
No protocol specified
No protocol specified
No protocol specified
No protocol specified
No protocol specified
No protocol specified
No protocol specified
No protocol specified
No protocol specified
No protocol specified
No protocol specified
No protocol specified
No protocol specified
No protocol specified
No protocol specified
No protocol specified
No protocol specified
No protocol specified
No protocol specified
No protocol specified
No protocol specified
No protocol specified
No protocol specified
No protocol specified
No protocol specified
No protocol specified
No protocol specified
No protocol specified
No protocol specified
No protocol specified
No protocol specified
No protocol specified
No protocol specified
No protocol specified
No protocol specified
No protocol specified
No protocol specified
No protocol specified
No protocol specified
No protocol specified
No protocol specified
No protocol specified
No protocol specified
No protocol specified
No protocol specified
No protocol specified
No protocol specified
No protocol specified
No protocol specified
No protocol specified
No protocol specified
No protocol specified
No protocol specified
No protocol specified
No protocol specified
No protocol specified
No protocol specified
No protocol specified
No protocol specified
No protocol specified
No protocol specified
No protocol specified
No protocol specified
No protocol specified
No protocol specified
No protocol specified
No protocol specified
No protocol specified
No protocol specified
No protocol specified
No protocol specified
No protocol specified
No protocol specified
No protocol specified
No protocol specified
No protocol specified
No protocol specified
No protocol specified
No protocol specified
No protocol specified
No protocol specified
No protocol specified
No protocol specified
No protocol specified
No protocol specified
No protocol specified
No protocol specified
No protocol specified
No protocol specified
No protocol specified
No protocol specified
No protocol specified
No protocol specified
No protocol specified
No protocol specified
No protocol specified
No protocol specified
No protocol specified
No protocol specified
No protocol specified
No protocol specified
No protocol specified
No protocol specified
No protocol specified
No protocol specified
No protocol specified
No protocol specified
No protocol specified
No protocol specified
No protocol specified
No protocol specified
No protocol specified
No protocol specified
No protocol specified
No protocol specified
No protocol specified
No protocol specified
No protocol specified
No protocol specified
No protocol specified
No protocol specified
No protocol specified
No protocol specified
No protocol specified
No protocol specified
No protocol specified
No protocol specified
No protocol specified
No protocol specified
No protocol specified
No protocol specified
No protocol specified
No protocol specified
No protocol specified
No protocol specified
No protocol specified
No protocol specified
No protocol specified
No protocol specified
No protocol specified
No protocol specified
No protocol specified
No protocol specified
No protocol specified
No protocol specified
No protocol specified
No protocol specified
No protocol specified
No protocol specified
No protocol specified
No protocol specified
No protocol specified
No protocol specified
No protocol specified
No protocol specified
No protocol specified
No protocol specified
No protocol specified
No protocol specified
No protocol specified
No protocol specified
No protocol specified
No protocol specified
No protocol specified
No protocol specified
No protocol specified
No protocol specified
No protocol specified
No protocol specified
No protocol specified
No protocol specified
No protocol specified
No protocol specified
No protocol specified
No protocol specified
No protocol specified
No protocol specified
No protocol specified
No protocol specified
No protocol specified
No protocol specified
No protocol specified
No protocol specified
No protocol specified
No protocol specified
No protocol specified
No protocol specified
No protocol specified
No protocol specified
No protocol specified
No protocol specified
No protocol specified
No protocol specified
No protocol specified
No protocol specified
No protocol specified
No protocol specified
No protocol specified
No protocol specified
No protocol specified
No protocol specified
No protocol specified
No protocol specified
No protocol specified
No protocol specified
No protocol specified
No protocol specified
No protocol specified
No protocol specified
No protocol specified
No protocol specified
No protocol specified
No protocol specified
No protocol specified
No protocol specified
No protocol specified
No protocol specified
No protocol specified
No protocol specified
No protocol specified
No protocol specified
No protocol specified
No protocol specified
No protocol specified
No protocol specified
No protocol specified
No protocol specified
No protocol specified
No protocol specified
No protocol specified
No protocol specified
No protocol specified
No protocol specified
No protocol specified
No protocol specified
No protocol specified
No protocol specified
No protocol specified
No protocol specified
No protocol specified
No protocol specified
No protocol specified
No protocol specified
No protocol specified
No protocol specified
No protocol specified
No protocol specified
No protocol specified
No protocol specified
No protocol specified
No protocol specified
No protocol specified
No protocol specified
No protocol specified
No protocol specified
No protocol specified
No protocol specified
No protocol specified
No protocol specified
No protocol specified
No protocol specified
No protocol specified
No protocol specified
No protocol specified
No protocol specified
No protocol specified
No protocol specified
No protocol specified
No protocol specified
No protocol specified
No protocol specified
No protocol specified
No protocol specified
No protocol specified
No protocol specified
No protocol specified
No protocol specified
No protocol specified
No protocol specified
No protocol specified
No protocol specified
No protocol specified
No protocol specified
No protocol specified
No protocol specified
No protocol specified
No protocol specified
No protocol specified
No protocol specified
No protocol specified
No protocol specified
No protocol specified
No protocol specified
No protocol specified
No protocol specified
No protocol specified
No protocol specified
No protocol specified
No protocol specified
No protocol specified
No protocol specified
No protocol specified
No protocol specified
No protocol specified
No protocol specified
No protocol specified
No protocol specified
No protocol specified
No protocol specified
No protocol specified
No protocol specified
No protocol specified
No protocol specified
No protocol specified
No protocol specified
No protocol specified
No protocol specified
No protocol specified
No protocol specified
No protocol specified
No protocol specified
No protocol specified
No protocol specified
No protocol specified
No protocol specified
No protocol specified
No protocol specified
No protocol specified
No protocol specified
No protocol specified
No protocol specified
No protocol specified
No protocol specified
No protocol specified
No protocol specified
No protocol specified
No protocol specified
No protocol specified
No protocol specified
No protocol specified
No protocol specified
No protocol specified
No protocol specified
No protocol specified
No protocol specified
No protocol specified
No protocol specified
No protocol specified
No protocol specified
No protocol specified
No protocol specified
No protocol specified
No protocol specified
No protocol specified
No protocol specified
No protocol specified
No protocol specified
No protocol specified
No protocol specified
No protocol specified
No protocol specified
No protocol specified
No protocol specified
No protocol specified
No protocol specified
No protocol specified
No protocol specified
No protocol specified
No protocol specified
No protocol specified
No protocol specified
No protocol specified
No protocol specified
No protocol specified
No protocol specified
No protocol specified
No protocol specified
No protocol specified
No protocol specified
No protocol specified
No protocol specified
No protocol specified
No protocol specified
No protocol specified
No protocol specified
No protocol specified
No protocol specified
No protocol specified
No protocol specified
No protocol specified
No protocol specified
No protocol specified
No protocol specified
No protocol specified
No protocol specified
No protocol specified
No protocol specified
No protocol specified
No protocol specified
No protocol specified
No protocol specified
No protocol specified
No protocol specified
No protocol specified
No protocol specified
No protocol specified
No protocol specified
No protocol specified
No protocol specified
No protocol specified
No protocol specified
No protocol specified
No protocol specified
No protocol specified
No protocol specified
No protocol specified
No protocol specified
No protocol specified
No protocol specified
No protocol specified
No protocol specified
No protocol specified
No protocol specified
No protocol specified
No protocol specified
No protocol specified
No protocol specified
No protocol specified
No protocol specified
No protocol specified
No protocol specified
No protocol specified
No protocol specified
No protocol specified
No protocol specified
No protocol specified
No protocol specified
No protocol specified
No protocol specified
No protocol specified
No protocol specified
No protocol specified
No protocol specified
No protocol specified
No protocol specified
No protocol specified
No protocol specified
No protocol specified
No protocol specified
No protocol specified
No protocol specified
No protocol specified
No protocol specified
No protocol specified
No protocol specified
No protocol specified
No protocol specified
No protocol specified
No protocol specified
No protocol specified
No protocol specified
No protocol specified
No protocol specified
No protocol specified
No protocol specified
No protocol specified
No protocol specified
No protocol specified
No protocol specified
No protocol specified
No protocol specified
No protocol specified
No protocol specified
No protocol specified
No protocol specified
No protocol specified
No protocol specified
No protocol specified
No protocol specified
No protocol specified
No protocol specified
No protocol specified
No protocol specified
No protocol specified
No protocol specified
No protocol specified
No protocol specified
No protocol specified
No protocol specified
No protocol specified
No protocol specified
No protocol specified
No protocol specified
No protocol specified
No protocol specified
No protocol specified
No protocol specified
No protocol specified
No protocol specified
No protocol specified
No protocol specified
No protocol specified
No protocol specified
No protocol specified
No protocol specified
No protocol specified
No protocol specified
No protocol specified
No protocol specified
No protocol specified
No protocol specified
No protocol specified
No protocol specified
No protocol specified
No protocol specified
No protocol specified
No protocol specified
No protocol specified
No protocol specified
No protocol specified
No protocol specified
No protocol specified
No protocol specified
No protocol specified
No protocol specified
No protocol specified
No protocol specified
No protocol specified
No protocol specified
No protocol specified
No protocol specified
No protocol specified
No protocol specified
No protocol specified
No protocol specified
No protocol specified
No protocol specified
No protocol specified
No protocol specified
No protocol specified
No protocol specified
No protocol specified
No protocol specified
No protocol specified
No protocol specified
No protocol specified
No protocol specified
No protocol specified
No protocol specified
No protocol specified
No protocol specified
No protocol specified
No protocol specified
No protocol specified
No protocol specified
No protocol specified
No protocol specified
No protocol specified
No protocol specified
No protocol specified
No protocol specified
No protocol specified
No protocol specified
No protocol specified
No protocol specified
No protocol specified
No protocol specified
No protocol specified
No protocol specified
No protocol specified
No protocol specified
No protocol specified
No protocol specified
No protocol specified
No protocol specified
No protocol specified
No protocol specified
No protocol specified
No protocol specified
No protocol specified
No protocol specified
No protocol specified
No protocol specified
No protocol specified
No protocol specified
No protocol specified
No protocol specified
No protocol specified
No protocol specified
No protocol specified
No protocol specified
No protocol specified
No protocol specified
No protocol specified
No protocol specified
No protocol specified
No protocol specified
No protocol specified
No protocol specified
No protocol specified
No protocol specified
No protocol specified
No protocol specified
No protocol specified
No protocol specified
No protocol specified
No protocol specified
No protocol specified
No protocol specified
No protocol specified
No protocol specified
No protocol specified
No protocol specified
No protocol specified
No protocol specified
No protocol specified
No protocol specified
No protocol specified
No protocol specified
No protocol specified
No protocol specified
No protocol specified
No protocol specified
No protocol specified
No protocol specified
No protocol specified
No protocol specified
No protocol specified
No protocol specified
No protocol specified
No protocol specified
No protocol specified
No protocol specified
No protocol specified
No protocol specified
No protocol specified
No protocol specified
No protocol specified
No protocol specified
No protocol specified
No protocol specified
No protocol specified
No protocol specified
No protocol specified
No protocol specified
No protocol specified
No protocol specified
No protocol specified
No protocol specified
No protocol specified
No protocol specified
No protocol specified
No protocol specified
No protocol specified
No protocol specified
No protocol specified
No protocol specified
No protocol specified
No protocol specified
No protocol specified
No protocol specified
No protocol specified
No protocol specified
No protocol specified
No protocol specified
No protocol specified
No protocol specified
No protocol specified
No protocol specified
No protocol specified
No protocol specified
No protocol specified
No protocol specified
No protocol specified
No protocol specified
No protocol specified
No protocol specified
No protocol specified
No protocol specified
No protocol specified
No protocol specified
No protocol specified
No protocol specified
No protocol specified
No protocol specified
No protocol specified
No protocol specified
No protocol specified
No protocol specified
No protocol specified
No protocol specified
No protocol specified
No protocol specified
No protocol specified
No protocol specified
No protocol specified
No protocol specified
No protocol specified
No protocol specified
No protocol specified
No protocol specified
No protocol specified
No protocol specified
No protocol specified
No protocol specified
No protocol specified
No protocol specified
No protocol specified
No protocol specified
No protocol specified
No protocol specified
No protocol specified
No protocol specified
No protocol specified
No protocol specified
No protocol specified
No protocol specified
No protocol specified
No protocol specified
No protocol specified
No protocol specified
No protocol specified
No protocol specified
No protocol specified
No protocol specified
No protocol specified
No protocol specified
No protocol specified
No protocol specified
No protocol specified
No protocol specified
No protocol specified
No protocol specified
No protocol specified
No protocol specified
No protocol specified
No protocol specified
No protocol specified
No protocol specified
No protocol specified
No protocol specified
No protocol specified
No protocol specified
No protocol specified
No protocol specified
No protocol specified
No protocol specified
No protocol specified
No protocol specified
No protocol specified
No protocol specified
No protocol specified
No protocol specified
No protocol specified
No protocol specified
No protocol specified
No protocol specified
No protocol specified
No protocol specified
No protocol specified
No protocol specified
No protocol specified
No protocol specified
No protocol specified
No protocol specified
No protocol specified
No protocol specified
No protocol specified
No protocol specified
No protocol specified
No protocol specified
No protocol specified
No protocol specified
No protocol specified
No protocol specified
No protocol specified
No protocol specified
No protocol specified
No protocol specified
No protocol specified
No protocol specified
No protocol specified
No protocol specified
No protocol specified
No protocol specified
No protocol specified
No protocol specified
No protocol specified
No protocol specified
No protocol specified
No protocol specified
No protocol specified
No protocol specified
No protocol specified
No protocol specified
No protocol specified
No protocol specified
No protocol specified
No protocol specified
No protocol specified
No protocol specified
No protocol specified
No protocol specified
No protocol specified
No protocol specified
No protocol specified
No protocol specified
No protocol specified
No protocol specified
No protocol specified
No protocol specified
No protocol specified
No protocol specified
No protocol specified
No protocol specified
No protocol specified
No protocol specified
No protocol specified
No protocol specified
No protocol specified
No protocol specified
No protocol specified
No protocol specified
No protocol specified
No protocol specified
No protocol specified
No protocol specified
No protocol specified
No protocol specified
No protocol specified
No protocol specified
No protocol specified
No protocol specified
No protocol specified
No protocol specified
No protocol specified
No protocol specified
No protocol specified
No protocol specified
No protocol specified
No protocol specified
No protocol specified
No protocol specified
No protocol specified
No protocol specified
No protocol specified
No protocol specified
No protocol specified
No protocol specified
No protocol specified
No protocol specified
No protocol specified
No protocol specified
No protocol specified
No protocol specified
No protocol specified
No protocol specified
No protocol specified
No protocol specified
No protocol specified
No protocol specified
No protocol specified
No protocol specified
No protocol specified
No protocol specified
No protocol specified
No protocol specified
No protocol specified
No protocol specified
No protocol specified
No protocol specified
No protocol specified
No protocol specified
No protocol specified
No protocol specified
No protocol specified
No protocol specified
No protocol specified
No protocol specified
No protocol specified
No protocol specified
No protocol specified
No protocol specified
No protocol specified
No protocol specified
No protocol specified
No protocol specified
No protocol specified
No protocol specified
No protocol specified
No protocol specified
No protocol specified
No protocol specified
No protocol specified
No protocol specified
No protocol specified
No protocol specified
No protocol specified
No protocol specified
No protocol specified
No protocol specified
No protocol specified
No protocol specified
No protocol specified
No protocol specified
No protocol specified
No protocol specified
No protocol specified
No protocol specified
No protocol specified
No protocol specified
No protocol specified
No protocol specified
No protocol specified
No protocol specified
No protocol specified
No protocol specified
No protocol specified
No protocol specified
No protocol specified
No protocol specified
No protocol specified
No protocol specified
No protocol specified
No protocol specified
No protocol specified
No protocol specified
No protocol specified
No protocol specified
No protocol specified
No protocol specified
No protocol specified
No protocol specified
No protocol specified
No protocol specified
No protocol specified
No protocol specified
No protocol specified
No protocol specified
No protocol specified
No protocol specified
No protocol specified
No protocol specified
No protocol specified
No protocol specified
No protocol specified
No protocol specified
No protocol specified
No protocol specified
No protocol specified
No protocol specified
No protocol specified
No protocol specified
No protocol specified
No protocol specified
No protocol specified
No protocol specified
No protocol specified
No protocol specified
No protocol specified
No protocol specified
No protocol specified
No protocol specified
No protocol specified
No protocol specified
No protocol specified
No protocol specified
No protocol specified
No protocol specified
No protocol specified
No protocol specified
No protocol specified
No protocol specified
No protocol specified
No protocol specified
No protocol specified
No protocol specified
No protocol specified
No protocol specified
No protocol specified
No protocol specified
No protocol specified
No protocol specified
No protocol specified
No protocol specified
No protocol specified
No protocol specified
No protocol specified
No protocol specified
No protocol specified
No protocol specified
No protocol specified
No protocol specified
No protocol specified
No protocol specified
No protocol specified
No protocol specified
No protocol specified
No protocol specified
No protocol specified
No protocol specified
No protocol specified
No protocol specified
No protocol specified
No protocol specified
No protocol specified
No protocol specified
No protocol specified
No protocol specified
No protocol specified
No protocol specified
No protocol specified
No protocol specified
No protocol specified
No protocol specified
No protocol specified
No protocol specified
No protocol specified
No protocol specified
No protocol specified
No protocol specified
No protocol specified
No protocol specified
No protocol specified
No protocol specified
No protocol specified
No protocol specified
No protocol specified
No protocol specified
No protocol specified
No protocol specified
No protocol specified
No protocol specified
No protocol specified
No protocol specified
No protocol specified
No protocol specified
No protocol specified
No protocol specified
No protocol specified
No protocol specified
No protocol specified
No protocol specified
No protocol specified
No protocol specified
No protocol specified
No protocol specified
No protocol specified
No protocol specified
No protocol specified
No protocol specified
No protocol specified
No protocol specified
No protocol specified
No protocol specified
No protocol specified
No protocol specified
No protocol specified
No protocol specified
No protocol specified
No protocol specified
No protocol specified
No protocol specified
No protocol specified
No protocol specified
No protocol specified
No protocol specified
No protocol specified
No protocol specified
No protocol specified
No protocol specified
No protocol specified
No protocol specified
No protocol specified
No protocol specified
No protocol specified
No protocol specified
No protocol specified
No protocol specified
No protocol specified
No protocol specified
No protocol specified
No protocol specified
No protocol specified
No protocol specified
No protocol specified
No protocol specified
No protocol specified
No protocol specified
No protocol specified
No protocol specified
No protocol specified
No protocol specified
No protocol specified
No protocol specified
No protocol specified
No protocol specified
No protocol specified
No protocol specified
No protocol specified
No protocol specified
No protocol specified
No protocol specified
No protocol specified
No protocol specified
No protocol specified
No protocol specified
No protocol specified
No protocol specified
No protocol specified
No protocol specified
No protocol specified
No protocol specified
No protocol specified
No protocol specified
No protocol specified
No protocol specified
No protocol specified
No protocol specified
No protocol specified
No protocol specified
No protocol specified
No protocol specified
No protocol specified
No protocol specified
No protocol specified
No protocol specified
No protocol specified
No protocol specified
No protocol specified
No protocol specified
No protocol specified
No protocol specified
No protocol specified
No protocol specified
No protocol specified
No protocol specified
No protocol specified
No protocol specified
No protocol specified
No protocol specified
No protocol specified
No protocol specified
No protocol specified
No protocol specified
No protocol specified
No protocol specified
No protocol specified
No protocol specified
No protocol specified
No protocol specified
No protocol specified
No protocol specified
No protocol specified
No protocol specified
No protocol specified
No protocol specified
No protocol specified
No protocol specified
No protocol specified
No protocol specified
No protocol specified
No protocol specified
No protocol specified
No protocol specified
No protocol specified
No protocol specified
No protocol specified
No protocol specified
No protocol specified
No protocol specified
No protocol specified
No protocol specified
No protocol specified
No protocol specified
No protocol specified
No protocol specified
No protocol specified
No protocol specified
No protocol specified
No protocol specified
No protocol specified
No protocol specified
No protocol specified
No protocol specified
No protocol specified
No protocol specified
No protocol specified
No protocol specified
No protocol specified
No protocol specified
No protocol specified
No protocol specified
No protocol specified
No protocol specified
No protocol specified
No protocol specified
No protocol specified
No protocol specified
No protocol specified
No protocol specified
No protocol specified
No protocol specified
No protocol specified
No protocol specified
No protocol specified
No protocol specified
No protocol specified
No protocol specified
No protocol specified
No protocol specified
No protocol specified
No protocol specified
No protocol specified
No protocol specified
No protocol specified
No protocol specified
No protocol specified
No protocol specified
No protocol specified
No protocol specified
No protocol specified
No protocol specified
No protocol specified
No protocol specified
No protocol specified
No protocol specified
No protocol specified
No protocol specified
No protocol specified
No protocol specified
No protocol specified
No protocol specified
No protocol specified
No protocol specified
No protocol specified
No protocol specified
No protocol specified
No protocol specified
No protocol specified
No protocol specified
No protocol specified
No protocol specified
No protocol specified
No protocol specified
No protocol specified
No protocol specified
No protocol specified
No protocol specified
No protocol specified
No protocol specified
No protocol specified
No protocol specified
No protocol specified
No protocol specified
No protocol specified
No protocol specified
No protocol specified
No protocol specified
No protocol specified
No protocol specified
No protocol specified
No protocol specified
No protocol specified
No protocol specified
No protocol specified
No protocol specified
No protocol specified
No protocol specified
No protocol specified
No protocol specified
No protocol specified
No protocol specified
No protocol specified
No protocol specified
No protocol specified
No protocol specified
No protocol specified
No protocol specified
No protocol specified
No protocol specified
No protocol specified
No protocol specified
No protocol specified
No protocol specified
No protocol specified
No protocol specified
No protocol specified
No protocol specified
No protocol specified
No protocol specified
No protocol specified
No protocol specified
No protocol specified
No protocol specified
No protocol specified
No protocol specified
No protocol specified
No protocol specified
No protocol specified
No protocol specified
No protocol specified
No protocol specified
No protocol specified
No protocol specified
No protocol specified
No protocol specified
No protocol specified
No protocol specified
No protocol specified
No protocol specified
No protocol specified
No protocol specified
No protocol specified
No protocol specified
No protocol specified
No protocol specified
No protocol specified
No protocol specified
No protocol specified
No protocol specified
No protocol specified
No protocol specified
No protocol specified
No protocol specified
No protocol specified
No protocol specified
No protocol specified
No protocol specified
No protocol specified
No protocol specified
No protocol specified
No protocol specified
No protocol specified
No protocol specified
No protocol specified
No protocol specified
No protocol specified
No protocol specified
No protocol specified
No protocol specified
No protocol specified
No protocol specified
No protocol specified
No protocol specified
No protocol specified
No protocol specified
No protocol specified
No protocol specified
No protocol specified
No protocol specified
No protocol specified
No protocol specified
No protocol specified
No protocol specified
No protocol specified
No protocol specified
No protocol specified
No protocol specified
No protocol specified
No protocol specified
No protocol specified
No protocol specified
No protocol specified
No protocol specified
No protocol specified
No protocol specified
No protocol specified
No protocol specified
No protocol specified
No protocol specified
No protocol specified
No protocol specified
No protocol specified
No protocol specified
No protocol specified
No protocol specified
No protocol specified
No protocol specified
No protocol specified
No protocol specified
No protocol specified
No protocol specified
No protocol specified
No protocol specified
No protocol specified
No protocol specified
No protocol specified
No protocol specified
No protocol specified
No protocol specified
No protocol specified
No protocol specified
No protocol specified
No protocol specified
No protocol specified
No protocol specified
No protocol specified
No protocol specified
No protocol specified
No protocol specified
No protocol specified
No protocol specified
No protocol specified
No protocol specified
No protocol specified
No protocol specified
No protocol specified
No protocol specified
No protocol specified
No protocol specified
No protocol specified
No protocol specified
No protocol specified
No protocol specified
No protocol specified
No protocol specified
No protocol specified
No protocol specified
No protocol specified
No protocol specified
No protocol specified
No protocol specified
No protocol specified
No protocol specified
No protocol specified
No protocol specified
No protocol specified
No protocol specified
No protocol specified
No protocol specified
No protocol specified
No protocol specified
No protocol specified
No protocol specified
No protocol specified
No protocol specified
No protocol specified
No protocol specified
No protocol specified
No protocol specified
No protocol specified
No protocol specified
No protocol specified
No protocol specified
No protocol specified
No protocol specified
No protocol specified
No protocol specified
No protocol specified
No protocol specified
No protocol specified
No protocol specified
No protocol specified
No protocol specified
No protocol specified
No protocol specified
No protocol specified
No protocol specified
No protocol specified
No protocol specified
No protocol specified
No protocol specified
No protocol specified
No protocol specified
No protocol specified
No protocol specified
No protocol specified
No protocol specified
No protocol specified
No protocol specified
No protocol specified
No protocol specified
No protocol specified
No protocol specified
No protocol specified
No protocol specified
No protocol specified
No protocol specified
No protocol specified
No protocol specified
No protocol specified
No protocol specified
No protocol specified
No protocol specified
No protocol specified
No protocol specified
No protocol specified
No protocol specified
No protocol specified
No protocol specified
No protocol specified
No protocol specified
No protocol specified
No protocol specified
No protocol specified
No protocol specified
No protocol specified
No protocol specified
No protocol specified
No protocol specified
No protocol specified
No protocol specified
No protocol specified
No protocol specified
No protocol specified
No protocol specified
No protocol specified
No protocol specified
No protocol specified
No protocol specified
No protocol specified
No protocol specified
No protocol specified
No protocol specified
No protocol specified
No protocol specified
No protocol specified
No protocol specified
No protocol specified
No protocol specified
No protocol specified
No protocol specified
No protocol specified
No protocol specified
No protocol specified
No protocol specified
No protocol specified
No protocol specified
No protocol specified
No protocol specified
No protocol specified
No protocol specified
No protocol specified
No protocol specified
No protocol specified
No protocol specified
No protocol specified
No protocol specified
No protocol specified
No protocol specified
No protocol specified
No protocol specified
No protocol specified
No protocol specified
No protocol specified
No protocol specified
No protocol specified
No protocol specified
No protocol specified
No protocol specified
No protocol specified
No protocol specified
No protocol specified
No protocol specified
No protocol specified
No protocol specified
No protocol specified
No protocol specified
No protocol specified
No protocol specified
No protocol specified
No protocol specified
No protocol specified
No protocol specified
No protocol specified
No protocol specified
No protocol specified
No protocol specified
No protocol specified
No protocol specified
No protocol specified
No protocol specified
No protocol specified
No protocol specified
No protocol specified
No protocol specified
No protocol specified
No protocol specified
No protocol specified
No protocol specified
No protocol specified
No protocol specified
No protocol specified
No protocol specified
No protocol specified
No protocol specified
No protocol specified
No protocol specified
No protocol specified
No protocol specified
No protocol specified
No protocol specified
No protocol specified
No protocol specified
No protocol specified
No protocol specified
No protocol specified
No protocol specified
No protocol specified
No protocol specified
No protocol specified
No protocol specified
No protocol specified
No protocol specified
No protocol specified
No protocol specified
No protocol specified
No protocol specified
No protocol specified
No protocol specified
No protocol specified
No protocol specified
No protocol specified
No protocol specified
No protocol specified
No protocol specified
No protocol specified
No protocol specified
No protocol specified
No protocol specified
No protocol specified
No protocol specified
No protocol specified
No protocol specified
No protocol specified
No protocol specified
No protocol specified
No protocol specified
No protocol specified
No protocol specified
No protocol specified
No protocol specified
No protocol specified
No protocol specified
No protocol specified
No protocol specified
No protocol specified
No protocol specified
No protocol specified
No protocol specified
No protocol specified
No protocol specified
No protocol specified
No protocol specified
No protocol specified
No protocol specified
No protocol specified
No protocol specified
No protocol specified
No protocol specified
No protocol specified
No protocol specified
No protocol specified
No protocol specified
No protocol specified
No protocol specified
No protocol specified
No protocol specified
No protocol specified
No protocol specified
No protocol specified
No protocol specified
No protocol specified
No protocol specified
No protocol specified
No protocol specified
No protocol specified
No protocol specified
No protocol specified
No protocol specified
No protocol specified
No protocol specified
No protocol specified
No protocol specified
No protocol specified
No protocol specified
No protocol specified
No protocol specified
No protocol specified
No protocol specified
No protocol specified
No protocol specified
No protocol specified
No protocol specified
No protocol specified
No protocol specified
No protocol specified
No protocol specified
No protocol specified
No protocol specified
No protocol specified
No protocol specified
No protocol specified
No protocol specified
No protocol specified
No protocol specified
No protocol specified
No protocol specified
No protocol specified
No protocol specified
No protocol specified
No protocol specified
No protocol specified
No protocol specified
No protocol specified
No protocol specified
No protocol specified
No protocol specified
No protocol specified
No protocol specified
No protocol specified
No protocol specified
No protocol specified
No protocol specified
No protocol specified
No protocol specified
No protocol specified
No protocol specified
No protocol specified
No protocol specified
No protocol specified
No protocol specified
No protocol specified
No protocol specified
No protocol specified
No protocol specified
No protocol specified
No protocol specified
No protocol specified
No protocol specified
No protocol specified
No protocol specified
No protocol specified
No protocol specified
No protocol specified
No protocol specified
No protocol specified
No protocol specified
No protocol specified
No protocol specified
No protocol specified
No protocol specified
No protocol specified
No protocol specified
No protocol specified
No protocol specified
No protocol specified
No protocol specified
No protocol specified
No protocol specified
No protocol specified
No protocol specified
No protocol specified
No protocol specified
No protocol specified
No protocol specified
No protocol specified
No protocol specified
No protocol specified
No protocol specified
No protocol specified
No protocol specified
No protocol specified
No protocol specified
No protocol specified
No protocol specified
No protocol specified
No protocol specified
No protocol specified
No protocol specified
No protocol specified
No protocol specified
No protocol specified
No protocol specified
No protocol specified
No protocol specified
No protocol specified
No protocol specified
No protocol specified
No protocol specified
No protocol specified
No protocol specified
No protocol specified
No protocol specified
No protocol specified
No protocol specified
No protocol specified
No protocol specified
No protocol specified
No protocol specified
No protocol specified
No protocol specified
No protocol specified
No protocol specified
No protocol specified
No protocol specified
No protocol specified
No protocol specified
No protocol specified
No protocol specified
No protocol specified
No protocol specified
No protocol specified
No protocol specified
No protocol specified
No protocol specified
No protocol specified
No protocol specified
No protocol specified
No protocol specified
No protocol specified
No protocol specified
No protocol specified
No protocol specified
No protocol specified
No protocol specified
No protocol specified
No protocol specified
No protocol specified
No protocol specified
No protocol specified
No protocol specified
No protocol specified
No protocol specified
No protocol specified
No protocol specified
No protocol specified
No protocol specified
No protocol specified
No protocol specified
No protocol specified
No protocol specified
No protocol specified
No protocol specified
No protocol specified
No protocol specified
No protocol specified
No protocol specified
No protocol specified
No protocol specified
No protocol specified
No protocol specified
No protocol specified
No protocol specified
No protocol specified
No protocol specified
No protocol specified
No protocol specified
No protocol specified
No protocol specified
No protocol specified
No protocol specified
No protocol specified
No protocol specified
No protocol specified
No protocol specified
No protocol specified
No protocol specified
No protocol specified
No protocol specified
No protocol specified
No protocol specified
No protocol specified
No protocol specified
No protocol specified
No protocol specified
No protocol specified
No protocol specified
No protocol specified
No protocol specified
No protocol specified
No protocol specified
No protocol specified
No protocol specified
No protocol specified
No protocol specified
No protocol specified
No protocol specified
No protocol specified
No protocol specified
No protocol specified
No protocol specified
No protocol specified
No protocol specified
No protocol specified
No protocol specified
No protocol specified
No protocol specified
No protocol specified
No protocol specified
No protocol specified
No protocol specified
No protocol specified
No protocol specified
No protocol specified
No protocol specified
No protocol specified
No protocol specified
No protocol specified
No protocol specified
No protocol specified
No protocol specified
No protocol specified
No protocol specified
No protocol specified
No protocol specified
No protocol specified
No protocol specified
No protocol specified
No protocol specified
No protocol specified
No protocol specified
No protocol specified
No protocol specified
No protocol specified
No protocol specified
No protocol specified
No protocol specified
No protocol specified
No protocol specified
No protocol specified
No protocol specified
No protocol specified
No protocol specified
No protocol specified
No protocol specified
No protocol specified
No protocol specified
No protocol specified
No protocol specified
No protocol specified
No protocol specified
No protocol specified
No protocol specified
No protocol specified
No protocol specified
No protocol specified
No protocol specified
No protocol specified
No protocol specified
No protocol specified
No protocol specified
No protocol specified
No protocol specified
No protocol specified
No protocol specified
No protocol specified
No protocol specified
No protocol specified
No protocol specified
No protocol specified
No protocol specified
No protocol specified
No protocol specified
No protocol specified
No protocol specified
No protocol specified
No protocol specified
No protocol specified
No protocol specified
No protocol specified
No protocol specified
No protocol specified
No protocol specified
No protocol specified
No protocol specified
No protocol specified
No protocol specified
No protocol specified
No protocol specified
No protocol specified
No protocol specified
No protocol specified
No protocol specified
No protocol specified
No protocol specified
No protocol specified
No protocol specified
No protocol specified
No protocol specified
No protocol specified
No protocol specified
No protocol specified
No protocol specified
No protocol specified
No protocol specified
No protocol specified
No protocol specified
No protocol specified
No protocol specified
No protocol specified
No protocol specified
No protocol specified
No protocol specified
No protocol specified
No protocol specified
No protocol specified
No protocol specified
No protocol specified
No protocol specified
No protocol specified
No protocol specified
No protocol specified
No protocol specified
No protocol specified
No protocol specified
No protocol specified
No protocol specified
No protocol specified
No protocol specified
No protocol specified
No protocol specified
No protocol specified
No protocol specified
No protocol specified
No protocol specified
No protocol specified
No protocol specified
No protocol specified
No protocol specified
No protocol specified
No protocol specified
No protocol specified
No protocol specified
No protocol specified
No protocol specified
No protocol specified
No protocol specified
No protocol specified
No protocol specified
No protocol specified
No protocol specified
No protocol specified
No protocol specified
No protocol specified
No protocol specified
No protocol specified
No protocol specified
No protocol specified
No protocol specified
No protocol specified
No protocol specified
No protocol specified
No protocol specified
No protocol specified
No protocol specified
No protocol specified
No protocol specified
No protocol specified
No protocol specified
No protocol specified
No protocol specified
No protocol specified
No protocol specified
No protocol specified
No protocol specified
No protocol specified
No protocol specified
No protocol specified
No protocol specified
No protocol specified
No protocol specified
No protocol specified
No protocol specified
No protocol specified
No protocol specified
No protocol specified
No protocol specified
No protocol specified
No protocol specified
No protocol specified
No protocol specified
No protocol specified
No protocol specified
No protocol specified
No protocol specified
No protocol specified
No protocol specified
No protocol specified
No protocol specified
No protocol specified
No protocol specified
No protocol specified
No protocol specified
No protocol specified
No protocol specified
No protocol specified
No protocol specified
No protocol specified
No protocol specified
No protocol specified
No protocol specified
No protocol specified
No protocol specified
No protocol specified
No protocol specified
No protocol specified
No protocol specified
No protocol specified
No protocol specified
No protocol specified
No protocol specified
No protocol specified
No protocol specified
No protocol specified
No protocol specified
No protocol specified
No protocol specified
No protocol specified
No protocol specified
No protocol specified
No protocol specified
No protocol specified
No protocol specified
No protocol specified
No protocol specified
No protocol specified
No protocol specified
No protocol specified
No protocol specified
No protocol specified
No protocol specified
No protocol specified
No protocol specified
No protocol specified
No protocol specified
No protocol specified
No protocol specified
No protocol specified
No protocol specified
No protocol specified
No protocol specified
No protocol specified
No protocol specified
No protocol specified
No protocol specified
No protocol specified
No protocol specified
No protocol specified
No protocol specified
No protocol specified
No protocol specified
No protocol specified
No protocol specified
No protocol specified
No protocol specified
No protocol specified
No protocol specified
No protocol specified
No protocol specified
No protocol specified
No protocol specified
No protocol specified
No protocol specified
No protocol specified
No protocol specified
No protocol specified
No protocol specified
No protocol specified
No protocol specified
No protocol specified
No protocol specified
No protocol specified
No protocol specified
No protocol specified
No protocol specified
No protocol specified
No protocol specified
No protocol specified
No protocol specified
No protocol specified
No protocol specified
No protocol specified
No protocol specified
No protocol specified
No protocol specified
No protocol specified
No protocol specified
No protocol specified
No protocol specified
No protocol specified
No protocol specified
No protocol specified
No protocol specified
No protocol specified
No protocol specified
No protocol specified
No protocol specified
No protocol specified
No protocol specified
No protocol specified
No protocol specified
No protocol specified
No protocol specified
No protocol specified
No protocol specified
No protocol specified
No protocol specified
No protocol specified
No protocol specified
No protocol specified
No protocol specified
No protocol specified
No protocol specified
No protocol specified
No protocol specified
No protocol specified
No protocol specified
No protocol specified
No protocol specified
No protocol specified
No protocol specified
No protocol specified
No protocol specified
No protocol specified
No protocol specified
No protocol specified
No protocol specified
No protocol specified
No protocol specified
No protocol specified
No protocol specified
No protocol specified
No protocol specified
No protocol specified
No protocol specified
No protocol specified
No protocol specified
No protocol specified
No protocol specified
No protocol specified
No protocol specified
No protocol specified
No protocol specified
No protocol specified
No protocol specified
No protocol specified
No protocol specified
No protocol specified
No protocol specified
No protocol specified
No protocol specified
No protocol specified
No protocol specified
No protocol specified
No protocol specified
No protocol specified
No protocol specified
No protocol specified
No protocol specified
No protocol specified
No protocol specified
No protocol specified
No protocol specified
No protocol specified
No protocol specified
No protocol specified
No protocol specified
No protocol specified
No protocol specified
No protocol specified
No protocol specified
No protocol specified
No protocol specified
No protocol specified
No protocol specified
No protocol specified
No protocol specified
No protocol specified
No protocol specified
No protocol specified
No protocol specified
No protocol specified
No protocol specified
No protocol specified
No protocol specified
No protocol specified
No protocol specified
No protocol specified
No protocol specified
No protocol specified
No protocol specified
No protocol specified
No protocol specified
No protocol specified
No protocol specified
No protocol specified
No protocol specified
No protocol specified
No protocol specified
No protocol specified
No protocol specified
No protocol specified
No protocol specified
No protocol specified
No protocol specified
No protocol specified
No protocol specified
No protocol specified
No protocol specified
No protocol specified
No protocol specified
No protocol specified
No protocol specified
No protocol specified
No protocol specified
No protocol specified
No protocol specified
No protocol specified
No protocol specified
No protocol specified
No protocol specified
No protocol specified
No protocol specified
No protocol specified
No protocol specified
No protocol specified
No protocol specified
No protocol specified
No protocol specified
No protocol specified
No protocol specified
No protocol specified
No protocol specified
No protocol specified
No protocol specified
No protocol specified
No protocol specified
No protocol specified
No protocol specified
No protocol specified
No protocol specified
No protocol specified
No protocol specified
No protocol specified
No protocol specified
No protocol specified
No protocol specified
No protocol specified
No protocol specified
No protocol specified
No protocol specified
No protocol specified
No protocol specified
No protocol specified
No protocol specified
No protocol specified
No protocol specified
No protocol specified
No protocol specified
No protocol specified
No protocol specified
No protocol specified
No protocol specified
No protocol specified
No protocol specified
No protocol specified
No protocol specified
No protocol specified
No protocol specified
No protocol specified
No protocol specified
No protocol specified
No protocol specified
No protocol specified
No protocol specified
No protocol specified
No protocol specified
No protocol specified
No protocol specified
No protocol specified
No protocol specified
No protocol specified
No protocol specified
No protocol specified
No protocol specified
No protocol specified
No protocol specified
No protocol specified
No protocol specified
No protocol specified
No protocol specified
No protocol specified
No protocol specified
No protocol specified
No protocol specified
No protocol specified
No protocol specified
No protocol specified
No protocol specified
No protocol specified
No protocol specified
No protocol specified
No protocol specified
No protocol specified
No protocol specified
No protocol specified
No protocol specified
No protocol specified
No protocol specified
No protocol specified
No protocol specified
No protocol specified
No protocol specified
No protocol specified
No protocol specified
No protocol specified
No protocol specified
No protocol specified
No protocol specified
No protocol specified
No protocol specified
No protocol specified
No protocol specified
No protocol specified
No protocol specified
No protocol specified
No protocol specified
No protocol specified
No protocol specified
No protocol specified
No protocol specified
No protocol specified
No protocol specified
No protocol specified
No protocol specified
No protocol specified
No protocol specified
No protocol specified
No protocol specified
No protocol specified
No protocol specified
No protocol specified
No protocol specified
No protocol specified
No protocol specified
No protocol specified
No protocol specified
No protocol specified
No protocol specified
No protocol specified
No protocol specified
No protocol specified
No protocol specified
No protocol specified
No protocol specified
No protocol specified
No protocol specified
No protocol specified
No protocol specified
No protocol specified
No protocol specified
No protocol specified
No protocol specified
No protocol specified
No protocol specified
No protocol specified
No protocol specified
No protocol specified
No protocol specified
No protocol specified
No protocol specified
No protocol specified
No protocol specified
No protocol specified
No protocol specified
No protocol specified
No protocol specified
No protocol specified
No protocol specified
No protocol specified
No protocol specified
No protocol specified
No protocol specified
No protocol specified
No protocol specified
No protocol specified
No protocol specified
No protocol specified
No protocol specified
No protocol specified
No protocol specified
No protocol specified
No protocol specified
No protocol specified
No protocol specified
No protocol specified
No protocol specified
No protocol specified
No protocol specified
No protocol specified
No protocol specified
No protocol specified
No protocol specified
No protocol specified
No protocol specified
No protocol specified
No protocol specified
No protocol specified
No protocol specified
No protocol specified
No protocol specified
No protocol specified
No protocol specified
No protocol specified
No protocol specified
No protocol specified
No protocol specified
No protocol specified
No protocol specified
No protocol specified
No protocol specified
No protocol specified
No protocol specified
No protocol specified
No protocol specified
No protocol specified
No protocol specified
No protocol specified
No protocol specified
No protocol specified
No protocol specified
No protocol specified
No protocol specified
No protocol specified
No protocol specified
No protocol specified
No protocol specified
No protocol specified
No protocol specified
No protocol specified
No protocol specified
No protocol specified
No protocol specified
No protocol specified
No protocol specified
No protocol specified
No protocol specified
No protocol specified
No protocol specified
No protocol specified
No protocol specified
No protocol specified
No protocol specified
No protocol specified
No protocol specified
No protocol specified
No protocol specified
No protocol specified
No protocol specified
No protocol specified
No protocol specified
No protocol specified
No protocol specified
No protocol specified
No protocol specified
No protocol specified
No protocol specified
No protocol specified
No protocol specified
No protocol specified
No protocol specified
No protocol specified
No protocol specified
No protocol specified
No protocol specified
No protocol specified
No protocol specified
No protocol specified
No protocol specified
No protocol specified
No protocol specified
No protocol specified
No protocol specified
No protocol specified
No protocol specified
No protocol specified
No protocol specified
No protocol specified
No protocol specified
No protocol specified
No protocol specified
No protocol specified
No protocol specified
No protocol specified
No protocol specified
No protocol specified
No protocol specified
No protocol specified
No protocol specified
No protocol specified
No protocol specified
No protocol specified
No protocol specified
No protocol specified
No protocol specified
No protocol specified
No protocol specified
No protocol specified
No protocol specified
No protocol specified
No protocol specified
No protocol specified
No protocol specified
No protocol specified
No protocol specified
No protocol specified
No protocol specified
No protocol specified
No protocol specified
No protocol specified
No protocol specified
No protocol specified
No protocol specified
No protocol specified
No protocol specified
No protocol specified
No protocol specified
No protocol specified
No protocol specified
No protocol specified
No protocol specified
No protocol specified
No protocol specified
No protocol specified
No protocol specified
No protocol specified
No protocol specified
No protocol specified
No protocol specified
No protocol specified
No protocol specified
No protocol specified
No protocol specified
No protocol specified
No protocol specified
No protocol specified
No protocol specified
No protocol specified
No protocol specified
No protocol specified
No protocol specified
No protocol specified
No protocol specified
No protocol specified
No protocol specified
No protocol specified
No protocol specified
No protocol specified
No protocol specified
No protocol specified
No protocol specified
No protocol specified
No protocol specified
No protocol specified
No protocol specified
No protocol specified
No protocol specified
No protocol specified
No protocol specified
No protocol specified
No protocol specified
No protocol specified
No protocol specified
No protocol specified
No protocol specified
No protocol specified
No protocol specified
No protocol specified
No protocol specified
No protocol specified
No protocol specified
No protocol specified
No protocol specified
No protocol specified
No protocol specified
No protocol specified
No protocol specified
No protocol specified
No protocol specified
No protocol specified
No protocol specified
No protocol specified
No protocol specified
No protocol specified
No protocol specified
No protocol specified
No protocol specified
No protocol specified
No protocol specified
No protocol specified
No protocol specified
No protocol specified
No protocol specified
No protocol specified
No protocol specified
No protocol specified
No protocol specified
No protocol specified
No protocol specified
No protocol specified
No protocol specified
No protocol specified
No protocol specified
No protocol specified
No protocol specified
No protocol specified
No protocol specified
No protocol specified
No protocol specified
No protocol specified
No protocol specified
No protocol specified
No protocol specified
No protocol specified
No protocol specified
No protocol specified
No protocol specified
No protocol specified
No protocol specified
No protocol specified
No protocol specified
No protocol specified
No protocol specified
No protocol specified
No protocol specified
No protocol specified
No protocol specified
No protocol specified
No protocol specified
No protocol specified
No protocol specified
No protocol specified
No protocol specified
No protocol specified
No protocol specified
No protocol specified
No protocol specified
No protocol specified
No protocol specified
No protocol specified
No protocol specified
No protocol specified
]]></system-err>
  </testcase>
</testsuite>