<?xml version="1.0" encoding="UTF-8"?>
<!-- Generated by org.testng.reporters.JUnitReportReporter -->
<testsuite name="com.banking.testcase.TC_AddCustomerTest_003" tests="1" time="25.890" ignored="0" failures="0" timestamp="26 Jun 2020 10:42:48 GMT" skipped="0" hostname="summi-ideapad" errors="0">
  <testcase name="addnewcustomer" time="25.890" classname="com.banking.testcase.TC_AddCustomerTest_003"/>
</testsuite> <!-- com.banking.testcase.TC_AddCustomerTest_003 -->
