<?xml version="1.0" encoding="UTF-8"?>
<!-- Generated by org.testng.reporters.JUnitReportReporter -->
<testsuite hostname="summi-ideapad" name="com.pract.excel" tests="1" failures="0" timestamp="17 Jun 2020 08:46:13 GMT" time="0.991" errors="0">
  <testcase name="getdata" time="0.991" classname="com.pract.excel"/>
</testsuite> <!-- com.pract.excel -->
