<?xml version="1.0" encoding="UTF-8"?>
<!-- Generated by org.testng.reporters.JUnitReportReporter -->
<testsuite hostname="summi-ideapad" name="com.banking.pageobjects.test" tests="1" failures="0" timestamp="8 Jun 2020 12:12:13 GMT" time="0.012" errors="0">
  <testcase name="test" time="0.012" classname="com.banking.pageobjects.test"/>
</testsuite> <!-- com.banking.pageobjects.test -->
