<?xml version="1.0" encoding="UTF-8"?>
<!-- Generated by org.testng.reporters.JUnitReportReporter -->
<testsuite name="com.banking.testcase.TC_LoginTest_001" tests="2" time="5.974" ignored="0" failures="0" timestamp="26 Jun 2020 10:36:48 GMT" skipped="0" hostname="summi-ideapad" errors="0">
  <testcase name="logintest" time="2.941" classname="com.banking.testcase.TC_LoginTest_001"/>
  <testcase name="verify" time="3.033" classname="com.banking.testcase.TC_LoginTest_001"/>
</testsuite> <!-- com.banking.testcase.TC_LoginTest_001 -->
